#
# A fatal error has been detected by the Java Runtime Environment:
#
#  SIGSEGV (0xb) at pc=0x00007f842125d7f6, pid=25948, tid=26098
#
# JRE version: OpenJDK Runtime Environment (17.0.9+9) (build 17.0.9+9-Ubuntu-120.04)
# Java VM: OpenJDK 64-Bit Server VM (17.0.9+9-Ubuntu-120.04, mixed mode, sharing, tiered, compressed oops, compressed class ptrs, g1 gc, linux-amd64)
# Problematic frame:
# C  [libnvwgf2umx.so+0x2ada7f6]
#
# No core dump will be written. Core dumps have been disabled. To enable core dumping, try "ulimit -c unlimited" before starting Java again
#
# If you would like to submit a bug report, please visit:
#   Unknown
#

---------------  S U M M A R Y ------------

Command Line: -agentlib:jdwp=transport=dt_socket,server=n,suspend=y,address=localhost:36937 -XX:+ShowCodeDetailsInExceptionMessages com.scc210groupproject.App

Host: AMD Ryzen 7 5800H with Radeon Graphics, 16 cores, 6G, Ubuntu 20.04.6 LTS
Time: Tue Feb 20 16:09:33 2024 GMT elapsed time: 79.001904 seconds (0d 0h 1m 19s)

---------------  T H R E A D  ---------------

Current thread is native thread

Stack: [0x00007f84b401a000,0x00007f84b481a000],  sp=0x00007f84b4818e40,  free space=8187k
Native frames: (J=compiled Java code, j=interpreted, Vv=VM code, C=native code)
C  [libnvwgf2umx.so+0x2ada7f6]


siginfo: si_signo: 11 (SIGSEGV), si_code: 1 (SEGV_MAPERR), si_addr: 0x00007f850400b000

Registers:
RAX=0x0000000000000028, RBX=0x00007f842c1e9060, RCX=0x00007f842c1c7e01, RDX=0x00007f84b4818e50
RSP=0x00007f84b4818e40, RBP=0x0000000000000000, RSI=0x00007f842c1e9060, RDI=0x00007f842c16d0c0
R8 =0x00007f842c16d0c0, R9 =0x00007ffd897e1080, R10=0x00007f84b4818e30, R11=0x0000000000000000
R12=0x00007f84b4818ea7, R13=0x0000000000000000, R14=0x00007f850400b000, R15=0x0000000000000000
RIP=0x00007f842125d7f6, EFLAGS=0x0000000000010246, CSGSFS=0x002b000000000033, ERR=0x0000000000000004
  TRAPNO=0x000000000000000e


Top of Stack: (sp=0x00007f84b4818e40)
0x00007f84b4818e40:   00007f842c16d0c0 2c1c7e01000729b3
0x00007f84b4818e50:   00007f842c16d1e0 00007f84b4818e50
0x00007f84b4818e60:   00007f84b4818ea7 00007f842c16d0c0
0x00007f84b4818e70:   00007f842c1e9060 00007f84b4818ea7
0x00007f84b4818e80:   00007f842c16d1e0 00007f84b4818ea6
0x00007f84b4818e90:   0000000000000000 00007f842125c11e
0x00007f84b4818ea0:   0000000000000000 0000000000000000
0x00007f84b4818eb0:   0000000000000000 0000000000000000
0x00007f84b4818ec0:   00007f850450f1ee 00007f850450f1ef
0x00007f84b4818ed0:   00007f850450f278 00007f84b4818fc0
0x00007f84b4818ee0:   0000000000000000 00007f842125c096
0x00007f84b4818ef0:   00007f84b4819700 00007f8538826609
0x00007f84b4818f00:   0000000000000000 00007f84b4819700
0x00007f84b4818f10:   00007f84b4819700 b11dc4134184011c
0x00007f84b4818f20:   00007f850450f1ee 00007f850450f1ef
0x00007f84b4818f30:   00007f850450f278 00007f84b4818fc0
0x00007f84b4818f40:   4e14ad105f84011c 4e17b5178ae6011c
0x00007f84b4818f50:   0000000000000000 0000000000000000
0x00007f84b4818f60:   0000000000000000 0000000000000000
0x00007f84b4818f70:   0000000000000000 0000000000000000
0x00007f84b4818f80:   0000000000000000 0000000000000000
0x00007f84b4818f90:   0000000000000000 0b65bb25c6620500
0x00007f84b4818fa0:   00007f84b4819700 0000000000000000
0x00007f84b4818fb0:   00007f850450f1ee 00007f8538745353
0x00007f84b4818fc0:   0000000000000000 0000000000000000
0x00007f84b4818fd0:   0000000000000000 0000000000000000
0x00007f84b4818fe0:   0000000000000000 0000000000000000
0x00007f84b4818ff0:   0000000000000000 0000000000000000
0x00007f84b4819000:   0000000000000000 0000000000000000
0x00007f84b4819010:   0000000000000000 0000000000000000
0x00007f84b4819020:   0000000000000000 0000000000000000
0x00007f84b4819030:   0000000000000000 0000000000000000 

Instructions: (pc=0x00007f842125d7f6)
0x00007f842125d6f6:   8d 7c 24 30 e8 01 cf a7 fe 4c 89 ff e8 f9 ce a7
0x00007f842125d706:   fe 48 8b 44 24 38 48 81 c4 88 00 00 00 5b 41 5c
0x00007f842125d716:   41 5d 41 5e 41 5f 5d c3 eb 0a eb 37 eb 35 eb 44
0x00007f842125d726:   eb 02 eb 2f 48 89 c3 48 8d 7c 24 30 e8 c9 ce a7
0x00007f842125d736:   fe eb 23 eb 1e 48 89 c3 48 8d 7c 24 30 e8 b8 ce
0x00007f842125d746:   a7 fe eb 03 48 89 c3 48 8d 7c 24 48 e8 a9 ce a7
0x00007f842125d756:   fe eb 03 48 89 c3 48 8d 7c 24 40 e8 9a ce a7 fe
0x00007f842125d766:   eb 05 eb 00 48 89 c3 48 8b 7c 24 38 e8 89 ce a7
0x00007f842125d776:   fe 48 89 df e8 f1 81 90 fe cc 55 41 57 41 56 41
0x00007f842125d786:   55 41 54 53 48 83 ec 28 f6 47 28 10 0f 84 5d 01
0x00007f842125d796:   00 00 48 89 f3 8b 46 10 85 c0 0f 84 4f 01 00 00
0x00007f842125d7a6:   49 89 d4 49 89 f8 4c 8b 73 28 b1 01 89 4c 24 0c
0x00007f842125d7b6:   45 31 ff 48 8d 54 24 10 45 31 ed 4c 89 64 24 20
0x00007f842125d7c6:   48 89 3c 24 48 89 54 24 18 eb 25 90 90 90 90 90
0x00007f842125d7d6:   90 90 90 90 90 90 90 90 90 90 8b 43 10 49 83 c5
0x00007f842125d7e6:   01 89 c1 41 83 c7 01 49 39 cd 0f 83 ff 00 00 00
0x00007f842125d7f6:   43 8b 0c ae 0f b7 c9 42 3b 8c ab 4c 04 00 00 74
0x00007f842125d806:   dc 42 89 8c ab 4c 04 00 00 8b 4b 0c 85 c9 74 cd
0x00007f842125d816:   31 ed eb 1e 8b 73 04 4c 89 c7 44 89 ea 89 e9 e8
0x00007f842125d826:   a6 58 06 00 4c 8b 04 24 83 c5 01 8b 4b 0c 39 cd
0x00007f842125d836:   73 a8 41 0f af cf 01 e9 41 0f b6 84 0e 80 90 00
0x00007f842125d846:   00 24 7f 8d 50 e0 80 fa 15 72 0a 89 c2 80 ca 01
0x00007f842125d856:   80 fa 07 75 d3 48 8b 93 50 08 00 00 3a 04 0a 74
0x00007f842125d866:   c7 88 04 0a 41 c6 04 24 01 41 80 78 2d 00 75 a4
0x00007f842125d876:   f6 44 24 0c 01 75 09 41 f6 40 28 20 75 aa eb 33
0x00007f842125d886:   4c 8d 64 24 10 4c 89 e7 4c 89 c6 48 89 da e8 07
0x00007f842125d896:   47 06 00 48 8b 3c 24 4c 89 e6 e8 fb dc ff ff 4c
0x00007f842125d8a6:   89 e7 e8 53 cd a7 fe c7 44 24 0c 00 00 00 00 4c
0x00007f842125d8b6:   8b 04 24 8b 53 04 45 0f b6 48 2c 4c 8d 64 24 10
0x00007f842125d8c6:   4c 89 e7 4c 89 c6 44 89 e9 41 89 e8 e8 e9 46 06
0x00007f842125d8d6:   00 48 8b 3c 24 4c 89 e6 e8 bd dc ff ff 4c 89 e7
0x00007f842125d8e6:   e8 15 cd a7 fe 4c 8b 64 24 20 e9 35 ff ff ff 48 



---------------  P R O C E S S  ---------------

VM state: not at safepoint (normal execution)

VM Mutex/Monitor currently owned by a thread: None

Heap address: 0x0000000094c00000, size: 1716 MB, Compressed Oops mode: 32-bit

CDS archive(s) mapped at: [0x00007f84b7000000-0x00007f84b7bc6000-0x00007f84b7bc6000), size 12345344, SharedBaseAddress: 0x00007f84b7000000, ArchiveRelocationMode: 1.
Compressed class space mapped at: 0x00007f84b8000000-0x00007f84f8000000, reserved size: 1073741824
Narrow klass base: 0x00007f84b7000000, Narrow klass shift: 0, Narrow klass range: 0x100000000

GC Precious Log:
<Skipped>

Heap:
 garbage-first heap   total 167936K, used 66799K [0x0000000094c00000, 0x0000000100000000)
  region size 1024K, 24 young (24576K), 5 survivors (5120K)
 Metaspace       used 25060K, committed 25344K, reserved 1114112K
  class space    used 3049K, committed 3200K, reserved 1048576K

Heap Regions: E=young(eden), S=young(survivor), O=old, HS=humongous(starts), HC=humongous(continues), CS=collection set, F=free, OA=open archive, CA=closed archive, TAMS=top-at-mark-start (previous, next)
|   0|0x0000000094c00000, 0x0000000094d00000, 0x0000000094d00000|100%| O|  |TAMS 0x0000000094d00000, 0x0000000094c00000| Untracked 
|   1|0x0000000094d00000, 0x0000000094e00000, 0x0000000094e00000|100%| O|  |TAMS 0x0000000094e00000, 0x0000000094d00000| Untracked 
|   2|0x0000000094e00000, 0x0000000094f00000, 0x0000000094f00000|100%| O|  |TAMS 0x0000000094f00000, 0x0000000094e00000| Untracked 
|   3|0x0000000094f00000, 0x0000000095000000, 0x0000000095000000|100%| O|  |TAMS 0x0000000095000000, 0x0000000094f00000| Untracked 
|   4|0x0000000095000000, 0x0000000095100000, 0x0000000095100000|100%| O|  |TAMS 0x0000000095100000, 0x0000000095000000| Untracked 
|   5|0x0000000095100000, 0x0000000095200000, 0x0000000095200000|100%|HS|  |TAMS 0x0000000095200000, 0x0000000095100000| Complete 
|   6|0x0000000095200000, 0x0000000095300000, 0x0000000095300000|100%|HC|  |TAMS 0x0000000095300000, 0x0000000095200000| Complete 
|   7|0x0000000095300000, 0x0000000095400000, 0x0000000095400000|100%|HC|  |TAMS 0x0000000095400000, 0x0000000095300000| Complete 
|   8|0x0000000095400000, 0x0000000095500000, 0x0000000095500000|100%|HC|  |TAMS 0x0000000095500000, 0x0000000095400000| Complete 
|   9|0x0000000095500000, 0x0000000095600000, 0x0000000095600000|100%|HC|  |TAMS 0x0000000095600000, 0x0000000095500000| Complete 
|  10|0x0000000095600000, 0x0000000095700000, 0x0000000095700000|100%|HC|  |TAMS 0x0000000095700000, 0x0000000095600000| Complete 
|  11|0x0000000095700000, 0x0000000095800000, 0x0000000095800000|100%|HC|  |TAMS 0x0000000095800000, 0x0000000095700000| Complete 
|  12|0x0000000095800000, 0x0000000095900000, 0x0000000095900000|100%|HC|  |TAMS 0x0000000095900000, 0x0000000095800000| Complete 
|  13|0x0000000095900000, 0x0000000095a00000, 0x0000000095a00000|100%|HS|  |TAMS 0x0000000095a00000, 0x0000000095900000| Complete 
|  14|0x0000000095a00000, 0x0000000095b00000, 0x0000000095b00000|100%|HC|  |TAMS 0x0000000095b00000, 0x0000000095a00000| Complete 
|  15|0x0000000095b00000, 0x0000000095c00000, 0x0000000095c00000|100%|HC|  |TAMS 0x0000000095c00000, 0x0000000095b00000| Complete 
|  16|0x0000000095c00000, 0x0000000095d00000, 0x0000000095d00000|100%|HS|  |TAMS 0x0000000095d00000, 0x0000000095c00000| Complete 
|  17|0x0000000095d00000, 0x0000000095e00000, 0x0000000095e00000|100%|HC|  |TAMS 0x0000000095e00000, 0x0000000095d00000| Complete 
|  18|0x0000000095e00000, 0x0000000095f00000, 0x0000000095f00000|100%|HC|  |TAMS 0x0000000095f00000, 0x0000000095e00000| Complete 
|  19|0x0000000095f00000, 0x0000000096000000, 0x0000000096000000|100%|HC|  |TAMS 0x0000000096000000, 0x0000000095f00000| Complete 
|  20|0x0000000096000000, 0x0000000096100000, 0x0000000096100000|100%|HC|  |TAMS 0x0000000096100000, 0x0000000096000000| Complete 
|  21|0x0000000096100000, 0x0000000096200000, 0x0000000096200000|100%|HC|  |TAMS 0x0000000096200000, 0x0000000096100000| Complete 
|  22|0x0000000096200000, 0x0000000096300000, 0x0000000096300000|100%|HC|  |TAMS 0x0000000096300000, 0x0000000096200000| Complete 
|  23|0x0000000096300000, 0x0000000096300000, 0x0000000096400000|  0%| F|  |TAMS 0x0000000096300000, 0x0000000096300000| Untracked 
|  24|0x0000000096400000, 0x0000000096500000, 0x0000000096500000|100%|HS|  |TAMS 0x0000000096500000, 0x0000000096400000| Complete 
|  25|0x0000000096500000, 0x0000000096600000, 0x0000000096600000|100%|HC|  |TAMS 0x0000000096600000, 0x0000000096500000| Complete 
|  26|0x0000000096600000, 0x0000000096700000, 0x0000000096700000|100%|HC|  |TAMS 0x0000000096700000, 0x0000000096600000| Complete 
|  27|0x0000000096700000, 0x0000000096800000, 0x0000000096800000|100%|HC|  |TAMS 0x0000000096800000, 0x0000000096700000| Complete 
|  28|0x0000000096800000, 0x0000000096900000, 0x0000000096900000|100%|HC|  |TAMS 0x0000000096900000, 0x0000000096800000| Complete 
|  29|0x0000000096900000, 0x0000000096a00000, 0x0000000096a00000|100%|HC|  |TAMS 0x0000000096a00000, 0x0000000096900000| Complete 
|  30|0x0000000096a00000, 0x0000000096b00000, 0x0000000096b00000|100%|HC|  |TAMS 0x0000000096b00000, 0x0000000096a00000| Complete 
|  31|0x0000000096b00000, 0x0000000096c00000, 0x0000000096c00000|100%|HC|  |TAMS 0x0000000096c00000, 0x0000000096b00000| Complete 
|  32|0x0000000096c00000, 0x0000000096c00000, 0x0000000096d00000|  0%| F|  |TAMS 0x0000000096c00000, 0x0000000096c00000| Untracked 
|  33|0x0000000096d00000, 0x0000000096d00000, 0x0000000096e00000|  0%| F|  |TAMS 0x0000000096d00000, 0x0000000096d00000| Untracked 
|  34|0x0000000096e00000, 0x0000000096e00000, 0x0000000096f00000|  0%| F|  |TAMS 0x0000000096e00000, 0x0000000096e00000| Untracked 
|  35|0x0000000096f00000, 0x0000000096f00000, 0x0000000097000000|  0%| F|  |TAMS 0x0000000096f00000, 0x0000000096f00000| Untracked 
|  36|0x0000000097000000, 0x0000000097000000, 0x0000000097100000|  0%| F|  |TAMS 0x0000000097000000, 0x0000000097000000| Untracked 
|  37|0x0000000097100000, 0x0000000097100000, 0x0000000097200000|  0%| F|  |TAMS 0x0000000097100000, 0x0000000097100000| Untracked 
|  38|0x0000000097200000, 0x0000000097200000, 0x0000000097300000|  0%| F|  |TAMS 0x0000000097200000, 0x0000000097200000| Untracked 
|  39|0x0000000097300000, 0x0000000097300000, 0x0000000097400000|  0%| F|  |TAMS 0x0000000097300000, 0x0000000097300000| Untracked 
|  40|0x0000000097400000, 0x0000000097500000, 0x0000000097500000|100%| O|  |TAMS 0x0000000097500000, 0x0000000097400000| Untracked 
|  41|0x0000000097500000, 0x00000000975f8a00, 0x0000000097600000| 97%| O|  |TAMS 0x00000000975f8a00, 0x0000000097500000| Untracked 
|  42|0x0000000097600000, 0x0000000097700000, 0x0000000097700000|100%|HS|  |TAMS 0x0000000097700000, 0x0000000097600000| Complete 
|  43|0x0000000097700000, 0x0000000097800000, 0x0000000097800000|100%|HC|  |TAMS 0x0000000097800000, 0x0000000097700000| Complete 
|  44|0x0000000097800000, 0x0000000097900000, 0x0000000097900000|100%|HC|  |TAMS 0x0000000097900000, 0x0000000097800000| Complete 
|  45|0x0000000097900000, 0x0000000097a00000, 0x0000000097a00000|100%|HC|  |TAMS 0x0000000097a00000, 0x0000000097900000| Complete 
|  46|0x0000000097a00000, 0x0000000097b00000, 0x0000000097b00000|100%|HC|  |TAMS 0x0000000097b00000, 0x0000000097a00000| Complete 
|  47|0x0000000097b00000, 0x0000000097c00000, 0x0000000097c00000|100%|HC|  |TAMS 0x0000000097c00000, 0x0000000097b00000| Complete 
|  48|0x0000000097c00000, 0x0000000097d00000, 0x0000000097d00000|100%|HC|  |TAMS 0x0000000097d00000, 0x0000000097c00000| Complete 
|  49|0x0000000097d00000, 0x0000000097e00000, 0x0000000097e00000|100%|HC|  |TAMS 0x0000000097e00000, 0x0000000097d00000| Complete 
|  50|0x0000000097e00000, 0x0000000097e00000, 0x0000000097f00000|  0%| F|  |TAMS 0x0000000097e00000, 0x0000000097e00000| Untracked 
|  51|0x0000000097f00000, 0x0000000097f00000, 0x0000000098000000|  0%| F|  |TAMS 0x0000000097f00000, 0x0000000097f00000| Untracked 
|  52|0x0000000098000000, 0x0000000098000000, 0x0000000098100000|  0%| F|  |TAMS 0x0000000098000000, 0x0000000098000000| Untracked 
|  53|0x0000000098100000, 0x0000000098100000, 0x0000000098200000|  0%| F|  |TAMS 0x0000000098100000, 0x0000000098100000| Untracked 
|  54|0x0000000098200000, 0x0000000098200000, 0x0000000098300000|  0%| F|  |TAMS 0x0000000098200000, 0x0000000098200000| Untracked 
|  55|0x0000000098300000, 0x0000000098300000, 0x0000000098400000|  0%| F|  |TAMS 0x0000000098300000, 0x0000000098300000| Untracked 
|  56|0x0000000098400000, 0x0000000098400000, 0x0000000098500000|  0%| F|  |TAMS 0x0000000098400000, 0x0000000098400000| Untracked 
|  57|0x0000000098500000, 0x0000000098500000, 0x0000000098600000|  0%| F|  |TAMS 0x0000000098500000, 0x0000000098500000| Untracked 
|  58|0x0000000098600000, 0x0000000098600000, 0x0000000098700000|  0%| F|  |TAMS 0x0000000098600000, 0x0000000098600000| Untracked 
|  59|0x0000000098700000, 0x0000000098700000, 0x0000000098800000|  0%| F|  |TAMS 0x0000000098700000, 0x0000000098700000| Untracked 
|  60|0x0000000098800000, 0x0000000098800000, 0x0000000098900000|  0%| F|  |TAMS 0x0000000098800000, 0x0000000098800000| Untracked 
|  61|0x0000000098900000, 0x0000000098900000, 0x0000000098a00000|  0%| F|  |TAMS 0x0000000098900000, 0x0000000098900000| Untracked 
|  62|0x0000000098a00000, 0x0000000098a00000, 0x0000000098b00000|  0%| F|  |TAMS 0x0000000098a00000, 0x0000000098a00000| Untracked 
|  63|0x0000000098b00000, 0x0000000098b00000, 0x0000000098c00000|  0%| F|  |TAMS 0x0000000098b00000, 0x0000000098b00000| Untracked 
|  64|0x0000000098c00000, 0x0000000098c00000, 0x0000000098d00000|  0%| F|  |TAMS 0x0000000098c00000, 0x0000000098c00000| Untracked 
|  65|0x0000000098d00000, 0x0000000098d00000, 0x0000000098e00000|  0%| F|  |TAMS 0x0000000098d00000, 0x0000000098d00000| Untracked 
|  66|0x0000000098e00000, 0x0000000098e00000, 0x0000000098f00000|  0%| F|  |TAMS 0x0000000098e00000, 0x0000000098e00000| Untracked 
|  67|0x0000000098f00000, 0x0000000098f00000, 0x0000000099000000|  0%| F|  |TAMS 0x0000000098f00000, 0x0000000098f00000| Untracked 
|  68|0x0000000099000000, 0x0000000099000000, 0x0000000099100000|  0%| F|  |TAMS 0x0000000099000000, 0x0000000099000000| Untracked 
|  69|0x0000000099100000, 0x0000000099100000, 0x0000000099200000|  0%| F|  |TAMS 0x0000000099100000, 0x0000000099100000| Untracked 
|  70|0x0000000099200000, 0x0000000099200000, 0x0000000099300000|  0%| F|  |TAMS 0x0000000099200000, 0x0000000099200000| Untracked 
|  71|0x0000000099300000, 0x0000000099300000, 0x0000000099400000|  0%| F|  |TAMS 0x0000000099300000, 0x0000000099300000| Untracked 
|  72|0x0000000099400000, 0x0000000099400000, 0x0000000099500000|  0%| F|  |TAMS 0x0000000099400000, 0x0000000099400000| Untracked 
|  73|0x0000000099500000, 0x0000000099500000, 0x0000000099600000|  0%| F|  |TAMS 0x0000000099500000, 0x0000000099500000| Untracked 
|  74|0x0000000099600000, 0x0000000099600000, 0x0000000099700000|  0%| F|  |TAMS 0x0000000099600000, 0x0000000099600000| Untracked 
|  75|0x0000000099700000, 0x0000000099700000, 0x0000000099800000|  0%| F|  |TAMS 0x0000000099700000, 0x0000000099700000| Untracked 
|  76|0x0000000099800000, 0x0000000099800000, 0x0000000099900000|  0%| F|  |TAMS 0x0000000099800000, 0x0000000099800000| Untracked 
|  77|0x0000000099900000, 0x0000000099900000, 0x0000000099a00000|  0%| F|  |TAMS 0x0000000099900000, 0x0000000099900000| Untracked 
|  78|0x0000000099a00000, 0x0000000099a00000, 0x0000000099b00000|  0%| F|  |TAMS 0x0000000099a00000, 0x0000000099a00000| Untracked 
|  79|0x0000000099b00000, 0x0000000099b00000, 0x0000000099c00000|  0%| F|  |TAMS 0x0000000099b00000, 0x0000000099b00000| Untracked 
|  80|0x0000000099c00000, 0x0000000099c00000, 0x0000000099d00000|  0%| F|  |TAMS 0x0000000099c00000, 0x0000000099c00000| Untracked 
|  81|0x0000000099d00000, 0x0000000099d00000, 0x0000000099e00000|  0%| F|  |TAMS 0x0000000099d00000, 0x0000000099d00000| Untracked 
|  82|0x0000000099e00000, 0x0000000099e00000, 0x0000000099f00000|  0%| F|  |TAMS 0x0000000099e00000, 0x0000000099e00000| Untracked 
|  83|0x0000000099f00000, 0x0000000099f581c0, 0x000000009a000000| 34%| S|CS|TAMS 0x0000000099f00000, 0x0000000099f00000| Complete 
|  84|0x000000009a000000, 0x000000009a100000, 0x000000009a100000|100%| S|CS|TAMS 0x000000009a000000, 0x000000009a000000| Complete 
|  85|0x000000009a100000, 0x000000009a200000, 0x000000009a200000|100%| S|CS|TAMS 0x000000009a100000, 0x000000009a100000| Complete 
|  86|0x000000009a200000, 0x000000009a300000, 0x000000009a300000|100%| S|CS|TAMS 0x000000009a200000, 0x000000009a200000| Complete 
|  87|0x000000009a300000, 0x000000009a400000, 0x000000009a400000|100%| S|CS|TAMS 0x000000009a300000, 0x000000009a300000| Complete 
|  88|0x000000009a400000, 0x000000009a400000, 0x000000009a500000|  0%| F|  |TAMS 0x000000009a400000, 0x000000009a400000| Untracked 
|  89|0x000000009a500000, 0x000000009a500000, 0x000000009a600000|  0%| F|  |TAMS 0x000000009a500000, 0x000000009a500000| Untracked 
|  90|0x000000009a600000, 0x000000009a600000, 0x000000009a700000|  0%| F|  |TAMS 0x000000009a600000, 0x000000009a600000| Untracked 
|  91|0x000000009a700000, 0x000000009a700000, 0x000000009a800000|  0%| F|  |TAMS 0x000000009a700000, 0x000000009a700000| Untracked 
|  92|0x000000009a800000, 0x000000009a800000, 0x000000009a900000|  0%| F|  |TAMS 0x000000009a800000, 0x000000009a800000| Untracked 
|  93|0x000000009a900000, 0x000000009a900000, 0x000000009aa00000|  0%| F|  |TAMS 0x000000009a900000, 0x000000009a900000| Untracked 
|  94|0x000000009aa00000, 0x000000009aa00000, 0x000000009ab00000|  0%| F|  |TAMS 0x000000009aa00000, 0x000000009aa00000| Untracked 
|  95|0x000000009ab00000, 0x000000009ab00000, 0x000000009ac00000|  0%| F|  |TAMS 0x000000009ab00000, 0x000000009ab00000| Untracked 
|  96|0x000000009ac00000, 0x000000009ac00000, 0x000000009ad00000|  0%| F|  |TAMS 0x000000009ac00000, 0x000000009ac00000| Untracked 
|  97|0x000000009ad00000, 0x000000009ad00000, 0x000000009ae00000|  0%| F|  |TAMS 0x000000009ad00000, 0x000000009ad00000| Untracked 
|  98|0x000000009ae00000, 0x000000009ae00000, 0x000000009af00000|  0%| F|  |TAMS 0x000000009ae00000, 0x000000009ae00000| Untracked 
|  99|0x000000009af00000, 0x000000009af00000, 0x000000009b000000|  0%| F|  |TAMS 0x000000009af00000, 0x000000009af00000| Untracked 
| 100|0x000000009b000000, 0x000000009b000000, 0x000000009b100000|  0%| F|  |TAMS 0x000000009b000000, 0x000000009b000000| Untracked 
| 101|0x000000009b100000, 0x000000009b100000, 0x000000009b200000|  0%| F|  |TAMS 0x000000009b100000, 0x000000009b100000| Untracked 
| 102|0x000000009b200000, 0x000000009b200000, 0x000000009b300000|  0%| F|  |TAMS 0x000000009b200000, 0x000000009b200000| Untracked 
| 103|0x000000009b300000, 0x000000009b300000, 0x000000009b400000|  0%| F|  |TAMS 0x000000009b300000, 0x000000009b300000| Untracked 
| 104|0x000000009b400000, 0x000000009b400000, 0x000000009b500000|  0%| F|  |TAMS 0x000000009b400000, 0x000000009b400000| Untracked 
| 105|0x000000009b500000, 0x000000009b500000, 0x000000009b600000|  0%| F|  |TAMS 0x000000009b500000, 0x000000009b500000| Untracked 
| 106|0x000000009b600000, 0x000000009b600000, 0x000000009b700000|  0%| F|  |TAMS 0x000000009b600000, 0x000000009b600000| Untracked 
| 107|0x000000009b700000, 0x000000009b700000, 0x000000009b800000|  0%| F|  |TAMS 0x000000009b700000, 0x000000009b700000| Untracked 
| 108|0x000000009b800000, 0x000000009b800000, 0x000000009b900000|  0%| F|  |TAMS 0x000000009b800000, 0x000000009b800000| Untracked 
| 109|0x000000009b900000, 0x000000009b900000, 0x000000009ba00000|  0%| F|  |TAMS 0x000000009b900000, 0x000000009b900000| Untracked 
| 110|0x000000009ba00000, 0x000000009ba00000, 0x000000009bb00000|  0%| F|  |TAMS 0x000000009ba00000, 0x000000009ba00000| Untracked 
| 111|0x000000009bb00000, 0x000000009bb00000, 0x000000009bc00000|  0%| F|  |TAMS 0x000000009bb00000, 0x000000009bb00000| Untracked 
| 112|0x000000009bc00000, 0x000000009bc00000, 0x000000009bd00000|  0%| F|  |TAMS 0x000000009bc00000, 0x000000009bc00000| Untracked 
| 113|0x000000009bd00000, 0x000000009bd00000, 0x000000009be00000|  0%| F|  |TAMS 0x000000009bd00000, 0x000000009bd00000| Untracked 
| 114|0x000000009be00000, 0x000000009be00000, 0x000000009bf00000|  0%| F|  |TAMS 0x000000009be00000, 0x000000009be00000| Untracked 
| 115|0x000000009bf00000, 0x000000009bf00000, 0x000000009c000000|  0%| F|  |TAMS 0x000000009bf00000, 0x000000009bf00000| Untracked 
| 116|0x000000009c000000, 0x000000009c000000, 0x000000009c100000|  0%| F|  |TAMS 0x000000009c000000, 0x000000009c000000| Untracked 
| 117|0x000000009c100000, 0x000000009c100000, 0x000000009c200000|  0%| F|  |TAMS 0x000000009c100000, 0x000000009c100000| Untracked 
| 118|0x000000009c200000, 0x000000009c200000, 0x000000009c300000|  0%| F|  |TAMS 0x000000009c200000, 0x000000009c200000| Untracked 
| 119|0x000000009c300000, 0x000000009c300000, 0x000000009c400000|  0%| F|  |TAMS 0x000000009c300000, 0x000000009c300000| Untracked 
| 120|0x000000009c400000, 0x000000009c400000, 0x000000009c500000|  0%| F|  |TAMS 0x000000009c400000, 0x000000009c400000| Untracked 
| 121|0x000000009c500000, 0x000000009c500000, 0x000000009c600000|  0%| F|  |TAMS 0x000000009c500000, 0x000000009c500000| Untracked 
| 122|0x000000009c600000, 0x000000009c600000, 0x000000009c700000|  0%| F|  |TAMS 0x000000009c600000, 0x000000009c600000| Untracked 
| 123|0x000000009c700000, 0x000000009c700000, 0x000000009c800000|  0%| F|  |TAMS 0x000000009c700000, 0x000000009c700000| Untracked 
| 124|0x000000009c800000, 0x000000009c800000, 0x000000009c900000|  0%| F|  |TAMS 0x000000009c800000, 0x000000009c800000| Untracked 
| 125|0x000000009c900000, 0x000000009c900000, 0x000000009ca00000|  0%| F|  |TAMS 0x000000009c900000, 0x000000009c900000| Untracked 
| 126|0x000000009ca00000, 0x000000009ca00000, 0x000000009cb00000|  0%| F|  |TAMS 0x000000009ca00000, 0x000000009ca00000| Untracked 
| 127|0x000000009cb00000, 0x000000009cb00000, 0x000000009cc00000|  0%| F|  |TAMS 0x000000009cb00000, 0x000000009cb00000| Untracked 
| 128|0x000000009cc00000, 0x000000009cc00000, 0x000000009cd00000|  0%| F|  |TAMS 0x000000009cc00000, 0x000000009cc00000| Untracked 
| 129|0x000000009cd00000, 0x000000009cd00000, 0x000000009ce00000|  0%| F|  |TAMS 0x000000009cd00000, 0x000000009cd00000| Untracked 
| 130|0x000000009ce00000, 0x000000009ce00000, 0x000000009cf00000|  0%| F|  |TAMS 0x000000009ce00000, 0x000000009ce00000| Untracked 
| 131|0x000000009cf00000, 0x000000009cf00000, 0x000000009d000000|  0%| F|  |TAMS 0x000000009cf00000, 0x000000009cf00000| Untracked 
| 132|0x000000009d000000, 0x000000009d000000, 0x000000009d100000|  0%| F|  |TAMS 0x000000009d000000, 0x000000009d000000| Untracked 
| 133|0x000000009d100000, 0x000000009d100000, 0x000000009d200000|  0%| F|  |TAMS 0x000000009d100000, 0x000000009d100000| Untracked 
| 134|0x000000009d200000, 0x000000009d200000, 0x000000009d300000|  0%| F|  |TAMS 0x000000009d200000, 0x000000009d200000| Untracked 
| 135|0x000000009d300000, 0x000000009d300000, 0x000000009d400000|  0%| F|  |TAMS 0x000000009d300000, 0x000000009d300000| Untracked 
| 136|0x000000009d400000, 0x000000009d400000, 0x000000009d500000|  0%| F|  |TAMS 0x000000009d400000, 0x000000009d400000| Untracked 
| 137|0x000000009d500000, 0x000000009d500000, 0x000000009d600000|  0%| F|  |TAMS 0x000000009d500000, 0x000000009d500000| Untracked 
| 138|0x000000009d600000, 0x000000009d600000, 0x000000009d700000|  0%| F|  |TAMS 0x000000009d600000, 0x000000009d600000| Untracked 
| 139|0x000000009d700000, 0x000000009d700000, 0x000000009d800000|  0%| F|  |TAMS 0x000000009d700000, 0x000000009d700000| Untracked 
| 140|0x000000009d800000, 0x000000009d800000, 0x000000009d900000|  0%| F|  |TAMS 0x000000009d800000, 0x000000009d800000| Untracked 
| 141|0x000000009d900000, 0x000000009d900000, 0x000000009da00000|  0%| F|  |TAMS 0x000000009d900000, 0x000000009d900000| Untracked 
| 142|0x000000009da00000, 0x000000009da00000, 0x000000009db00000|  0%| F|  |TAMS 0x000000009da00000, 0x000000009da00000| Untracked 
| 143|0x000000009db00000, 0x000000009dbff3b8, 0x000000009dc00000| 99%| E|  |TAMS 0x000000009db00000, 0x000000009db00000| Complete 
| 144|0x000000009dc00000, 0x000000009dd00000, 0x000000009dd00000|100%| E|CS|TAMS 0x000000009dc00000, 0x000000009dc00000| Complete 
| 145|0x000000009dd00000, 0x000000009de00000, 0x000000009de00000|100%| E|CS|TAMS 0x000000009dd00000, 0x000000009dd00000| Complete 
| 146|0x000000009de00000, 0x000000009df00000, 0x000000009df00000|100%| E|CS|TAMS 0x000000009de00000, 0x000000009de00000| Complete 
| 147|0x000000009df00000, 0x000000009e000000, 0x000000009e000000|100%| E|CS|TAMS 0x000000009df00000, 0x000000009df00000| Complete 
| 148|0x000000009e000000, 0x000000009e100000, 0x000000009e100000|100%| E|CS|TAMS 0x000000009e000000, 0x000000009e000000| Complete 
| 149|0x000000009e100000, 0x000000009e200000, 0x000000009e200000|100%| E|CS|TAMS 0x000000009e100000, 0x000000009e100000| Complete 
| 150|0x000000009e200000, 0x000000009e300000, 0x000000009e300000|100%| E|CS|TAMS 0x000000009e200000, 0x000000009e200000| Complete 
| 151|0x000000009e300000, 0x000000009e400000, 0x000000009e400000|100%| E|CS|TAMS 0x000000009e300000, 0x000000009e300000| Complete 
| 152|0x000000009e400000, 0x000000009e500000, 0x000000009e500000|100%| E|CS|TAMS 0x000000009e400000, 0x000000009e400000| Complete 
| 153|0x000000009e500000, 0x000000009e600000, 0x000000009e600000|100%| E|CS|TAMS 0x000000009e500000, 0x000000009e500000| Complete 
| 154|0x000000009e600000, 0x000000009e700000, 0x000000009e700000|100%| E|CS|TAMS 0x000000009e600000, 0x000000009e600000| Complete 
| 155|0x000000009e700000, 0x000000009e800000, 0x000000009e800000|100%| E|CS|TAMS 0x000000009e700000, 0x000000009e700000| Complete 
| 156|0x000000009e800000, 0x000000009e900000, 0x000000009e900000|100%| E|CS|TAMS 0x000000009e800000, 0x000000009e800000| Complete 
| 157|0x000000009e900000, 0x000000009ea00000, 0x000000009ea00000|100%| E|CS|TAMS 0x000000009e900000, 0x000000009e900000| Complete 
| 158|0x000000009ea00000, 0x000000009eb00000, 0x000000009eb00000|100%| E|CS|TAMS 0x000000009ea00000, 0x000000009ea00000| Complete 
| 159|0x000000009eb00000, 0x000000009ec00000, 0x000000009ec00000|100%| E|CS|TAMS 0x000000009eb00000, 0x000000009eb00000| Complete 
| 160|0x000000009ec00000, 0x000000009ed00000, 0x000000009ed00000|100%| E|CS|TAMS 0x000000009ec00000, 0x000000009ec00000| Complete 
| 217|0x00000000a2500000, 0x00000000a2600000, 0x00000000a2600000|100%| E|CS|TAMS 0x00000000a2500000, 0x00000000a2500000| Complete 
|1714|0x00000000ffe00000, 0x00000000ffe75000, 0x00000000fff00000| 45%|OA|  |TAMS 0x00000000ffe75000, 0x00000000ffe00000| Untracked 
|1715|0x00000000fff00000, 0x00000000fff77000, 0x0000000100000000| 46%|CA|  |TAMS 0x00000000fff77000, 0x00000000fff00000| Untracked 

Card table byte_map: [0x00007f8535814000,0x00007f8535b6e000] _byte_map_base: 0x00007f853536e000

Marking Bits (Prev, Next): (CMBitMap*) 0x00007f8530069bf0, (CMBitMap*) 0x00007f8530069bb0
 Prev Bits: [0x00007f8515ff8000, 0x00007f8517ac8000)
 Next Bits: [0x00007f8517ac8000, 0x00007f8519598000)

Polling page: 0x00007f8538873000

Metaspace:

Usage:
  Non-class:     21.50 MB used.
      Class:      2.98 MB used.
       Both:     24.47 MB used.

Virtual space:
  Non-class space:       64.00 MB reserved,      21.62 MB ( 34%) committed,  1 nodes.
      Class space:        1.00 GB reserved,       3.12 MB ( <1%) committed,  1 nodes.
             Both:        1.06 GB reserved,      24.75 MB (  2%) committed. 

Chunk freelists:
   Non-Class:  9.72 MB
       Class:  12.86 MB
        Both:  22.58 MB

MaxMetaspaceSize: unlimited
CompressedClassSpaceSize: 1.00 GB
Initial GC threshold: 21.00 MB
Current GC threshold: 35.31 MB
CDS: on
MetaspaceReclaimPolicy: balanced
 - commit_granule_bytes: 65536.
 - commit_granule_words: 8192.
 - virtual_space_node_default_size: 8388608.
 - enlarge_chunks_in_place: 1.
 - new_chunks_are_fully_committed: 0.
 - uncommit_free_chunks: 1.
 - use_allocation_guard: 0.
 - handle_deallocations: 1.


Internal statistics:

num_allocs_failed_limit: 3.
num_arena_births: 272.
num_arena_deaths: 0.
num_vsnodes_births: 2.
num_vsnodes_deaths: 0.
num_space_committed: 396.
num_space_uncommitted: 0.
num_chunks_returned_to_freelist: 3.
num_chunks_taken_from_freelist: 685.
num_chunk_merges: 0.
num_chunk_splits: 445.
num_chunks_enlarged: 309.
num_inconsistent_stats: 0.

CodeHeap 'non-profiled nmethods': size=119168Kb used=1919Kb max_used=1919Kb free=117248Kb
 bounds [0x00007f8521138000, 0x00007f85213a8000, 0x00007f8528598000]
CodeHeap 'profiled nmethods': size=119164Kb used=8638Kb max_used=8638Kb free=110525Kb
 bounds [0x00007f8519598000, 0x00007f8519e08000, 0x00007f85209f7000]
CodeHeap 'non-nmethods': size=7428Kb used=1569Kb max_used=3259Kb free=5858Kb
 bounds [0x00007f85209f7000, 0x00007f8520d37000, 0x00007f8521138000]
 total_blobs=4726 nmethods=3813 adapters=824
 compilation: enabled
              stopped_count=0, restarted_count=0
 full_count=0

Compilation events (20 events):
Event: 11.624 Thread 0x00007f8490207230 3806       3       jdk.internal.reflect.Reflection::isSubclassOf (21 bytes)
Event: 11.624 Thread 0x00007f846c32e4f0 nmethod 3805 0x00007f8519dff910 code [0x00007f8519dffaa0, 0x00007f8519dffbb0]
Event: 11.625 Thread 0x00007f8490207230 nmethod 3806 0x00007f8519dffc90 code [0x00007f8519dffe40, 0x00007f8519e00080]
Event: 11.625 Thread 0x00007f846c24b220 nmethod 3804 0x00007f8519e00190 code [0x00007f8519e00500, 0x00007f8519e01c10]
Event: 11.626 Thread 0x00007f846c32e4f0 3807       3       java.util.concurrent.ForkJoinPool::unmanagedBlock (31 bytes)
Event: 11.626 Thread 0x00007f846c32e4f0 nmethod 3807 0x00007f8519e02490 code [0x00007f8519e026a0, 0x00007f8519e02e90]
Event: 12.124 Thread 0x00007f846c24b220 3808       1       com.sun.javafx.tk.quantum.QuantumToolkit$PulseTask::get (5 bytes)
Event: 12.124 Thread 0x00007f846c24b220 nmethod 3808 0x00007f8521317b90 code [0x00007f8521317d20, 0x00007f8521317df0]
Event: 15.770 Thread 0x00007f846c32e4f0 3809       3       com.sun.javafx.tk.quantum.QuantumToolkit$$Lambda$275/0x00007f84b8229db8::run (8 bytes)
Event: 15.770 Thread 0x00007f8490207230 3810   !   3       com.sun.javafx.tk.quantum.QuantumToolkit::lambda$runToolkit$12 (16 bytes)
Event: 15.770 Thread 0x00007f8530138f60 3811       3       com.sun.javafx.tk.quantum.QuantumToolkit::postPulse (133 bytes)
Event: 15.771 Thread 0x00007f8490207230 nmethod 3810 0x00007f8519e03110 code [0x00007f8519e03300, 0x00007f8519e03790]
Event: 15.771 Thread 0x00007f846c32e4f0 nmethod 3809 0x00007f8519e03990 code [0x00007f8519e03b80, 0x00007f8519e04090]
Event: 15.772 Thread 0x00007f8530138f60 nmethod 3811 0x00007f8519e04290 code [0x00007f8519e04660, 0x00007f8519e05c60]
Event: 16.046 Thread 0x00007f8490207230 3812  s    3       com.sun.glass.ui.Timer::pause (18 bytes)
Event: 16.046 Thread 0x00007f8530138f60 3813       3       com.sun.glass.ui.gtk.GtkTimer::_pause (1 bytes)
Event: 16.046 Thread 0x00007f8530138f60 nmethod 3813 0x00007f8519e06510 code [0x00007f8519e066a0, 0x00007f8519e067b0]
Event: 16.046 Thread 0x00007f8490207230 nmethod 3812 0x00007f8519e06890 code [0x00007f8519e06a40, 0x00007f8519e06c90]
Event: 17.851 Thread 0x00007f8530138f60 3814  s    3       com.sun.javafx.tk.quantum.QuantumToolkit::pauseTimer (93 bytes)
Event: 17.852 Thread 0x00007f8530138f60 nmethod 3814 0x00007f8519e06d90 code [0x00007f8519e06fe0, 0x00007f8519e077d0]

GC Heap History (10 events):
Event: 0.808 GC heap before
{Heap before GC invocations=0 (full 0):
 garbage-first heap   total 112640K, used 23472K [0x0000000094c00000, 0x0000000100000000)
  region size 1024K, 23 young (23552K), 0 survivors (0K)
 Metaspace       used 11202K, committed 11456K, reserved 1114112K
  class space    used 1216K, committed 1344K, reserved 1048576K
}
Event: 0.820 GC heap after
{Heap after GC invocations=1 (full 0):
 garbage-first heap   total 112640K, used 8303K [0x0000000094c00000, 0x0000000100000000)
  region size 1024K, 3 young (3072K), 3 survivors (3072K)
 Metaspace       used 11202K, committed 11456K, reserved 1114112K
  class space    used 1216K, committed 1344K, reserved 1048576K
}
Event: 1.242 GC heap before
{Heap before GC invocations=1 (full 0):
 garbage-first heap   total 112640K, used 56431K [0x0000000094c00000, 0x0000000100000000)
  region size 1024K, 16 young (16384K), 3 survivors (3072K)
 Metaspace       used 13373K, committed 13568K, reserved 1114112K
  class space    used 1422K, committed 1536K, reserved 1048576K
}
Event: 1.248 GC heap after
{Heap after GC invocations=2 (full 0):
 garbage-first heap   total 112640K, used 45944K [0x0000000094c00000, 0x0000000100000000)
  region size 1024K, 2 young (2048K), 2 survivors (2048K)
 Metaspace       used 13373K, committed 13568K, reserved 1114112K
  class space    used 1422K, committed 1536K, reserved 1048576K
}
Event: 1.401 GC heap before
{Heap before GC invocations=2 (full 0):
 garbage-first heap   total 112640K, used 55160K [0x0000000094c00000, 0x0000000100000000)
  region size 1024K, 4 young (4096K), 2 survivors (2048K)
 Metaspace       used 14359K, committed 14592K, reserved 1114112K
  class space    used 1530K, committed 1664K, reserved 1048576K
}
Event: 1.403 GC heap after
{Heap after GC invocations=3 (full 0):
 garbage-first heap   total 112640K, used 38172K [0x0000000094c00000, 0x0000000100000000)
  region size 1024K, 3 young (3072K), 3 survivors (3072K)
 Metaspace       used 14359K, committed 14592K, reserved 1114112K
  class space    used 1530K, committed 1664K, reserved 1048576K
}
Event: 1.407 GC heap before
{Heap before GC invocations=3 (full 0):
 garbage-first heap   total 112640K, used 46364K [0x0000000094c00000, 0x0000000100000000)
  region size 1024K, 4 young (4096K), 3 survivors (3072K)
 Metaspace       used 14360K, committed 14592K, reserved 1114112K
  class space    used 1530K, committed 1664K, reserved 1048576K
}
Event: 1.409 GC heap after
{Heap after GC invocations=4 (full 0):
 garbage-first heap   total 112640K, used 38149K [0x0000000094c00000, 0x0000000100000000)
  region size 1024K, 3 young (3072K), 3 survivors (3072K)
 Metaspace       used 14360K, committed 14592K, reserved 1114112K
  class space    used 1530K, committed 1664K, reserved 1048576K
}
Event: 11.437 GC heap before
{Heap before GC invocations=4 (full 0):
 garbage-first heap   total 112640K, used 60677K [0x0000000094c00000, 0x0000000100000000)
  region size 1024K, 20 young (20480K), 3 survivors (3072K)
 Metaspace       used 21263K, committed 21504K, reserved 1114112K
  class space    used 2396K, committed 2496K, reserved 1048576K
}
Event: 11.442 GC heap after
{Heap after GC invocations=5 (full 0):
 garbage-first heap   total 225280K, used 47346K [0x0000000094c00000, 0x0000000100000000)
  region size 1024K, 5 young (5120K), 5 survivors (5120K)
 Metaspace       used 21263K, committed 21504K, reserved 1114112K
  class space    used 2396K, committed 2496K, reserved 1048576K
}

Dll operation events (17 events):
Event: 0.001 Loaded shared library /usr/lib/jvm/java-17-openjdk-amd64/lib/libjava.so
Event: 0.012 Loaded shared library /usr/lib/jvm/java-17-openjdk-amd64/lib/libjsvml.so
Event: 0.217 Loaded shared library /usr/lib/jvm/java-17-openjdk-amd64/lib/libnio.so
Event: 0.221 Loaded shared library /usr/lib/jvm/java-17-openjdk-amd64/lib/libzip.so
Event: 0.269 Loaded shared library /usr/lib/jvm/java-17-openjdk-amd64/lib/libjimage.so
Event: 0.293 Loaded shared library /usr/lib/jvm/java-17-openjdk-amd64/lib/libawt.so
Event: 0.296 Loaded shared library /usr/lib/jvm/java-17-openjdk-amd64/lib/libawt_xawt.so
Event: 0.321 Loaded shared library /usr/lib/jvm/java-17-openjdk-amd64/lib/libfontmanager.so
Event: 0.445 Loaded shared library /usr/lib/jvm/java-17-openjdk-amd64/lib/libnet.so
Event: 1.099 Loaded shared library /usr/lib/jvm/java-17-openjdk-amd64/lib/libmlib_image.so
Event: 7.855 Loaded shared library /home/tloxley/.openjfx/cache/19+11/amd64/libprism_es2.so
Event: 11.266 Loaded shared library /home/tloxley/.openjfx/cache/19+11/amd64/libprism_sw.so
Event: 11.278 Loaded shared library /home/tloxley/.openjfx/cache/19+11/amd64/libglass.so
Event: 11.292 Loaded shared library /home/tloxley/.openjfx/cache/19+11/amd64/libglassgtk2.so
Event: 11.370 Loaded shared library /home/tloxley/.openjfx/cache/19+11/amd64/libjfxmedia.so
Event: 11.522 Loaded shared library /home/tloxley/.openjfx/cache/19+11/amd64/libjavafx_font.so
Event: 11.525 Loaded shared library /home/tloxley/.openjfx/cache/19+11/amd64/libjavafx_font_freetype.so

Deoptimization events (20 events):
Event: 11.546 Thread 0x00007f846c264b50 DEOPT PACKING pc=0x00007f85213137b8 sp=0x00007f8504f83320
Event: 11.546 Thread 0x00007f846c264b50 DEOPT UNPACKING pc=0x00007f8520a4d699 sp=0x00007f8504f832c8 mode 2
Event: 11.563 Thread 0x00007f846c264b50 DEOPT PACKING pc=0x00007f8519cf5e5f sp=0x00007f8504f7ead0
Event: 11.563 Thread 0x00007f846c264b50 DEOPT UNPACKING pc=0x00007f8520a4de2f sp=0x00007f8504f7df50 mode 0
Event: 11.588 Thread 0x00007f846c264b50 Uncommon trap: trap_request=0xffffff45 fr.pc=0x00007f85212fb688 relative=0x0000000000001528
Event: 11.588 Thread 0x00007f846c264b50 Uncommon trap: reason=unstable_if action=reinterpret pc=0x00007f85212fb688 method=java.util.concurrent.ConcurrentHashMap.transfer([Ljava/util/concurrent/ConcurrentHashMap$Node;[Ljava/util/concurrent/ConcurrentHashMap$Node;)V @ 26 c2
Event: 11.588 Thread 0x00007f846c264b50 DEOPT PACKING pc=0x00007f85212fb688 sp=0x00007f8504f80650
Event: 11.588 Thread 0x00007f846c264b50 DEOPT UNPACKING pc=0x00007f8520a4d699 sp=0x00007f8504f805e0 mode 2
Event: 11.598 Thread 0x00007f846c264b50 Uncommon trap: trap_request=0xffffff45 fr.pc=0x00007f8521226658 relative=0x0000000000000058
Event: 11.598 Thread 0x00007f846c264b50 Uncommon trap: reason=unstable_if action=reinterpret pc=0x00007f8521226658 method=java.lang.Double.isNaN(D)Z @ 3 c2
Event: 11.598 Thread 0x00007f846c264b50 DEOPT PACKING pc=0x00007f8521226658 sp=0x00007f8504f84960
Event: 11.598 Thread 0x00007f846c264b50 DEOPT UNPACKING pc=0x00007f8520a4d699 sp=0x00007f8504f84920 mode 2
Event: 11.604 Thread 0x00007f84642ae370 Uncommon trap: trap_request=0xffffff45 fr.pc=0x00007f8521196858 relative=0x0000000000000798
Event: 11.604 Thread 0x00007f84642ae370 Uncommon trap: reason=unstable_if action=reinterpret pc=0x00007f8521196858 method=sun.awt.image.ByteInterleavedRaster.putByteData(IIII[B)V @ 79 c2
Event: 11.604 Thread 0x00007f84642ae370 DEOPT PACKING pc=0x00007f8521196858 sp=0x00007f83f2be0d40
Event: 11.604 Thread 0x00007f84642ae370 DEOPT UNPACKING pc=0x00007f8520a4d699 sp=0x00007f83f2be0d00 mode 2
Event: 11.625 Thread 0x00007f846c228270 Uncommon trap: trap_request=0xffffffde fr.pc=0x00007f85212f7b00 relative=0x0000000000000240
Event: 11.625 Thread 0x00007f846c228270 Uncommon trap: reason=class_check action=maybe_recompile pc=0x00007f85212f7b00 method=java.util.concurrent.locks.AbstractQueuedSynchronizer.release(I)Z @ 2 c2
Event: 11.625 Thread 0x00007f846c228270 DEOPT PACKING pc=0x00007f85212f7b00 sp=0x00007f8504513810
Event: 11.625 Thread 0x00007f846c228270 DEOPT UNPACKING pc=0x00007f8520a4d699 sp=0x00007f85045137d8 mode 2

Classes unloaded (0 events):
No events

Classes redefined (0 events):
No events

Internal exceptions (20 events):
Event: 1.003 Thread 0x00007f85303d3930 Implicit null exception at 0x00007f85211c98ff to 0x00007f85211c9f48
Event: 2.675 Thread 0x00007f85303d3930 Exception <a 'java/lang/NoSuchMethodError'{0x000000009b733fd0}: 'void java.lang.invoke.DirectMethodHandle$Holder.invokeSpecial(java.lang.Object, java.lang.Object, int)'> (0x000000009b733fd0) 
thrown [src/hotspot/share/interpreter/linkResolver.cpp, line 758]
Event: 2.676 Thread 0x00007f85303d3930 Exception <a 'java/lang/NoSuchMethodError'{0x000000009b73a170}: 'java.lang.Object java.lang.invoke.DirectMethodHandle$Holder.newInvokeSpecial(java.lang.Object, java.lang.Object, int)'> (0x000000009b73a170) 
thrown [src/hotspot/share/interpreter/linkResolver.cpp, line 758]
Event: 4.132 Thread 0x00007f85303d3930 Exception <a 'java/lang/NoSuchMethodError'{0x000000009b593ee0}: 'void java.lang.invoke.DirectMethodHandle$Holder.invokeStatic(java.lang.Object, java.lang.Object, java.lang.Object)'> (0x000000009b593ee0) 
thrown [src/hotspot/share/interpreter/linkResolver.cpp, line 758]
Event: 4.148 Thread 0x00007f85303d3930 Exception <a 'java/lang/ClassNotFoundException'{0x000000009b5ff7c0}: com/sun/swing/internal/plaf/metal/resources/spi/metalProvider> (0x000000009b5ff7c0) 
thrown [src/hotspot/share/classfile/systemDictionary.cpp, line 256]
Event: 7.788 Thread 0x00007f84642b1e60 Exception <a 'java/lang/ClassNotFoundException'{0x000000009ad94530}: sun/util/logging/resources/spi/loggingProvider> (0x000000009ad94530) 
thrown [src/hotspot/share/classfile/systemDictionary.cpp, line 256]
Event: 11.270 Thread 0x00007f84642b1e60 Exception <a 'java/lang/NoSuchMethodError'{0x000000009abaf6f0}: 'int java.lang.invoke.DirectMethodHandle$Holder.invokeStaticInit(java.lang.Object, java.lang.Object, java.lang.Object)'> (0x000000009abaf6f0) 
thrown [src/hotspot/share/interpreter/linkResolver.cpp, line 758]
Event: 11.284 Thread 0x00007f84642b1e60 Exception <a 'java/lang/NoSuchMethodError'{0x000000009a97c328}: 'java.lang.Object java.lang.invoke.DirectMethodHandle$Holder.invokeStatic(java.lang.Object, int, int)'> (0x000000009a97c328) 
thrown [src/hotspot/share/interpreter/linkResolver.cpp, line 758]
Event: 11.304 Thread 0x00007f84642b1e60 Exception <a 'java/lang/NoSuchMethodError'{0x000000009a9b8ad0}: 'java.lang.Object java.lang.invoke.DirectMethodHandle$Holder.newInvokeSpecial(java.lang.Object, java.lang.Object, java.lang.Object, int)'> (0x000000009a9b8ad0) 
thrown [src/hotspot/share/interpreter/linkResolver.cpp, line 758]
Event: 11.304 Thread 0x00007f84642b1e60 Exception <a 'java/lang/NoSuchMethodError'{0x000000009a9eb240}: 'java.lang.Object java.lang.invoke.DirectMethodHandle$Holder.invokeSpecial(java.lang.Object, java.lang.Object, java.lang.Object, java.lang.Object, int)'> (0x000000009a9eb240) 
thrown [src/hotspot/share/interpreter/linkResolver.cpp, line 758]
Event: 11.304 Thread 0x00007f84642b1e60 Exception <a 'java/lang/NoSuchMethodError'{0x000000009a9eeb60}: 'java.lang.Object java.lang.invoke.Invokers$Holder.linkToTargetMethod(java.lang.Object, java.lang.Object, int, java.lang.Object)'> (0x000000009a9eeb60) 
thrown [src/hotspot/share/interpreter/linkResolver.cpp, line 758]
Event: 11.376 Thread 0x00007f846c264b50 Implicit null exception at 0x00007f8521187dd7 to 0x00007f8521188394
Event: 11.376 Thread 0x00007f846c264b50 Implicit null exception at 0x00007f8521187157 to 0x00007f8521187708
Event: 11.396 Thread 0x00007f846c264b50 Exception <a 'java/lang/NullPointerException'{0x000000009a573638}> (0x000000009a573638) 
thrown [src/hotspot/share/interpreter/linkResolver.cpp, line 1433]
Event: 11.435 Thread 0x00007f846c264b50 Exception <a 'java/lang/NoSuchMethodError'{0x000000009a401580}: 'java.lang.Object java.lang.invoke.DirectMethodHandle$Holder.invokeInterface(java.lang.Object, java.lang.Object)'> (0x000000009a401580) 
thrown [src/hotspot/share/interpreter/linkResolver.cpp, line 758]
Event: 11.485 Thread 0x00007f846c264b50 Exception <a 'java/lang/NoSuchMethodError'{0x000000009e5f5330}: 'java.lang.Object java.lang.invoke.DirectMethodHandle$Holder.invokeStaticInit(java.lang.Object, java.lang.Object, java.lang.Object, java.lang.Object)'> (0x000000009e5f5330) 
thrown [src/hotspot/share/interpreter/linkResolver.cpp, line 758]
Event: 11.506 Thread 0x00007f846c264b50 Exception <a 'java/lang/NullPointerException'{0x000000009e335708}> (0x000000009e335708) 
thrown [src/hotspot/share/interpreter/linkResolver.cpp, line 1350]
Event: 11.599 Thread 0x00007f846c264b50 Exception <a 'java/lang/NoSuchMethodError'{0x000000009de52ec8}: 'java.lang.Object java.lang.invoke.DirectMethodHandle$Holder.newInvokeSpecial(java.lang.Object, java.lang.Object, int, int)'> (0x000000009de52ec8) 
thrown [src/hotspot/share/interpreter/linkResolver.cpp, line 758]
Event: 11.603 Thread 0x00007f84642ae370 Exception <a 'java/lang/NoSuchMethodError'{0x000000009dd8b8f8}: 'java.lang.Object java.lang.invoke.DirectMethodHandle$Holder.newInvokeSpecial(java.lang.Object, java.lang.Object, java.lang.Object, int, int, int, int, int)'> (0x000000009dd8b8f8) 
thrown [src/hotspot/share/interpreter/linkResolver.cpp, line 758]
Event: 11.615 Thread 0x00007f846c228270 Exception <a 'java/lang/NoSuchMethodError'{0x000000009dc94c00}: 'int java.lang.invoke.DirectMethodHandle$Holder.invokeStaticInit(java.lang.Object, java.lang.Object)'> (0x000000009dc94c00) 
thrown [src/hotspot/share/interpreter/linkResolver.cpp, line 758]

VM Operations (20 events):
Event: 7.835 Executing VM operation: HandshakeAllThreads
Event: 7.835 Executing VM operation: HandshakeAllThreads done
Event: 8.835 Executing VM operation: Cleanup
Event: 8.835 Executing VM operation: Cleanup done
Event: 11.437 Executing VM operation: CollectForMetadataAllocation
Event: 11.442 Executing VM operation: CollectForMetadataAllocation done
Event: 11.446 Executing VM operation: G1PauseRemark
Event: 11.451 Executing VM operation: G1PauseRemark done
Event: 11.452 Executing VM operation: G1PauseCleanup
Event: 11.452 Executing VM operation: G1PauseCleanup done
Event: 11.597 Executing VM operation: HandshakeAllThreads
Event: 11.598 Executing VM operation: HandshakeAllThreads done
Event: 11.599 Executing VM operation: HandshakeAllThreads
Event: 11.599 Executing VM operation: HandshakeAllThreads done
Event: 11.600 Executing VM operation: HandshakeAllThreads
Event: 11.600 Executing VM operation: HandshakeAllThreads done
Event: 12.600 Executing VM operation: Cleanup
Event: 12.600 Executing VM operation: Cleanup done
Event: 60.070 Executing VM operation: HandshakeAllThreads
Event: 60.070 Executing VM operation: HandshakeAllThreads done

Events (20 events):
Event: 11.615 loading class java/awt/dnd/DragSourceMotionListener
Event: 11.615 loading class java/awt/dnd/DragSourceMotionListener done
Event: 11.615 loading class java/awt/dnd/DragSourceAdapter done
Event: 11.615 loading class java/awt/dnd/DropTargetAdapter
Event: 11.615 loading class java/awt/dnd/DropTargetAdapter done
Event: 11.616 loading class java/awt/dnd/InvalidDnDOperationException
Event: 11.616 loading class java/awt/dnd/InvalidDnDOperationException done
Event: 11.616 loading class java/awt/dnd/DnDEventMulticaster
Event: 11.616 loading class java/awt/dnd/DnDEventMulticaster done
Event: 11.618 loading class java/nio/HeapIntBuffer
Event: 11.618 loading class java/nio/HeapIntBuffer done
Event: 11.624 loading class java/nio/FloatBuffer
Event: 11.625 loading class java/nio/FloatBuffer done
Event: 11.625 loading class java/nio/DoubleBuffer
Event: 11.625 loading class java/nio/DoubleBuffer done
Event: 15.770 Thread 0x00007f846c24b220 Thread exited: 0x00007f846c24b220
Event: 16.615 Thread 0x00007f84642ae370 Thread exited: 0x00007f84642ae370
Event: 17.851 Thread 0x00007f846c32e4f0 Thread exited: 0x00007f846c32e4f0
Event: 17.851 Thread 0x00007f8490207230 Thread exited: 0x00007f8490207230
Event: 77.756 Thread 0x00007f8488000fa0 Thread exited: 0x00007f8488000fa0


Dynamic libraries:
94c00000-9ed00000 rw-p 00000000 00:00 0 
9ed00000-a2500000 ---p 00000000 00:00 0 
a2500000-a2600000 rw-p 00000000 00:00 0 
a2600000-ffe00000 ---p 00000000 00:00 0 
ffe00000-ffe75000 rw-p 00c75000 08:20 30824                              /usr/lib/jvm/java-17-openjdk-amd64/lib/server/classes.jsa
ffe75000-fff00000 rw-p 00000000 00:00 0 
fff00000-fff77000 rw-p 00bfe000 08:20 30824                              /usr/lib/jvm/java-17-openjdk-amd64/lib/server/classes.jsa
fff77000-100000000 rw-p 00000000 00:00 0 
5619ce402000-5619ce403000 r--p 00000000 08:20 30751                      /usr/lib/jvm/java-17-openjdk-amd64/bin/java
5619ce403000-5619ce404000 r-xp 00001000 08:20 30751                      /usr/lib/jvm/java-17-openjdk-amd64/bin/java
5619ce404000-5619ce405000 r--p 00002000 08:20 30751                      /usr/lib/jvm/java-17-openjdk-amd64/bin/java
5619ce405000-5619ce406000 r--p 00002000 08:20 30751                      /usr/lib/jvm/java-17-openjdk-amd64/bin/java
5619ce406000-5619ce407000 rw-p 00003000 08:20 30751                      /usr/lib/jvm/java-17-openjdk-amd64/bin/java
5619ce81a000-5619ce861000 rw-p 00000000 00:00 0                          [heap]
7f83cc000000-7f83cc021000 rw-p 00000000 00:00 0 
7f83cc021000-7f83d0000000 ---p 00000000 00:00 0 
7f83d4000000-7f83d4050000 rw-p 00000000 00:00 0 
7f83d4050000-7f83d8000000 ---p 00000000 00:00 0 
7f83d8000000-7f83d8021000 rw-p 00000000 00:00 0 
7f83d8021000-7f83dc000000 ---p 00000000 00:00 0 
7f83dc000000-7f83dc021000 rw-p 00000000 00:00 0 
7f83dc021000-7f83e0000000 ---p 00000000 00:00 0 
7f83e0000000-7f83e0063000 rw-p 00000000 00:00 0 
7f83e0063000-7f83e4000000 ---p 00000000 00:00 0 
7f83e4000000-7f83e4021000 rw-p 00000000 00:00 0 
7f83e4021000-7f83e8000000 ---p 00000000 00:00 0 
7f83e8000000-7f83e8021000 rw-p 00000000 00:00 0 
7f83e8021000-7f83ec000000 ---p 00000000 00:00 0 
7f83ec000000-7f83ec021000 rw-p 00000000 00:00 0 
7f83ec021000-7f83f0000000 ---p 00000000 00:00 0 
7f83f29e1000-7f83f29e5000 ---p 00000000 00:00 0 
7f83f29e5000-7f83f2ae2000 rw-p 00000000 00:00 0 
7f83f2ae2000-7f83f2ae6000 ---p 00000000 00:00 0 
7f83f2ae6000-7f83f2be3000 rw-p 00000000 00:00 0 
7f83f2be3000-7f83f2bee000 r--s 00000000 08:20 77655                      /var/cache/fontconfig/84762c1c-2fc0-404b-a810-f3f548fdf510-le64.cache-7
7f83f2bee000-7f83f2bfa000 r--s 00000000 08:20 77653                      /var/cache/fontconfig/bd92ad68-a20f-4c9e-91f1-d583f6003007-le64.cache-7
7f83f2bfa000-7f83f2bfb000 ---p 00000000 00:00 0 
7f83f2bfb000-7f83f2bff000 ---p 00000000 00:00 0 
7f83f2bff000-7f83f33fb000 rw-p 00000000 00:00 0 
7f83f33fb000-7f83f33fc000 ---p 00000000 00:00 0 
7f83f33fc000-7f83f3400000 ---p 00000000 00:00 0 
7f83f3400000-7f83f3bfc000 rw-p 00000000 00:00 0 
7f83f3bfc000-7f83f3c00000 ---p 00000000 00:00 0 
7f83f3c00000-7f83f3cfd000 rw-p 00000000 00:00 0 
7f83f3cfd000-7f83f3cfe000 ---p 00000000 00:00 0 
7f83f3cfe000-7f83f3dfe000 rw-p 00000000 00:00 0 
7f83f3dfe000-7f83f3dff000 ---p 00000000 00:00 0 
7f83f3dff000-7f83f3eff000 rw-p 00000000 00:00 0 
7f83f3eff000-7f83f3f00000 ---p 00000000 00:00 0 
7f83f3f00000-7f83f4000000 rw-p 00000000 00:00 0 
7f83f4000000-7f83f4021000 rw-p 00000000 00:00 0 
7f83f4021000-7f83f8000000 ---p 00000000 00:00 0 
7f83f8000000-7f83f8021000 rw-p 00000000 00:00 0 
7f83f8021000-7f83fc000000 ---p 00000000 00:00 0 
7f83fc000000-7f83fc021000 rw-p 00000000 00:00 0 
7f83fc021000-7f8400000000 ---p 00000000 00:00 0 
7f8400007000-7f840000e000 r--s 00000000 08:20 47611                      /var/cache/fontconfig/8bcc50f9-b529-4508-9adb-45d6dae4988f-le64.cache-7
7f840000e000-7f840001a000 r--s 00000000 08:20 53679                      /var/cache/fontconfig/20ac4933-8590-4694-bbc6-a7c2e58941a0-le64.cache-7
7f840001a000-7f8400028000 r--s 00000000 08:20 77647                      /var/cache/fontconfig/79ff78d0-08f1-47b2-9aff-ac06d0aceca6-le64.cache-7
7f8400028000-7f8400029000 ---p 00000000 00:00 0 
7f8400029000-7f8400129000 rw-p 00000000 00:00 0 
7f8400129000-7f840012a000 ---p 00000000 00:00 0 
7f840012a000-7f840022a000 rw-p 00000000 00:00 0 
7f840022a000-7f840022b000 ---p 00000000 00:00 0 
7f840022b000-7f840022f000 ---p 00000000 00:00 0 
7f840022f000-7f8400a2b000 rw-p 00000000 00:00 0 
7f8400a2b000-7f8400a2d000 r--p 00000000 08:20 20485                      /usr/lib/x86_64-linux-gnu/libkeyutils.so.1.8
7f8400a2d000-7f8400a2f000 r-xp 00002000 08:20 20485                      /usr/lib/x86_64-linux-gnu/libkeyutils.so.1.8
7f8400a2f000-7f8400a30000 r--p 00004000 08:20 20485                      /usr/lib/x86_64-linux-gnu/libkeyutils.so.1.8
7f8400a30000-7f8400a31000 r--p 00004000 08:20 20485                      /usr/lib/x86_64-linux-gnu/libkeyutils.so.1.8
7f8400a31000-7f8400a32000 rw-p 00005000 08:20 20485                      /usr/lib/x86_64-linux-gnu/libkeyutils.so.1.8
7f8400a32000-7f8400a35000 r--p 00000000 08:20 26225                      /usr/lib/x86_64-linux-gnu/libkrb5support.so.0.1
7f8400a35000-7f8400a3c000 r-xp 00003000 08:20 26225                      /usr/lib/x86_64-linux-gnu/libkrb5support.so.0.1
7f8400a3c000-7f8400a3f000 r--p 0000a000 08:20 26225                      /usr/lib/x86_64-linux-gnu/libkrb5support.so.0.1
7f8400a3f000-7f8400a40000 r--p 0000c000 08:20 26225                      /usr/lib/x86_64-linux-gnu/libkrb5support.so.0.1
7f8400a40000-7f8400a41000 rw-p 0000d000 08:20 26225                      /usr/lib/x86_64-linux-gnu/libkrb5support.so.0.1
7f8400a41000-7f8400a43000 r--p 00000000 08:20 21494                      /usr/lib/x86_64-linux-gnu/libcom_err.so.2.1
7f8400a43000-7f8400a45000 r-xp 00002000 08:20 21494                      /usr/lib/x86_64-linux-gnu/libcom_err.so.2.1
7f8400a45000-7f8400a46000 r--p 00004000 08:20 21494                      /usr/lib/x86_64-linux-gnu/libcom_err.so.2.1
7f8400a46000-7f8400a47000 r--p 00004000 08:20 21494                      /usr/lib/x86_64-linux-gnu/libcom_err.so.2.1
7f8400a47000-7f8400a48000 rw-p 00005000 08:20 21494                      /usr/lib/x86_64-linux-gnu/libcom_err.so.2.1
7f8400a48000-7f8400a4c000 r--p 00000000 08:20 45902                      /usr/lib/x86_64-linux-gnu/libk5crypto.so.3.1
7f8400a4c000-7f8400a68000 r-xp 00004000 08:20 45902                      /usr/lib/x86_64-linux-gnu/libk5crypto.so.3.1
7f8400a68000-7f8400a75000 r--p 00020000 08:20 45902                      /usr/lib/x86_64-linux-gnu/libk5crypto.so.3.1
7f8400a75000-7f8400a76000 ---p 0002d000 08:20 45902                      /usr/lib/x86_64-linux-gnu/libk5crypto.so.3.1
7f8400a76000-7f8400a77000 r--p 0002d000 08:20 45902                      /usr/lib/x86_64-linux-gnu/libk5crypto.so.3.1
7f8400a77000-7f8400a78000 rw-p 0002e000 08:20 45902                      /usr/lib/x86_64-linux-gnu/libk5crypto.so.3.1
7f8400a78000-7f8400a79000 rw-p 00000000 00:00 0 
7f8400a79000-7f8400a9b000 r--p 00000000 08:20 45890                      /usr/lib/x86_64-linux-gnu/libkrb5.so.3.3
7f8400a9b000-7f8400afc000 r-xp 00022000 08:20 45890                      /usr/lib/x86_64-linux-gnu/libkrb5.so.3.3
7f8400afc000-7f8400b45000 r--p 00083000 08:20 45890                      /usr/lib/x86_64-linux-gnu/libkrb5.so.3.3
7f8400b45000-7f8400b46000 ---p 000cc000 08:20 45890                      /usr/lib/x86_64-linux-gnu/libkrb5.so.3.3
7f8400b46000-7f8400b54000 r--p 000cc000 08:20 45890                      /usr/lib/x86_64-linux-gnu/libkrb5.so.3.3
7f8400b54000-7f8400b56000 rw-p 000da000 08:20 45890                      /usr/lib/x86_64-linux-gnu/libkrb5.so.3.3
7f8400b56000-7f8400b57000 r--p 00000000 08:20 12396                      /usr/lib/x86_64-linux-gnu/libicudata.so.66.1
7f8400b57000-7f8400b58000 r-xp 00001000 08:20 12396                      /usr/lib/x86_64-linux-gnu/libicudata.so.66.1
7f8400b58000-7f8402615000 r--p 00002000 08:20 12396                      /usr/lib/x86_64-linux-gnu/libicudata.so.66.1
7f8402615000-7f8402616000 r--p 01abe000 08:20 12396                      /usr/lib/x86_64-linux-gnu/libicudata.so.66.1
7f8402616000-7f8402617000 rw-p 01abf000 08:20 12396                      /usr/lib/x86_64-linux-gnu/libicudata.so.66.1
7f8402617000-7f8402620000 r--p 00000000 08:20 9457                       /usr/lib/x86_64-linux-gnu/libgomp.so.1.0.0
7f8402620000-7f840264b000 r-xp 00009000 08:20 9457                       /usr/lib/x86_64-linux-gnu/libgomp.so.1.0.0
7f840264b000-7f8402657000 r--p 00034000 08:20 9457                       /usr/lib/x86_64-linux-gnu/libgomp.so.1.0.0
7f8402657000-7f8402658000 r--p 0003f000 08:20 9457                       /usr/lib/x86_64-linux-gnu/libgomp.so.1.0.0
7f8402658000-7f8402659000 rw-p 00040000 08:20 9457                       /usr/lib/x86_64-linux-gnu/libgomp.so.1.0.0
7f8402659000-7f8402664000 r--p 00000000 08:20 45886                      /usr/lib/x86_64-linux-gnu/libgssapi_krb5.so.2.2
7f8402664000-7f8402696000 r-xp 0000b000 08:20 45886                      /usr/lib/x86_64-linux-gnu/libgssapi_krb5.so.2.2
7f8402696000-7f84026a2000 r--p 0003d000 08:20 45886                      /usr/lib/x86_64-linux-gnu/libgssapi_krb5.so.2.2
7f84026a2000-7f84026a4000 r--p 00048000 08:20 45886                      /usr/lib/x86_64-linux-gnu/libgssapi_krb5.so.2.2
7f84026a4000-7f84026a6000 rw-p 0004a000 08:20 45886                      /usr/lib/x86_64-linux-gnu/libgssapi_krb5.so.2.2
7f84026a6000-7f84026aa000 r--p 00000000 08:20 12356                      /usr/lib/x86_64-linux-gnu/libgpg-error.so.0.28.0
7f84026aa000-7f84026bd000 r-xp 00004000 08:20 12356                      /usr/lib/x86_64-linux-gnu/libgpg-error.so.0.28.0
7f84026bd000-7f84026c7000 r--p 00017000 08:20 12356                      /usr/lib/x86_64-linux-gnu/libgpg-error.so.0.28.0
7f84026c7000-7f84026c8000 r--p 00020000 08:20 12356                      /usr/lib/x86_64-linux-gnu/libgpg-error.so.0.28.0
7f84026c8000-7f84026c9000 rw-p 00021000 08:20 12356                      /usr/lib/x86_64-linux-gnu/libgpg-error.so.0.28.0
7f84026c9000-7f84026d5000 r--p 00000000 08:20 12334                      /usr/lib/x86_64-linux-gnu/libgcrypt.so.20.2.5
7f84026d5000-7f84027a3000 r-xp 0000c000 08:20 12334                      /usr/lib/x86_64-linux-gnu/libgcrypt.so.20.2.5
7f84027a3000-7f84027e0000 r--p 000da000 08:20 12334                      /usr/lib/x86_64-linux-gnu/libgcrypt.so.20.2.5
7f84027e0000-7f84027e2000 r--p 00116000 08:20 12334                      /usr/lib/x86_64-linux-gnu/libgcrypt.so.20.2.5
7f84027e2000-7f84027e7000 rw-p 00118000 08:20 12334                      /usr/lib/x86_64-linux-gnu/libgcrypt.so.20.2.5
7f84027e7000-7f84027f1000 r--p 00000000 08:20 21984                      /usr/lib/x86_64-linux-gnu/libgmp.so.10.4.0
7f84027f1000-7f8402851000 r-xp 0000a000 08:20 21984                      /usr/lib/x86_64-linux-gnu/libgmp.so.10.4.0
7f8402851000-7f8402868000 r--p 0006a000 08:20 21984                      /usr/lib/x86_64-linux-gnu/libgmp.so.10.4.0
7f8402868000-7f8402869000 ---p 00081000 08:20 21984                      /usr/lib/x86_64-linux-gnu/libgmp.so.10.4.0
7f8402869000-7f840286a000 r--p 00081000 08:20 21984                      /usr/lib/x86_64-linux-gnu/libgmp.so.10.4.0
7f840286a000-7f840286b000 rw-p 00082000 08:20 21984                      /usr/lib/x86_64-linux-gnu/libgmp.so.10.4.0
7f840286b000-7f8402872000 r--p 00000000 08:20 12392                      /usr/lib/x86_64-linux-gnu/libhogweed.so.5.0
7f8402872000-7f8402882000 r-xp 00007000 08:20 12392                      /usr/lib/x86_64-linux-gnu/libhogweed.so.5.0
7f8402882000-7f84028a0000 r--p 00017000 08:20 12392                      /usr/lib/x86_64-linux-gnu/libhogweed.so.5.0
7f84028a0000-7f84028a1000 r--p 00034000 08:20 12392                      /usr/lib/x86_64-linux-gnu/libhogweed.so.5.0
7f84028a1000-7f84028a2000 rw-p 00035000 08:20 12392                      /usr/lib/x86_64-linux-gnu/libhogweed.so.5.0
7f84028a2000-7f84028ab000 r--p 00000000 08:20 12492                      /usr/lib/x86_64-linux-gnu/libnettle.so.7.0
7f84028ab000-7f84028c9000 r-xp 00009000 08:20 12492                      /usr/lib/x86_64-linux-gnu/libnettle.so.7.0
7f84028c9000-7f84028d9000 r--p 00027000 08:20 12492                      /usr/lib/x86_64-linux-gnu/libnettle.so.7.0
7f84028d9000-7f84028db000 r--p 00036000 08:20 12492                      /usr/lib/x86_64-linux-gnu/libnettle.so.7.0
7f84028db000-7f84028dc000 rw-p 00038000 08:20 12492                      /usr/lib/x86_64-linux-gnu/libnettle.so.7.0
7f84028dc000-7f84028df000 r--p 00000000 08:20 12648                      /usr/lib/x86_64-linux-gnu/libtasn1.so.6.6.0
7f84028df000-7f84028eb000 r-xp 00003000 08:20 12648                      /usr/lib/x86_64-linux-gnu/libtasn1.so.6.6.0
7f84028eb000-7f84028ef000 r--p 0000f000 08:20 12648                      /usr/lib/x86_64-linux-gnu/libtasn1.so.6.6.0
7f84028ef000-7f84028f0000 ---p 00013000 08:20 12648                      /usr/lib/x86_64-linux-gnu/libtasn1.so.6.6.0
7f84028f0000-7f84028f1000 r--p 00013000 08:20 12648                      /usr/lib/x86_64-linux-gnu/libtasn1.so.6.6.0
7f84028f1000-7f84028f2000 rw-p 00014000 08:20 12648                      /usr/lib/x86_64-linux-gnu/libtasn1.so.6.6.0
7f84028f2000-7f8402902000 r--p 00000000 08:20 12680                      /usr/lib/x86_64-linux-gnu/libunistring.so.2.1.0
7f8402902000-7f8402938000 r-xp 00010000 08:20 12680                      /usr/lib/x86_64-linux-gnu/libunistring.so.2.1.0
7f8402938000-7f8402a6f000 r--p 00046000 08:20 12680                      /usr/lib/x86_64-linux-gnu/libunistring.so.2.1.0
7f8402a6f000-7f8402a70000 ---p 0017d000 08:20 12680                      /usr/lib/x86_64-linux-gnu/libunistring.so.2.1.0
7f8402a70000-7f8402a73000 r--p 0017d000 08:20 12680                      /usr/lib/x86_64-linux-gnu/libunistring.so.2.1.0
7f8402a73000-7f8402a74000 rw-p 00180000 08:20 12680                      /usr/lib/x86_64-linux-gnu/libunistring.so.2.1.0
7f8402a74000-7f8402a76000 r--p 00000000 08:20 12408                      /usr/lib/x86_64-linux-gnu/libidn2.so.0.3.6
7f8402a76000-7f8402a7b000 r-xp 00002000 08:20 12408                      /usr/lib/x86_64-linux-gnu/libidn2.so.0.3.6
7f8402a7b000-7f8402a92000 r--p 00007000 08:20 12408                      /usr/lib/x86_64-linux-gnu/libidn2.so.0.3.6
7f8402a92000-7f8402a93000 ---p 0001e000 08:20 12408                      /usr/lib/x86_64-linux-gnu/libidn2.so.0.3.6
7f8402a93000-7f8402a94000 r--p 0001e000 08:20 12408                      /usr/lib/x86_64-linux-gnu/libidn2.so.0.3.6
7f8402a94000-7f8402a95000 rw-p 0001f000 08:20 12408                      /usr/lib/x86_64-linux-gnu/libidn2.so.0.3.6
7f8402a95000-7f8402ac0000 r--p 00000000 08:20 12530                      /usr/lib/x86_64-linux-gnu/libp11-kit.so.0.3.0
7f8402ac0000-7f8402b5a000 r-xp 0002b000 08:20 12530                      /usr/lib/x86_64-linux-gnu/libp11-kit.so.0.3.0
7f8402b5a000-7f8402bb6000 r--p 000c5000 08:20 12530                      /usr/lib/x86_64-linux-gnu/libp11-kit.so.0.3.0
7f8402bb6000-7f8402bc1000 r--p 00120000 08:20 12530                      /usr/lib/x86_64-linux-gnu/libp11-kit.so.0.3.0
7f8402bc1000-7f8402bcb000 rw-p 0012b000 08:20 12530                      /usr/lib/x86_64-linux-gnu/libp11-kit.so.0.3.0
7f8402bcb000-7f8402bcd000 r--p 00000000 08:20 12722                      /usr/lib/x86_64-linux-gnu/libvorbisfile.so.3.3.7
7f8402bcd000-7f8402bd2000 r-xp 00002000 08:20 12722                      /usr/lib/x86_64-linux-gnu/libvorbisfile.so.3.3.7
7f8402bd2000-7f8402bd3000 r--p 00007000 08:20 12722                      /usr/lib/x86_64-linux-gnu/libvorbisfile.so.3.3.7
7f8402bd3000-7f8402bd4000 ---p 00008000 08:20 12722                      /usr/lib/x86_64-linux-gnu/libvorbisfile.so.3.3.7
7f8402bd4000-7f8402bd5000 r--p 00008000 08:20 12722                      /usr/lib/x86_64-linux-gnu/libvorbisfile.so.3.3.7
7f8402bd5000-7f8402bd6000 rw-p 00009000 08:20 12722                      /usr/lib/x86_64-linux-gnu/libvorbisfile.so.3.3.7
7f8402bd6000-7f8402bdb000 r--p 00000000 08:20 93596                      /usr/lib/x86_64-linux-gnu/libmpg123.so.0.44.10
7f8402bdb000-7f8402c16000 r-xp 00005000 08:20 93596                      /usr/lib/x86_64-linux-gnu/libmpg123.so.0.44.10
7f8402c16000-7f8402c24000 r--p 00040000 08:20 93596                      /usr/lib/x86_64-linux-gnu/libmpg123.so.0.44.10
7f8402c24000-7f8402c25000 r--p 0004d000 08:20 93596                      /usr/lib/x86_64-linux-gnu/libmpg123.so.0.44.10
7f8402c25000-7f8402c26000 rw-p 0004e000 08:20 93596                      /usr/lib/x86_64-linux-gnu/libmpg123.so.0.44.10
7f8402c26000-7f8402c36000 rw-p 00000000 00:00 0 
7f8402c36000-7f8402c9b000 r--p 00000000 08:20 12406                      /usr/lib/x86_64-linux-gnu/libicuuc.so.66.1
7f8402c9b000-7f8402d80000 r-xp 00065000 08:20 12406                      /usr/lib/x86_64-linux-gnu/libicuuc.so.66.1
7f8402d80000-7f8402e06000 r--p 0014a000 08:20 12406                      /usr/lib/x86_64-linux-gnu/libicuuc.so.66.1
7f8402e06000-7f8402e07000 ---p 001d0000 08:20 12406                      /usr/lib/x86_64-linux-gnu/libicuuc.so.66.1
7f8402e07000-7f8402e19000 r--p 001d0000 08:20 12406                      /usr/lib/x86_64-linux-gnu/libicuuc.so.66.1
7f8402e19000-7f8402e1a000 rw-p 001e2000 08:20 12406                      /usr/lib/x86_64-linux-gnu/libicuuc.so.66.1
7f8402e1a000-7f8402e1c000 rw-p 00000000 00:00 0 
7f8402e1c000-7f8402e25000 r-xp 00000000 08:20 70603                      /usr/lib/x86_64-linux-gnu/libOpenCL.so.1.0.0
7f8402e25000-7f8403025000 ---p 00009000 08:20 70603                      /usr/lib/x86_64-linux-gnu/libOpenCL.so.1.0.0
7f8403025000-7f8403026000 r--p 00009000 08:20 70603                      /usr/lib/x86_64-linux-gnu/libOpenCL.so.1.0.0
7f8403026000-7f8403027000 rw-p 0000a000 08:20 70603                      /usr/lib/x86_64-linux-gnu/libOpenCL.so.1.0.0
7f8403027000-7f840302b000 r--p 00000000 08:20 70842                      /usr/lib/x86_64-linux-gnu/libsoxr.so.0.1.2
7f840302b000-7f8403053000 r-xp 00004000 08:20 70842                      /usr/lib/x86_64-linux-gnu/libsoxr.so.0.1.2
7f8403053000-7f8403059000 r--p 0002c000 08:20 70842                      /usr/lib/x86_64-linux-gnu/libsoxr.so.0.1.2
7f8403059000-7f840305a000 ---p 00032000 08:20 70842                      /usr/lib/x86_64-linux-gnu/libsoxr.so.0.1.2
7f840305a000-7f840305c000 r--p 00032000 08:20 70842                      /usr/lib/x86_64-linux-gnu/libsoxr.so.0.1.2
7f840305c000-7f840305d000 rw-p 00034000 08:20 70842                      /usr/lib/x86_64-linux-gnu/libsoxr.so.0.1.2
7f840305d000-7f8403092000 rw-p 00000000 00:00 0 
7f8403092000-7f84030d2000 r--p 00000000 08:20 71337                      /usr/lib/x86_64-linux-gnu/libx265.so.179
7f84030d2000-7f8403f6a000 r-xp 00040000 08:20 71337                      /usr/lib/x86_64-linux-gnu/libx265.so.179
7f8403f6a000-7f8403fea000 r--p 00ed8000 08:20 71337                      /usr/lib/x86_64-linux-gnu/libx265.so.179
7f8403fea000-7f8403fed000 r--p 00f57000 08:20 71337                      /usr/lib/x86_64-linux-gnu/libx265.so.179
7f8403fed000-7f8403ff0000 rw-p 00f5a000 08:20 71337                      /usr/lib/x86_64-linux-gnu/libx265.so.179
7f8403ff0000-7f8404000000 rw-p 00000000 00:00 0 
7f8404000000-7f8404021000 rw-p 00000000 00:00 0 
7f8404021000-7f8408000000 ---p 00000000 00:00 0 
7f8408006000-7f8408008000 r--p 00000000 08:20 12528                      /usr/lib/x86_64-linux-gnu/libogg.so.0.8.4
7f8408008000-7f840800d000 r-xp 00002000 08:20 12528                      /usr/lib/x86_64-linux-gnu/libogg.so.0.8.4
7f840800d000-7f8408010000 r--p 00007000 08:20 12528                      /usr/lib/x86_64-linux-gnu/libogg.so.0.8.4
7f8408010000-7f8408011000 ---p 0000a000 08:20 12528                      /usr/lib/x86_64-linux-gnu/libogg.so.0.8.4
7f8408011000-7f8408012000 r--p 0000a000 08:20 12528                      /usr/lib/x86_64-linux-gnu/libogg.so.0.8.4
7f8408012000-7f8408013000 rw-p 0000b000 08:20 12528                      /usr/lib/x86_64-linux-gnu/libogg.so.0.8.4
7f8408013000-7f8408017000 r--p 00000000 08:20 54240                      /usr/lib/x86_64-linux-gnu/libcairo-gobject.so.2.11600.0
7f8408017000-7f8408019000 r-xp 00004000 08:20 54240                      /usr/lib/x86_64-linux-gnu/libcairo-gobject.so.2.11600.0
7f8408019000-7f840801b000 r--p 00006000 08:20 54240                      /usr/lib/x86_64-linux-gnu/libcairo-gobject.so.2.11600.0
7f840801b000-7f840801c000 ---p 00008000 08:20 54240                      /usr/lib/x86_64-linux-gnu/libcairo-gobject.so.2.11600.0
7f840801c000-7f840801e000 r--p 00008000 08:20 54240                      /usr/lib/x86_64-linux-gnu/libcairo-gobject.so.2.11600.0
7f840801e000-7f840801f000 rw-p 0000a000 08:20 54240                      /usr/lib/x86_64-linux-gnu/libcairo-gobject.so.2.11600.0
7f840801f000-7f8408020000 r--p 00000000 08:20 70561                      /usr/lib/x86_64-linux-gnu/libvdpau.so.1.0.0
7f8408020000-7f8408022000 r-xp 00001000 08:20 70561                      /usr/lib/x86_64-linux-gnu/libvdpau.so.1.0.0
7f8408022000-7f8408023000 r--p 00003000 08:20 70561                      /usr/lib/x86_64-linux-gnu/libvdpau.so.1.0.0
7f8408023000-7f8408024000 r--p 00003000 08:20 70561                      /usr/lib/x86_64-linux-gnu/libvdpau.so.1.0.0
7f8408024000-7f8408025000 rw-p 00004000 08:20 70561                      /usr/lib/x86_64-linux-gnu/libvdpau.so.1.0.0
7f8408025000-7f8408027000 r--p 00000000 08:20 70356                      /usr/lib/x86_64-linux-gnu/libva-x11.so.2.700.0
7f8408027000-7f840802a000 r-xp 00002000 08:20 70356                      /usr/lib/x86_64-linux-gnu/libva-x11.so.2.700.0
7f840802a000-7f840802b000 r--p 00005000 08:20 70356                      /usr/lib/x86_64-linux-gnu/libva-x11.so.2.700.0
7f840802b000-7f840802c000 r--p 00005000 08:20 70356                      /usr/lib/x86_64-linux-gnu/libva-x11.so.2.700.0
7f840802c000-7f840802d000 rw-p 00006000 08:20 70356                      /usr/lib/x86_64-linux-gnu/libva-x11.so.2.700.0
7f840802d000-7f8408039000 r--p 00000000 08:20 15514                      /usr/lib/x86_64-linux-gnu/libssh-gcrypt.so.4.8.4
7f8408039000-7f840807f000 r-xp 0000c000 08:20 15514                      /usr/lib/x86_64-linux-gnu/libssh-gcrypt.so.4.8.4
7f840807f000-7f84080b6000 r--p 00052000 08:20 15514                      /usr/lib/x86_64-linux-gnu/libssh-gcrypt.so.4.8.4
7f84080b6000-7f84080b7000 ---p 00089000 08:20 15514                      /usr/lib/x86_64-linux-gnu/libssh-gcrypt.so.4.8.4
7f84080b7000-7f84080b9000 r--p 00089000 08:20 15514                      /usr/lib/x86_64-linux-gnu/libssh-gcrypt.so.4.8.4
7f84080b9000-7f84080bb000 rw-p 0008b000 08:20 15514                      /usr/lib/x86_64-linux-gnu/libssh-gcrypt.so.4.8.4
7f84080bb000-7f84080ea000 r--p 00000000 08:20 11328                      /usr/lib/x86_64-linux-gnu/libgnutls.so.30.27.0
7f84080ea000-7f840820b000 r-xp 0002f000 08:20 11328                      /usr/lib/x86_64-linux-gnu/libgnutls.so.30.27.0
7f840820b000-7f840827c000 r--p 00150000 08:20 11328                      /usr/lib/x86_64-linux-gnu/libgnutls.so.30.27.0
7f840827c000-7f840827d000 ---p 001c1000 08:20 11328                      /usr/lib/x86_64-linux-gnu/libgnutls.so.30.27.0
7f840827d000-7f840828c000 r--p 001c1000 08:20 11328                      /usr/lib/x86_64-linux-gnu/libgnutls.so.30.27.0
7f840828c000-7f840828e000 rw-p 001d0000 08:20 11328                      /usr/lib/x86_64-linux-gnu/libgnutls.so.30.27.0
7f840828e000-7f8408290000 rw-p 00000000 00:00 0 
7f8408290000-7f8408295000 r--p 00000000 08:20 92380                      /usr/lib/x86_64-linux-gnu/libbluray.so.2.2.0
7f8408295000-7f84082cb000 r-xp 00005000 08:20 92380                      /usr/lib/x86_64-linux-gnu/libbluray.so.2.2.0
7f84082cb000-7f84082de000 r--p 0003b000 08:20 92380                      /usr/lib/x86_64-linux-gnu/libbluray.so.2.2.0
7f84082de000-7f84082e0000 r--p 0004d000 08:20 92380                      /usr/lib/x86_64-linux-gnu/libbluray.so.2.2.0
7f84082e0000-7f84082e1000 rw-p 0004f000 08:20 92380                      /usr/lib/x86_64-linux-gnu/libbluray.so.2.2.0
7f84082e1000-7f84082e4000 r--p 00000000 08:20 93570                      /usr/lib/x86_64-linux-gnu/libchromaprint.so.1.4.3
7f84082e4000-7f84082f0000 r-xp 00003000 08:20 93570                      /usr/lib/x86_64-linux-gnu/libchromaprint.so.1.4.3
7f84082f0000-7f84082f5000 r--p 0000f000 08:20 93570                      /usr/lib/x86_64-linux-gnu/libchromaprint.so.1.4.3
7f84082f5000-7f84082f6000 r--p 00013000 08:20 93570                      /usr/lib/x86_64-linux-gnu/libchromaprint.so.1.4.3
7f84082f6000-7f84082f7000 rw-p 00014000 08:20 93570                      /usr/lib/x86_64-linux-gnu/libchromaprint.so.1.4.3
7f84082f7000-7f840830d000 r--p 00000000 08:20 93610                      /usr/lib/x86_64-linux-gnu/libopenmpt.so.0.1.1
7f840830d000-7f8408450000 r-xp 00016000 08:20 93610                      /usr/lib/x86_64-linux-gnu/libopenmpt.so.0.1.1
7f8408450000-7f840848c000 r--p 00159000 08:20 93610                      /usr/lib/x86_64-linux-gnu/libopenmpt.so.0.1.1
7f840848c000-7f8408491000 r--p 00194000 08:20 93610                      /usr/lib/x86_64-linux-gnu/libopenmpt.so.0.1.1
7f8408491000-7f8408492000 rw-p 00199000 08:20 93610                      /usr/lib/x86_64-linux-gnu/libopenmpt.so.0.1.1
7f8408492000-7f84084e4000 rw-p 00000000 00:00 0 
7f84084e4000-7f84084eb000 r--p 00000000 08:20 93583                      /usr/lib/x86_64-linux-gnu/libgme.so.0.6.2
7f84084eb000-7f840851b000 r-xp 00007000 08:20 93583                      /usr/lib/x86_64-linux-gnu/libgme.so.0.6.2
7f840851b000-7f840852d000 r--p 00037000 08:20 93583                      /usr/lib/x86_64-linux-gnu/libgme.so.0.6.2
7f840852d000-7f8408530000 r--p 00048000 08:20 93583                      /usr/lib/x86_64-linux-gnu/libgme.so.0.6.2
7f8408530000-7f8408531000 rw-p 0004b000 08:20 93583                      /usr/lib/x86_64-linux-gnu/libgme.so.0.6.2
7f8408531000-7f8408534000 r--p 00000000 08:20 12526                      /usr/lib/x86_64-linux-gnu/libnuma.so.1.0.0
7f8408534000-7f8408539000 r-xp 00003000 08:20 12526                      /usr/lib/x86_64-linux-gnu/libnuma.so.1.0.0
7f8408539000-7f840853b000 r--p 00008000 08:20 12526                      /usr/lib/x86_64-linux-gnu/libnuma.so.1.0.0
7f840853b000-7f840853c000 ---p 0000a000 08:20 12526                      /usr/lib/x86_64-linux-gnu/libnuma.so.1.0.0
7f840853c000-7f840853d000 r--p 0000a000 08:20 12526                      /usr/lib/x86_64-linux-gnu/libnuma.so.1.0.0
7f840853d000-7f840853e000 rw-p 0000b000 08:20 12526                      /usr/lib/x86_64-linux-gnu/libnuma.so.1.0.0
7f8408541000-7f8408542000 r--p 00000000 08:20 70343                      /usr/lib/x86_64-linux-gnu/libva-drm.so.2.700.0
7f8408542000-7f8408543000 r-xp 00001000 08:20 70343                      /usr/lib/x86_64-linux-gnu/libva-drm.so.2.700.0
7f8408543000-7f8408544000 r--p 00002000 08:20 70343                      /usr/lib/x86_64-linux-gnu/libva-drm.so.2.700.0
7f8408544000-7f8408545000 r--p 00002000 08:20 70343                      /usr/lib/x86_64-linux-gnu/libva-drm.so.2.700.0
7f8408545000-7f8408546000 rw-p 00003000 08:20 70343                      /usr/lib/x86_64-linux-gnu/libva-drm.so.2.700.0
7f8408546000-7f8408548000 r--p 00000000 08:20 12217                      /usr/lib/x86_64-linux-gnu/libbz2.so.1.0.4
7f8408548000-7f8408555000 r-xp 00002000 08:20 12217                      /usr/lib/x86_64-linux-gnu/libbz2.so.1.0.4
7f8408555000-7f8408557000 r--p 0000f000 08:20 12217                      /usr/lib/x86_64-linux-gnu/libbz2.so.1.0.4
7f8408557000-7f8408558000 r--p 00010000 08:20 12217                      /usr/lib/x86_64-linux-gnu/libbz2.so.1.0.4
7f8408558000-7f8408559000 rw-p 00011000 08:20 12217                      /usr/lib/x86_64-linux-gnu/libbz2.so.1.0.4
7f8408559000-7f8408586000 r--p 00000000 08:20 10290                      /usr/lib/x86_64-linux-gnu/libxml2.so.2.9.10
7f8408586000-7f84086b0000 r-xp 0002d000 08:20 10290                      /usr/lib/x86_64-linux-gnu/libxml2.so.2.9.10
7f84086b0000-7f8408707000 r--p 00157000 08:20 10290                      /usr/lib/x86_64-linux-gnu/libxml2.so.2.9.10
7f8408707000-7f8408710000 r--p 001ad000 08:20 10290                      /usr/lib/x86_64-linux-gnu/libxml2.so.2.9.10
7f8408710000-7f8408711000 rw-p 001b6000 08:20 10290                      /usr/lib/x86_64-linux-gnu/libxml2.so.2.9.10
7f8408711000-7f8408713000 rw-p 00000000 00:00 0 
7f8408713000-7f8408716000 r--p 00000000 08:20 70330                      /usr/lib/x86_64-linux-gnu/libva.so.2.700.0
7f8408716000-7f840872b000 r-xp 00003000 08:20 70330                      /usr/lib/x86_64-linux-gnu/libva.so.2.700.0
7f840872b000-7f840873a000 r--p 00018000 08:20 70330                      /usr/lib/x86_64-linux-gnu/libva.so.2.700.0
7f840873a000-7f840873b000 r--p 00026000 08:20 70330                      /usr/lib/x86_64-linux-gnu/libva.so.2.700.0
7f840873b000-7f840873c000 rw-p 00027000 08:20 70330                      /usr/lib/x86_64-linux-gnu/libva.so.2.700.0
7f840873c000-7f840873e000 r--p 00000000 08:20 71394                      /usr/lib/x86_64-linux-gnu/libxvidcore.so.4.3
7f840873e000-7f84087c8000 r-xp 00002000 08:20 71394                      /usr/lib/x86_64-linux-gnu/libxvidcore.so.4.3
7f84087c8000-7f84087db000 r--p 0008c000 08:20 71394                      /usr/lib/x86_64-linux-gnu/libxvidcore.so.4.3
7f84087db000-7f84087dc000 r--p 0009e000 08:20 71394                      /usr/lib/x86_64-linux-gnu/libxvidcore.so.4.3
7f84087dc000-7f84087e6000 rw-p 0009f000 08:20 71394                      /usr/lib/x86_64-linux-gnu/libxvidcore.so.4.3
7f84087e6000-7f840884f000 rw-p 00000000 00:00 0 
7f840884f000-7f840885b000 r--p 00000000 08:20 70989                      /usr/lib/x86_64-linux-gnu/libx264.so.155
7f840885b000-7f84089d6000 r-xp 0000c000 08:20 70989                      /usr/lib/x86_64-linux-gnu/libx264.so.155
7f84089d6000-7f8408a11000 r--p 00187000 08:20 70989                      /usr/lib/x86_64-linux-gnu/libx264.so.155
7f8408a11000-7f8408a13000 r--p 001c1000 08:20 70989                      /usr/lib/x86_64-linux-gnu/libx264.so.155
7f8408a13000-7f8408a14000 rw-p 001c3000 08:20 70989                      /usr/lib/x86_64-linux-gnu/libx264.so.155
7f8408a14000-7f8408b0d000 rw-p 00000000 00:00 0 
7f8408b0d000-7f8408b0f000 r--p 00000000 08:20 70967                      /usr/lib/x86_64-linux-gnu/libwavpack.so.1.2.1
7f8408b0f000-7f8408b2e000 r-xp 00002000 08:20 70967                      /usr/lib/x86_64-linux-gnu/libwavpack.so.1.2.1
7f8408b2e000-7f8408b37000 r--p 00021000 08:20 70967                      /usr/lib/x86_64-linux-gnu/libwavpack.so.1.2.1
7f8408b37000-7f8408b38000 r--p 00029000 08:20 70967                      /usr/lib/x86_64-linux-gnu/libwavpack.so.1.2.1
7f8408b38000-7f8408b39000 rw-p 0002a000 08:20 70967                      /usr/lib/x86_64-linux-gnu/libwavpack.so.1.2.1
7f8408b39000-7f8408b4d000 r--p 00000000 08:20 12720                      /usr/lib/x86_64-linux-gnu/libvorbisenc.so.2.0.11
7f8408b4d000-7f8408b50000 r-xp 00014000 08:20 12720                      /usr/lib/x86_64-linux-gnu/libvorbisenc.so.2.0.11
7f8408b50000-7f8408bc7000 r--p 00017000 08:20 12720                      /usr/lib/x86_64-linux-gnu/libvorbisenc.so.2.0.11
7f8408bc7000-7f8408be3000 r--p 0008d000 08:20 12720                      /usr/lib/x86_64-linux-gnu/libvorbisenc.so.2.0.11
7f8408be3000-7f8408be4000 rw-p 000a9000 08:20 12720                      /usr/lib/x86_64-linux-gnu/libvorbisenc.so.2.0.11
7f8408be4000-7f8408be7000 r--p 00000000 08:20 12718                      /usr/lib/x86_64-linux-gnu/libvorbis.so.0.4.8
7f8408be7000-7f8408bfe000 r-xp 00003000 08:20 12718                      /usr/lib/x86_64-linux-gnu/libvorbis.so.0.4.8
7f8408bfe000-7f8408c0f000 r--p 0001a000 08:20 12718                      /usr/lib/x86_64-linux-gnu/libvorbis.so.0.4.8
7f8408c0f000-7f8408c10000 ---p 0002b000 08:20 12718                      /usr/lib/x86_64-linux-gnu/libvorbis.so.0.4.8
7f8408c10000-7f8408c11000 r--p 0002b000 08:20 12718                      /usr/lib/x86_64-linux-gnu/libvorbis.so.0.4.8
7f8408c11000-7f8408c12000 rw-p 0002c000 08:20 12718                      /usr/lib/x86_64-linux-gnu/libvorbis.so.0.4.8
7f8408c12000-7f8408c14000 r--p 00000000 08:20 70918                      /usr/lib/x86_64-linux-gnu/libtwolame.so.0.0.0
7f8408c14000-7f8408c22000 r-xp 00002000 08:20 70918                      /usr/lib/x86_64-linux-gnu/libtwolame.so.0.0.0
7f8408c22000-7f8408c31000 r--p 00010000 08:20 70918                      /usr/lib/x86_64-linux-gnu/libtwolame.so.0.0.0
7f8408c31000-7f8408c32000 ---p 0001f000 08:20 70918                      /usr/lib/x86_64-linux-gnu/libtwolame.so.0.0.0
7f8408c32000-7f8408c33000 r--p 0001f000 08:20 70918                      /usr/lib/x86_64-linux-gnu/libtwolame.so.0.0.0
7f8408c33000-7f8408c34000 rw-p 00020000 08:20 70918                      /usr/lib/x86_64-linux-gnu/libtwolame.so.0.0.0
7f8408c34000-7f8408c38000 rw-p 00000000 00:00 0 
7f8408c38000-7f8408c3a000 r--p 00000000 08:20 70886                      /usr/lib/x86_64-linux-gnu/libtheoradec.so.1.1.4
7f8408c3a000-7f8408c53000 r-xp 00002000 08:20 70886                      /usr/lib/x86_64-linux-gnu/libtheoradec.so.1.1.4
7f8408c53000-7f8408c56000 r--p 0001b000 08:20 70886                      /usr/lib/x86_64-linux-gnu/libtheoradec.so.1.1.4
7f8408c56000-7f8408c57000 r--p 0001d000 08:20 70886                      /usr/lib/x86_64-linux-gnu/libtheoradec.so.1.1.4
7f8408c57000-7f8408c58000 rw-p 0001e000 08:20 70886                      /usr/lib/x86_64-linux-gnu/libtheoradec.so.1.1.4
7f8408c58000-7f8408c5a000 r--p 00000000 08:20 70887                      /usr/lib/x86_64-linux-gnu/libtheoraenc.so.1.1.2
7f8408c5a000-7f8408c81000 r-xp 00002000 08:20 70887                      /usr/lib/x86_64-linux-gnu/libtheoraenc.so.1.1.2
7f8408c81000-7f8408c93000 r--p 00029000 08:20 70887                      /usr/lib/x86_64-linux-gnu/libtheoraenc.so.1.1.2
7f8408c93000-7f8408c94000 r--p 0003a000 08:20 70887                      /usr/lib/x86_64-linux-gnu/libtheoraenc.so.1.1.2
7f8408c94000-7f8408c95000 rw-p 0003b000 08:20 70887                      /usr/lib/x86_64-linux-gnu/libtheoraenc.so.1.1.2
7f8408c95000-7f8408c9f000 r-xp 00000000 08:20 70759                      /usr/lib/x86_64-linux-gnu/libshine.so.3.0.1
7f8408c9f000-7f8408e9e000 ---p 0000a000 08:20 70759                      /usr/lib/x86_64-linux-gnu/libshine.so.3.0.1
7f8408e9e000-7f8408e9f000 r--p 00009000 08:20 70759                      /usr/lib/x86_64-linux-gnu/libshine.so.3.0.1
7f8408e9f000-7f8408ea0000 rw-p 0000a000 08:20 70759                      /usr/lib/x86_64-linux-gnu/libshine.so.3.0.1
7f8408ea0000-7f8408eaa000 r--p 00000000 08:20 70672                      /usr/lib/x86_64-linux-gnu/libcodec2.so.0.9
7f8408eaa000-7f8408ee4000 r-xp 0000a000 08:20 70672                      /usr/lib/x86_64-linux-gnu/libcodec2.so.0.9
7f8408ee4000-7f8408ef5000 r--p 00044000 08:20 70672                      /usr/lib/x86_64-linux-gnu/libcodec2.so.0.9
7f8408ef5000-7f8408ef6000 ---p 00055000 08:20 70672                      /usr/lib/x86_64-linux-gnu/libcodec2.so.0.9
7f8408ef6000-7f8408ef7000 r--p 00055000 08:20 70672                      /usr/lib/x86_64-linux-gnu/libcodec2.so.0.9
7f8408ef7000-7f8409c7d000 rw-p 00056000 08:20 70672                      /usr/lib/x86_64-linux-gnu/libcodec2.so.0.9
7f8409c7d000-7f8409c84000 rw-p 00000000 00:00 0 
7f8409c84000-7f8409c94000 r--p 00000000 08:20 70318                      /usr/lib/x86_64-linux-gnu/libaom.so.0
7f8409c94000-7f8409f74000 r-xp 00010000 08:20 70318                      /usr/lib/x86_64-linux-gnu/libaom.so.0
7f8409f74000-7f840a04d000 r--p 002f0000 08:20 70318                      /usr/lib/x86_64-linux-gnu/libaom.so.0
7f840a04d000-7f840a055000 r--p 003c8000 08:20 70318                      /usr/lib/x86_64-linux-gnu/libaom.so.0
7f840a055000-7f840a05b000 rw-p 003d0000 08:20 70318                      /usr/lib/x86_64-linux-gnu/libaom.so.0
7f840a05b000-7f840a122000 rw-p 00000000 00:00 0 
7f840a122000-7f840a22f000 r--p 00000000 08:20 29917                      /usr/lib/x86_64-linux-gnu/librsvg-2.so.2.47.0
7f840a22f000-7f840a6c5000 r-xp 0010d000 08:20 29917                      /usr/lib/x86_64-linux-gnu/librsvg-2.so.2.47.0
7f840a6c5000-7f840a97a000 r--p 005a3000 08:20 29917                      /usr/lib/x86_64-linux-gnu/librsvg-2.so.2.47.0
7f840a97a000-7f840aa3d000 r--p 00857000 08:20 29917                      /usr/lib/x86_64-linux-gnu/librsvg-2.so.2.47.0
7f840aa3d000-7f840aa3e000 rw-p 0091a000 08:20 29917                      /usr/lib/x86_64-linux-gnu/librsvg-2.so.2.47.0
7f840aa3e000-7f840aa3f000 rw-p 00000000 00:00 0 
7f840aa3f000-7f840aab4000 r--p 00000000 08:20 91484                      /usr/lib/x86_64-linux-gnu/libavcodec.so.58.54.100
7f840aab4000-7f840b48a000 r-xp 00075000 08:20 91484                      /usr/lib/x86_64-linux-gnu/libavcodec.so.58.54.100
7f840b48a000-7f840b7b0000 r--p 00a4b000 08:20 91484                      /usr/lib/x86_64-linux-gnu/libavcodec.so.58.54.100
7f840b7b0000-7f840b7b1000 ---p 00d71000 08:20 91484                      /usr/lib/x86_64-linux-gnu/libavcodec.so.58.54.100
7f840b7b1000-7f840b7f6000 r--p 00d71000 08:20 91484                      /usr/lib/x86_64-linux-gnu/libavcodec.so.58.54.100
7f840b7f6000-7f840b823000 rw-p 00db6000 08:20 91484                      /usr/lib/x86_64-linux-gnu/libavcodec.so.58.54.100
7f840b823000-7f840c000000 rw-p 00000000 00:00 0 
7f840c000000-7f840c021000 rw-p 00000000 00:00 0 
7f840c021000-7f8410000000 ---p 00000000 00:00 0 
7f8410000000-7f8410021000 rw-p 00000000 00:00 0 
7f8410021000-7f8414000000 ---p 00000000 00:00 0 
7f8414000000-7f8414021000 rw-p 00000000 00:00 0 
7f8414021000-7f8418000000 ---p 00000000 00:00 0 
7f8418003000-7f8418006000 r--p 00000000 08:20 70810                      /usr/lib/x86_64-linux-gnu/libspeex.so.1.5.0