#
# A fatal error has been detected by the Java Runtime Environment:
#
#  SIGSEGV (0xb) at pc=0x00007fcd78bb07f6, pid=991, tid=1136
#
# JRE version: OpenJDK Runtime Environment (17.0.9+9) (build 17.0.9+9-Ubuntu-120.04)
# Java VM: OpenJDK 64-Bit Server VM (17.0.9+9-Ubuntu-120.04, mixed mode, sharing, tiered, compressed oops, compressed class ptrs, g1 gc, linux-amd64)
# Problematic frame:
# C  [libnvwgf2umx.so+0x2ada7f6]
#
# No core dump will be written. Core dumps have been disabled. To enable core dumping, try "ulimit -c unlimited" before starting Java again
#
# If you would like to submit a bug report, please visit:
#   Unknown
#

---------------  S U M M A R Y ------------

Command Line: -agentlib:jdwp=transport=dt_socket,server=n,suspend=y,address=localhost:34455 -XX:+ShowCodeDetailsInExceptionMessages com.scc210groupproject.App

Host: AMD Ryzen 7 5800H with Radeon Graphics, 16 cores, 6G, Ubuntu 20.04.6 LTS
Time: Tue Feb 20 16:28:03 2024 GMT elapsed time: 63.167975 seconds (0d 0h 1m 3s)

---------------  T H R E A D  ---------------

Current thread is native thread

Stack: [0x00007fcd758d6000,0x00007fcd760d6000],  sp=0x00007fcd760d4e40,  free space=8187k
Native frames: (J=compiled Java code, j=interpreted, Vv=VM code, C=native code)
C  [libnvwgf2umx.so+0x2ada7f6]


siginfo: si_signo: 11 (SIGSEGV), si_code: 1 (SEGV_MAPERR), si_addr: 0x00007fce0c2d3000

Registers:
RAX=0x0000000000000028, RBX=0x00007fcd841ecd80, RCX=0x00007fcd841eee01, RDX=0x00007fcd760d4e50
RSP=0x00007fcd760d4e40, RBP=0x0000000000000000, RSI=0x00007fcd841ecd80, RDI=0x00007fcd84170d40
R8 =0x00007fcd84170d40, R9 =0x00007ffecbcc8080, R10=0x00007fcd760d4e30, R11=0x0000000000000000
R12=0x00007fcd760d4ea7, R13=0x0000000000000000, R14=0x00007fce0c2d3000, R15=0x0000000000000000
RIP=0x00007fcd78bb07f6, EFLAGS=0x0000000000010246, CSGSFS=0x002b000000000033, ERR=0x0000000000000004
  TRAPNO=0x000000000000000e


Top of Stack: (sp=0x00007fcd760d4e40)
0x00007fcd760d4e40:   00007fcd84170d40 841eee0100046396
0x00007fcd760d4e50:   00007fcd84170e60 00007fcd760d4e50
0x00007fcd760d4e60:   00007fcd760d4ea7 00007fcd84170d40
0x00007fcd760d4e70:   00007fcd841ecd80 00007fcd760d4ea7
0x00007fcd760d4e80:   00007fcd84170e60 00007fcd760d4ea6
0x00007fcd760d4e90:   0000000000000000 00007fcd78baf11e
0x00007fcd760d4ea0:   0000000000000000 0000000000000000
0x00007fcd760d4eb0:   0000000000000000 0000000000000000
0x00007fcd760d4ec0:   00007fce0e88b1ee 00007fce0e88b1ef
0x00007fcd760d4ed0:   00007fce0e88b278 00007fcd760d4fc0
0x00007fcd760d4ee0:   0000000000000000 00007fcd78baf096
0x00007fcd760d4ef0:   00007fcd760d5700 00007fce8fc27609
0x00007fcd760d4f00:   0000000000000000 00007fcd760d5700
0x00007fcd760d4f10:   00007fcd760d5700 c882106b16deb70e
0x00007fcd760d4f20:   00007fce0e88b1ee 00007fce0e88b1ef
0x00007fcd760d4f30:   00007fce0e88b278 00007fcd760d4fc0
0x00007fcd760d4f40:   3718fc7188deb70e 371f0feffdbcb70e
0x00007fcd760d4f50:   0000000000000000 0000000000000000
0x00007fcd760d4f60:   0000000000000000 0000000000000000
0x00007fcd760d4f70:   0000000000000000 0000000000000000
0x00007fcd760d4f80:   0000000000000000 0000000000000000
0x00007fcd760d4f90:   0000000000000000 7d14937c8a71eb00
0x00007fcd760d4fa0:   00007fcd760d5700 0000000000000000
0x00007fcd760d4fb0:   00007fce0e88b1ee 00007fce8fb46353
0x00007fcd760d4fc0:   0000000000000000 0000000000000000
0x00007fcd760d4fd0:   0000000000000000 0000000000000000
0x00007fcd760d4fe0:   0000000000000000 0000000000000000
0x00007fcd760d4ff0:   0000000000000000 0000000000000000
0x00007fcd760d5000:   0000000000000000 0000000000000000
0x00007fcd760d5010:   0000000000000000 0000000000000000
0x00007fcd760d5020:   0000000000000000 0000000000000000
0x00007fcd760d5030:   0000000000000000 0000000000000000 

Instructions: (pc=0x00007fcd78bb07f6)
0x00007fcd78bb06f6:   8d 7c 24 30 e8 01 cf a7 fe 4c 89 ff e8 f9 ce a7
0x00007fcd78bb0706:   fe 48 8b 44 24 38 48 81 c4 88 00 00 00 5b 41 5c
0x00007fcd78bb0716:   41 5d 41 5e 41 5f 5d c3 eb 0a eb 37 eb 35 eb 44
0x00007fcd78bb0726:   eb 02 eb 2f 48 89 c3 48 8d 7c 24 30 e8 c9 ce a7
0x00007fcd78bb0736:   fe eb 23 eb 1e 48 89 c3 48 8d 7c 24 30 e8 b8 ce
0x00007fcd78bb0746:   a7 fe eb 03 48 89 c3 48 8d 7c 24 48 e8 a9 ce a7
0x00007fcd78bb0756:   fe eb 03 48 89 c3 48 8d 7c 24 40 e8 9a ce a7 fe
0x00007fcd78bb0766:   eb 05 eb 00 48 89 c3 48 8b 7c 24 38 e8 89 ce a7
0x00007fcd78bb0776:   fe 48 89 df e8 f1 81 90 fe cc 55 41 57 41 56 41
0x00007fcd78bb0786:   55 41 54 53 48 83 ec 28 f6 47 28 10 0f 84 5d 01
0x00007fcd78bb0796:   00 00 48 89 f3 8b 46 10 85 c0 0f 84 4f 01 00 00
0x00007fcd78bb07a6:   49 89 d4 49 89 f8 4c 8b 73 28 b1 01 89 4c 24 0c
0x00007fcd78bb07b6:   45 31 ff 48 8d 54 24 10 45 31 ed 4c 89 64 24 20
0x00007fcd78bb07c6:   48 89 3c 24 48 89 54 24 18 eb 25 90 90 90 90 90
0x00007fcd78bb07d6:   90 90 90 90 90 90 90 90 90 90 8b 43 10 49 83 c5
0x00007fcd78bb07e6:   01 89 c1 41 83 c7 01 49 39 cd 0f 83 ff 00 00 00
0x00007fcd78bb07f6:   43 8b 0c ae 0f b7 c9 42 3b 8c ab 4c 04 00 00 74
0x00007fcd78bb0806:   dc 42 89 8c ab 4c 04 00 00 8b 4b 0c 85 c9 74 cd
0x00007fcd78bb0816:   31 ed eb 1e 8b 73 04 4c 89 c7 44 89 ea 89 e9 e8
0x00007fcd78bb0826:   a6 58 06 00 4c 8b 04 24 83 c5 01 8b 4b 0c 39 cd
0x00007fcd78bb0836:   73 a8 41 0f af cf 01 e9 41 0f b6 84 0e 80 90 00
0x00007fcd78bb0846:   00 24 7f 8d 50 e0 80 fa 15 72 0a 89 c2 80 ca 01
0x00007fcd78bb0856:   80 fa 07 75 d3 48 8b 93 50 08 00 00 3a 04 0a 74
0x00007fcd78bb0866:   c7 88 04 0a 41 c6 04 24 01 41 80 78 2d 00 75 a4
0x00007fcd78bb0876:   f6 44 24 0c 01 75 09 41 f6 40 28 20 75 aa eb 33
0x00007fcd78bb0886:   4c 8d 64 24 10 4c 89 e7 4c 89 c6 48 89 da e8 07
0x00007fcd78bb0896:   47 06 00 48 8b 3c 24 4c 89 e6 e8 fb dc ff ff 4c
0x00007fcd78bb08a6:   89 e7 e8 53 cd a7 fe c7 44 24 0c 00 00 00 00 4c
0x00007fcd78bb08b6:   8b 04 24 8b 53 04 45 0f b6 48 2c 4c 8d 64 24 10
0x00007fcd78bb08c6:   4c 89 e7 4c 89 c6 44 89 e9 41 89 e8 e8 e9 46 06
0x00007fcd78bb08d6:   00 48 8b 3c 24 4c 89 e6 e8 bd dc ff ff 4c 89 e7
0x00007fcd78bb08e6:   e8 15 cd a7 fe 4c 8b 64 24 20 e9 35 ff ff ff 48 



---------------  P R O C E S S  ---------------

VM state: at safepoint (shutting down)

VM Mutex/Monitor currently owned by a thread:  ([mutex/lock_event])
[0x00007fce880128f0] Threads_lock - owner thread: 0x00007fce881264b0
[0x00007fce880130a0] Heap_lock - owner thread: 0x00007fce8843e290

Heap address: 0x0000000094c00000, size: 1716 MB, Compressed Oops mode: 32-bit

CDS archive(s) mapped at: [0x00007fce0f000000-0x00007fce0fbc6000-0x00007fce0fbc6000), size 12345344, SharedBaseAddress: 0x00007fce0f000000, ArchiveRelocationMode: 1.
Compressed class space mapped at: 0x00007fce10000000-0x00007fce50000000, reserved size: 1073741824
Narrow klass base: 0x00007fce0f000000, Narrow klass shift: 0, Narrow klass range: 0x100000000

GC Precious Log:
<Skipped>

Heap:
 garbage-first heap   total 307200K, used 136908K [0x0000000094c00000, 0x0000000100000000)
  region size 1024K, 4 young (4096K), 1 survivors (1024K)
 Metaspace       used 26040K, committed 26304K, reserved 1114112K
  class space    used 3120K, committed 3264K, reserved 1048576K

Heap Regions: E=young(eden), S=young(survivor), O=old, HS=humongous(starts), HC=humongous(continues), CS=collection set, F=free, OA=open archive, CA=closed archive, TAMS=top-at-mark-start (previous, next)
|   0|0x0000000094c00000, 0x0000000094c4cc00, 0x0000000094d00000| 29%| O|  |TAMS 0x0000000094c00000, 0x0000000094c4cc00| Untracked 
|   1|0x0000000094d00000, 0x0000000094e00000, 0x0000000094e00000|100%| O|  |TAMS 0x0000000094e00000, 0x0000000094e00000| Untracked 
|   2|0x0000000094e00000, 0x0000000094f00000, 0x0000000094f00000|100%| O|  |TAMS 0x0000000094f00000, 0x0000000094f00000| Untracked 
|   3|0x0000000094f00000, 0x0000000095000000, 0x0000000095000000|100%| O|  |TAMS 0x0000000095000000, 0x0000000095000000| Untracked 
|   4|0x0000000095000000, 0x0000000095000000, 0x0000000095100000|  0%| F|  |TAMS 0x0000000095000000, 0x0000000095000000| Untracked 
|   5|0x0000000095100000, 0x0000000095100000, 0x0000000095200000|  0%| F|  |TAMS 0x0000000095100000, 0x0000000095100000| Untracked 
|   6|0x0000000095200000, 0x0000000095200000, 0x0000000095300000|  0%| F|  |TAMS 0x0000000095200000, 0x0000000095200000| Untracked 
|   7|0x0000000095300000, 0x0000000095300000, 0x0000000095400000|  0%| F|  |TAMS 0x0000000095300000, 0x0000000095300000| Untracked 
|   8|0x0000000095400000, 0x0000000095400000, 0x0000000095500000|  0%| F|  |TAMS 0x0000000095400000, 0x0000000095400000| Untracked 
|   9|0x0000000095500000, 0x0000000095500000, 0x0000000095600000|  0%| F|  |TAMS 0x0000000095500000, 0x0000000095500000| Untracked 
|  10|0x0000000095600000, 0x0000000095700000, 0x0000000095700000|100%|HS|  |TAMS 0x0000000095700000, 0x0000000095700000| Complete 
|  11|0x0000000095700000, 0x0000000095800000, 0x0000000095800000|100%|HC|  |TAMS 0x0000000095800000, 0x0000000095800000| Complete 
|  12|0x0000000095800000, 0x0000000095900000, 0x0000000095900000|100%|HC|  |TAMS 0x0000000095900000, 0x0000000095900000| Complete 
|  13|0x0000000095900000, 0x0000000095a00000, 0x0000000095a00000|100%|HS|  |TAMS 0x0000000095900000, 0x0000000095a00000| Complete 
|  14|0x0000000095a00000, 0x0000000095b00000, 0x0000000095b00000|100%|HC|  |TAMS 0x0000000095a00000, 0x0000000095b00000| Complete 
|  15|0x0000000095b00000, 0x0000000095c00000, 0x0000000095c00000|100%|HC|  |TAMS 0x0000000095b00000, 0x0000000095c00000| Complete 
|  16|0x0000000095c00000, 0x0000000095d00000, 0x0000000095d00000|100%|HC|  |TAMS 0x0000000095c00000, 0x0000000095d00000| Complete 
|  17|0x0000000095d00000, 0x0000000095e00000, 0x0000000095e00000|100%|HC|  |TAMS 0x0000000095d00000, 0x0000000095e00000| Complete 
|  18|0x0000000095e00000, 0x0000000095f00000, 0x0000000095f00000|100%|HC|  |TAMS 0x0000000095e00000, 0x0000000095f00000| Complete 
|  19|0x0000000095f00000, 0x0000000096000000, 0x0000000096000000|100%|HC|  |TAMS 0x0000000095f00000, 0x0000000096000000| Complete 
|  20|0x0000000096000000, 0x0000000096100000, 0x0000000096100000|100%|HS|  |TAMS 0x0000000096000000, 0x0000000096000000| Complete 
|  21|0x0000000096100000, 0x0000000096200000, 0x0000000096200000|100%|HC|  |TAMS 0x0000000096100000, 0x0000000096100000| Complete 
|  22|0x0000000096200000, 0x0000000096300000, 0x0000000096300000|100%|HC|  |TAMS 0x0000000096200000, 0x0000000096200000| Complete 
|  23|0x0000000096300000, 0x0000000096400000, 0x0000000096400000|100%|HC|  |TAMS 0x0000000096300000, 0x0000000096300000| Complete 
|  24|0x0000000096400000, 0x0000000096500000, 0x0000000096500000|100%|HC|  |TAMS 0x0000000096400000, 0x0000000096400000| Complete 
|  25|0x0000000096500000, 0x0000000096600000, 0x0000000096600000|100%|HC|  |TAMS 0x0000000096500000, 0x0000000096500000| Complete 
|  26|0x0000000096600000, 0x0000000096700000, 0x0000000096700000|100%|HC|  |TAMS 0x0000000096600000, 0x0000000096600000| Complete 
|  27|0x0000000096700000, 0x0000000096800000, 0x0000000096800000|100%|HC|  |TAMS 0x0000000096700000, 0x0000000096700000| Complete 
|  28|0x0000000096800000, 0x0000000096900000, 0x0000000096900000|100%|HS|  |TAMS 0x0000000096800000, 0x0000000096900000| Complete 
|  29|0x0000000096900000, 0x0000000096a00000, 0x0000000096a00000|100%|HC|  |TAMS 0x0000000096900000, 0x0000000096a00000| Complete 
|  30|0x0000000096a00000, 0x0000000096b00000, 0x0000000096b00000|100%|HC|  |TAMS 0x0000000096a00000, 0x0000000096b00000| Complete 
|  31|0x0000000096b00000, 0x0000000096c00000, 0x0000000096c00000|100%|HC|  |TAMS 0x0000000096b00000, 0x0000000096c00000| Complete 
|  32|0x0000000096c00000, 0x0000000096d00000, 0x0000000096d00000|100%|HC|  |TAMS 0x0000000096c00000, 0x0000000096d00000| Complete 
|  33|0x0000000096d00000, 0x0000000096e00000, 0x0000000096e00000|100%|HC|  |TAMS 0x0000000096d00000, 0x0000000096e00000| Complete 
|  34|0x0000000096e00000, 0x0000000096f00000, 0x0000000096f00000|100%|HC|  |TAMS 0x0000000096e00000, 0x0000000096f00000| Complete 
|  35|0x0000000096f00000, 0x0000000097000000, 0x0000000097000000|100%|HC|  |TAMS 0x0000000096f00000, 0x0000000097000000| Complete 
|  36|0x0000000097000000, 0x0000000097100000, 0x0000000097100000|100%|HS|  |TAMS 0x0000000097000000, 0x0000000097100000| Complete 
|  37|0x0000000097100000, 0x0000000097200000, 0x0000000097200000|100%|HC|  |TAMS 0x0000000097100000, 0x0000000097200000| Complete 
|  38|0x0000000097200000, 0x0000000097300000, 0x0000000097300000|100%|HC|  |TAMS 0x0000000097200000, 0x0000000097300000| Complete 
|  39|0x0000000097300000, 0x0000000097400000, 0x0000000097400000|100%|HC|  |TAMS 0x0000000097300000, 0x0000000097400000| Complete 
|  40|0x0000000097400000, 0x0000000097500000, 0x0000000097500000|100%|HC|  |TAMS 0x0000000097400000, 0x0000000097500000| Complete 
|  41|0x0000000097500000, 0x0000000097600000, 0x0000000097600000|100%|HC|  |TAMS 0x0000000097500000, 0x0000000097600000| Complete 
|  42|0x0000000097600000, 0x0000000097700000, 0x0000000097700000|100%|HC|  |TAMS 0x0000000097600000, 0x0000000097700000| Complete 
|  43|0x0000000097700000, 0x0000000097800000, 0x0000000097800000|100%|HC|  |TAMS 0x0000000097700000, 0x0000000097800000| Complete 
|  44|0x0000000097800000, 0x0000000097800000, 0x0000000097900000|  0%| F|  |TAMS 0x0000000097800000, 0x0000000097800000| Untracked 
|  45|0x0000000097900000, 0x0000000097a00000, 0x0000000097a00000|100%| O|  |TAMS 0x0000000097a00000, 0x0000000097a00000| Untracked 
|  46|0x0000000097a00000, 0x0000000097b00000, 0x0000000097b00000|100%| O|  |TAMS 0x0000000097b00000, 0x0000000097b00000| Untracked 
|  47|0x0000000097b00000, 0x0000000097c00000, 0x0000000097c00000|100%| O|  |TAMS 0x0000000097c00000, 0x0000000097c00000| Untracked 
|  48|0x0000000097c00000, 0x0000000097d00000, 0x0000000097d00000|100%|HS|  |TAMS 0x0000000097c00000, 0x0000000097d00000| Complete 
|  49|0x0000000097d00000, 0x0000000097e00000, 0x0000000097e00000|100%|HC|  |TAMS 0x0000000097d00000, 0x0000000097e00000| Complete 
|  50|0x0000000097e00000, 0x0000000097f00000, 0x0000000097f00000|100%|HC|  |TAMS 0x0000000097e00000, 0x0000000097f00000| Complete 
|  51|0x0000000097f00000, 0x0000000098000000, 0x0000000098000000|100%|HC|  |TAMS 0x0000000097f00000, 0x0000000098000000| Complete 
|  52|0x0000000098000000, 0x0000000098100000, 0x0000000098100000|100%|HC|  |TAMS 0x0000000098000000, 0x0000000098100000| Complete 
|  53|0x0000000098100000, 0x0000000098200000, 0x0000000098200000|100%|HC|  |TAMS 0x0000000098100000, 0x0000000098200000| Complete 
|  54|0x0000000098200000, 0x0000000098300000, 0x0000000098300000|100%|HC|  |TAMS 0x0000000098200000, 0x0000000098300000| Complete 
|  55|0x0000000098300000, 0x0000000098400000, 0x0000000098400000|100%|HS|  |TAMS 0x0000000098300000, 0x0000000098400000| Complete 
|  56|0x0000000098400000, 0x0000000098500000, 0x0000000098500000|100%|HC|  |TAMS 0x0000000098400000, 0x0000000098500000| Complete 
|  57|0x0000000098500000, 0x0000000098600000, 0x0000000098600000|100%|HC|  |TAMS 0x0000000098500000, 0x0000000098600000| Complete 
|  58|0x0000000098600000, 0x0000000098700000, 0x0000000098700000|100%|HC|  |TAMS 0x0000000098600000, 0x0000000098700000| Complete 
|  59|0x0000000098700000, 0x0000000098800000, 0x0000000098800000|100%|HC|  |TAMS 0x0000000098700000, 0x0000000098800000| Complete 
|  60|0x0000000098800000, 0x0000000098900000, 0x0000000098900000|100%|HC|  |TAMS 0x0000000098800000, 0x0000000098900000| Complete 
|  61|0x0000000098900000, 0x0000000098a00000, 0x0000000098a00000|100%|HC|  |TAMS 0x0000000098900000, 0x0000000098a00000| Complete 
|  62|0x0000000098a00000, 0x0000000098b00000, 0x0000000098b00000|100%|HC|  |TAMS 0x0000000098a00000, 0x0000000098b00000| Complete 
|  63|0x0000000098b00000, 0x0000000098c00000, 0x0000000098c00000|100%|HS|  |TAMS 0x0000000098b00000, 0x0000000098c00000| Complete 
|  64|0x0000000098c00000, 0x0000000098d00000, 0x0000000098d00000|100%|HC|  |TAMS 0x0000000098c00000, 0x0000000098d00000| Complete 
|  65|0x0000000098d00000, 0x0000000098e00000, 0x0000000098e00000|100%|HC|  |TAMS 0x0000000098d00000, 0x0000000098e00000| Complete 
|  66|0x0000000098e00000, 0x0000000098f00000, 0x0000000098f00000|100%|HC|  |TAMS 0x0000000098e00000, 0x0000000098f00000| Complete 
|  67|0x0000000098f00000, 0x0000000099000000, 0x0000000099000000|100%|HC|  |TAMS 0x0000000098f00000, 0x0000000099000000| Complete 
|  68|0x0000000099000000, 0x0000000099100000, 0x0000000099100000|100%|HC|  |TAMS 0x0000000099000000, 0x0000000099100000| Complete 
|  69|0x0000000099100000, 0x0000000099200000, 0x0000000099200000|100%|HC|  |TAMS 0x0000000099100000, 0x0000000099200000| Complete 
|  70|0x0000000099200000, 0x0000000099200000, 0x0000000099300000|  0%| F|  |TAMS 0x0000000099200000, 0x0000000099200000| Untracked 
|  71|0x0000000099300000, 0x0000000099400000, 0x0000000099400000|100%|HS|  |TAMS 0x0000000099400000, 0x0000000099400000| Complete 
|  72|0x0000000099400000, 0x0000000099500000, 0x0000000099500000|100%|HC|  |TAMS 0x0000000099500000, 0x0000000099500000| Complete 
|  73|0x0000000099500000, 0x0000000099600000, 0x0000000099600000|100%|HC|  |TAMS 0x0000000099600000, 0x0000000099600000| Complete 
|  74|0x0000000099600000, 0x0000000099700000, 0x0000000099700000|100%|HC|  |TAMS 0x0000000099700000, 0x0000000099700000| Complete 
|  75|0x0000000099700000, 0x0000000099800000, 0x0000000099800000|100%|HC|  |TAMS 0x0000000099800000, 0x0000000099800000| Complete 
|  76|0x0000000099800000, 0x0000000099900000, 0x0000000099900000|100%|HC|  |TAMS 0x0000000099900000, 0x0000000099900000| Complete 
|  77|0x0000000099900000, 0x0000000099a00000, 0x0000000099a00000|100%|HC|  |TAMS 0x0000000099a00000, 0x0000000099a00000| Complete 
|  78|0x0000000099a00000, 0x0000000099b00000, 0x0000000099b00000|100%| O|  |TAMS 0x0000000099b00000, 0x0000000099b00000| Untracked 
|  79|0x0000000099b00000, 0x0000000099c00000, 0x0000000099c00000|100%| O|  |TAMS 0x0000000099c00000, 0x0000000099c00000| Untracked 
|  80|0x0000000099c00000, 0x0000000099d00000, 0x0000000099d00000|100%|HS|  |TAMS 0x0000000099c00000, 0x0000000099d00000| Complete 
|  81|0x0000000099d00000, 0x0000000099e00000, 0x0000000099e00000|100%|HC|  |TAMS 0x0000000099d00000, 0x0000000099e00000| Complete 
|  82|0x0000000099e00000, 0x0000000099f00000, 0x0000000099f00000|100%|HC|  |TAMS 0x0000000099e00000, 0x0000000099f00000| Complete 
|  83|0x0000000099f00000, 0x000000009a000000, 0x000000009a000000|100%|HC|  |TAMS 0x0000000099f00000, 0x000000009a000000| Complete 
|  84|0x000000009a000000, 0x000000009a100000, 0x000000009a100000|100%|HC|  |TAMS 0x000000009a000000, 0x000000009a100000| Complete 
|  85|0x000000009a100000, 0x000000009a200000, 0x000000009a200000|100%|HC|  |TAMS 0x000000009a100000, 0x000000009a200000| Complete 
|  86|0x000000009a200000, 0x000000009a300000, 0x000000009a300000|100%|HC|  |TAMS 0x000000009a200000, 0x000000009a300000| Complete 
|  87|0x000000009a300000, 0x000000009a400000, 0x000000009a400000|100%|HC|  |TAMS 0x000000009a300000, 0x000000009a400000| Complete 
|  88|0x000000009a400000, 0x000000009a500000, 0x000000009a500000|100%|HS|  |TAMS 0x000000009a400000, 0x000000009a500000| Complete 
|  89|0x000000009a500000, 0x000000009a600000, 0x000000009a600000|100%|HC|  |TAMS 0x000000009a500000, 0x000000009a600000| Complete 
|  90|0x000000009a600000, 0x000000009a700000, 0x000000009a700000|100%|HC|  |TAMS 0x000000009a600000, 0x000000009a700000| Complete 
|  91|0x000000009a700000, 0x000000009a800000, 0x000000009a800000|100%|HC|  |TAMS 0x000000009a700000, 0x000000009a800000| Complete 
|  92|0x000000009a800000, 0x000000009a900000, 0x000000009a900000|100%|HC|  |TAMS 0x000000009a800000, 0x000000009a900000| Complete 
|  93|0x000000009a900000, 0x000000009aa00000, 0x000000009aa00000|100%|HC|  |TAMS 0x000000009a900000, 0x000000009aa00000| Complete 
|  94|0x000000009aa00000, 0x000000009ab00000, 0x000000009ab00000|100%|HC|  |TAMS 0x000000009aa00000, 0x000000009ab00000| Complete 
|  95|0x000000009ab00000, 0x000000009ac00000, 0x000000009ac00000|100%|HS|  |TAMS 0x000000009ab00000, 0x000000009ac00000| Complete 
|  96|0x000000009ac00000, 0x000000009ad00000, 0x000000009ad00000|100%|HC|  |TAMS 0x000000009ac00000, 0x000000009ad00000| Complete 
|  97|0x000000009ad00000, 0x000000009ae00000, 0x000000009ae00000|100%|HC|  |TAMS 0x000000009ad00000, 0x000000009ae00000| Complete 
|  98|0x000000009ae00000, 0x000000009af00000, 0x000000009af00000|100%|HC|  |TAMS 0x000000009ae00000, 0x000000009af00000| Complete 
|  99|0x000000009af00000, 0x000000009b000000, 0x000000009b000000|100%|HC|  |TAMS 0x000000009af00000, 0x000000009b000000| Complete 
| 100|0x000000009b000000, 0x000000009b100000, 0x000000009b100000|100%|HC|  |TAMS 0x000000009b000000, 0x000000009b100000| Complete 
| 101|0x000000009b100000, 0x000000009b200000, 0x000000009b200000|100%|HC|  |TAMS 0x000000009b100000, 0x000000009b200000| Complete 
| 102|0x000000009b200000, 0x000000009b300000, 0x000000009b300000|100%|HC|  |TAMS 0x000000009b200000, 0x000000009b300000| Complete 
| 103|0x000000009b300000, 0x000000009b400000, 0x000000009b400000|100%|HS|  |TAMS 0x000000009b300000, 0x000000009b400000| Complete 
| 104|0x000000009b400000, 0x000000009b500000, 0x000000009b500000|100%|HC|  |TAMS 0x000000009b400000, 0x000000009b500000| Complete 
| 105|0x000000009b500000, 0x000000009b600000, 0x000000009b600000|100%|HC|  |TAMS 0x000000009b500000, 0x000000009b600000| Complete 
| 106|0x000000009b600000, 0x000000009b700000, 0x000000009b700000|100%|HC|  |TAMS 0x000000009b600000, 0x000000009b700000| Complete 
| 107|0x000000009b700000, 0x000000009b800000, 0x000000009b800000|100%|HC|  |TAMS 0x000000009b700000, 0x000000009b800000| Complete 
| 108|0x000000009b800000, 0x000000009b900000, 0x000000009b900000|100%|HC|  |TAMS 0x000000009b800000, 0x000000009b900000| Complete 
| 109|0x000000009b900000, 0x000000009ba00000, 0x000000009ba00000|100%|HC|  |TAMS 0x000000009b900000, 0x000000009ba00000| Complete 
| 110|0x000000009ba00000, 0x000000009bb00000, 0x000000009bb00000|100%|HS|  |TAMS 0x000000009ba00000, 0x000000009bb00000| Complete 
| 111|0x000000009bb00000, 0x000000009bc00000, 0x000000009bc00000|100%|HC|  |TAMS 0x000000009bb00000, 0x000000009bc00000| Complete 
| 112|0x000000009bc00000, 0x000000009bd00000, 0x000000009bd00000|100%|HC|  |TAMS 0x000000009bc00000, 0x000000009bd00000| Complete 
| 113|0x000000009bd00000, 0x000000009be00000, 0x000000009be00000|100%|HC|  |TAMS 0x000000009bd00000, 0x000000009be00000| Complete 
| 114|0x000000009be00000, 0x000000009bf00000, 0x000000009bf00000|100%|HC|  |TAMS 0x000000009be00000, 0x000000009bf00000| Complete 
| 115|0x000000009bf00000, 0x000000009c000000, 0x000000009c000000|100%|HC|  |TAMS 0x000000009bf00000, 0x000000009c000000| Complete 
| 116|0x000000009c000000, 0x000000009c100000, 0x000000009c100000|100%|HC|  |TAMS 0x000000009c000000, 0x000000009c100000| Complete 
| 117|0x000000009c100000, 0x000000009c200000, 0x000000009c200000|100%|HC|  |TAMS 0x000000009c100000, 0x000000009c200000| Complete 
| 118|0x000000009c200000, 0x000000009c300000, 0x000000009c300000|100%|HS|  |TAMS 0x000000009c200000, 0x000000009c300000| Complete 
| 119|0x000000009c300000, 0x000000009c400000, 0x000000009c400000|100%|HC|  |TAMS 0x000000009c300000, 0x000000009c400000| Complete 
| 120|0x000000009c400000, 0x000000009c500000, 0x000000009c500000|100%|HC|  |TAMS 0x000000009c400000, 0x000000009c500000| Complete 
| 121|0x000000009c500000, 0x000000009c600000, 0x000000009c600000|100%|HC|  |TAMS 0x000000009c500000, 0x000000009c600000| Complete 
| 122|0x000000009c600000, 0x000000009c700000, 0x000000009c700000|100%|HC|  |TAMS 0x000000009c600000, 0x000000009c700000| Complete 
| 123|0x000000009c700000, 0x000000009c800000, 0x000000009c800000|100%|HC|  |TAMS 0x000000009c700000, 0x000000009c800000| Complete 
| 124|0x000000009c800000, 0x000000009c900000, 0x000000009c900000|100%|HC|  |TAMS 0x000000009c800000, 0x000000009c900000| Complete 
| 125|0x000000009c900000, 0x000000009ca00000, 0x000000009ca00000|100%|HS|  |TAMS 0x000000009c900000, 0x000000009c900000| Complete 
| 126|0x000000009ca00000, 0x000000009cb00000, 0x000000009cb00000|100%|HC|  |TAMS 0x000000009ca00000, 0x000000009ca00000| Complete 
| 127|0x000000009cb00000, 0x000000009cc00000, 0x000000009cc00000|100%|HC|  |TAMS 0x000000009cb00000, 0x000000009cb00000| Complete 
| 128|0x000000009cc00000, 0x000000009cd00000, 0x000000009cd00000|100%|HC|  |TAMS 0x000000009cc00000, 0x000000009cc00000| Complete 
| 129|0x000000009cd00000, 0x000000009ce00000, 0x000000009ce00000|100%|HC|  |TAMS 0x000000009cd00000, 0x000000009cd00000| Complete 
| 130|0x000000009ce00000, 0x000000009cf00000, 0x000000009cf00000|100%|HC|  |TAMS 0x000000009ce00000, 0x000000009ce00000| Complete 
| 131|0x000000009cf00000, 0x000000009d000000, 0x000000009d000000|100%|HC|  |TAMS 0x000000009cf00000, 0x000000009cf00000| Complete 
| 132|0x000000009d000000, 0x000000009d100000, 0x000000009d100000|100%|HS|  |TAMS 0x000000009d000000, 0x000000009d100000| Complete 
| 133|0x000000009d100000, 0x000000009d200000, 0x000000009d200000|100%|HC|  |TAMS 0x000000009d100000, 0x000000009d200000| Complete 
| 134|0x000000009d200000, 0x000000009d300000, 0x000000009d300000|100%|HC|  |TAMS 0x000000009d200000, 0x000000009d300000| Complete 
| 135|0x000000009d300000, 0x000000009d400000, 0x000000009d400000|100%|HC|  |TAMS 0x000000009d300000, 0x000000009d400000| Complete 
| 136|0x000000009d400000, 0x000000009d500000, 0x000000009d500000|100%|HC|  |TAMS 0x000000009d400000, 0x000000009d500000| Complete 
| 137|0x000000009d500000, 0x000000009d600000, 0x000000009d600000|100%|HC|  |TAMS 0x000000009d500000, 0x000000009d600000| Complete 
| 138|0x000000009d600000, 0x000000009d700000, 0x000000009d700000|100%|HC|  |TAMS 0x000000009d600000, 0x000000009d700000| Complete 
| 139|0x000000009d700000, 0x000000009d700000, 0x000000009d800000|  0%| F|  |TAMS 0x000000009d700000, 0x000000009d700000| Untracked 
| 140|0x000000009d800000, 0x000000009d800000, 0x000000009d900000|  0%| F|  |TAMS 0x000000009d800000, 0x000000009d800000| Untracked 
| 141|0x000000009d900000, 0x000000009d900000, 0x000000009da00000|  0%| F|  |TAMS 0x000000009d900000, 0x000000009d900000| Untracked 
| 142|0x000000009da00000, 0x000000009da00000, 0x000000009db00000|  0%| F|  |TAMS 0x000000009da00000, 0x000000009da00000| Untracked 
| 143|0x000000009db00000, 0x000000009db00000, 0x000000009dc00000|  0%| F|  |TAMS 0x000000009db00000, 0x000000009db00000| Untracked 
| 144|0x000000009dc00000, 0x000000009dc00000, 0x000000009dd00000|  0%| F|  |TAMS 0x000000009dc00000, 0x000000009dc00000| Untracked 
| 145|0x000000009dd00000, 0x000000009dd00000, 0x000000009de00000|  0%| F|  |TAMS 0x000000009dd00000, 0x000000009dd00000| Untracked 
| 146|0x000000009de00000, 0x000000009de00000, 0x000000009df00000|  0%| F|  |TAMS 0x000000009de00000, 0x000000009de00000| Untracked 
| 147|0x000000009df00000, 0x000000009df00000, 0x000000009e000000|  0%| F|  |TAMS 0x000000009df00000, 0x000000009df00000| Untracked 
| 148|0x000000009e000000, 0x000000009e000000, 0x000000009e100000|  0%| F|  |TAMS 0x000000009e000000, 0x000000009e000000| Untracked 
| 149|0x000000009e100000, 0x000000009e100000, 0x000000009e200000|  0%| F|  |TAMS 0x000000009e100000, 0x000000009e100000| Untracked 
| 150|0x000000009e200000, 0x000000009e200000, 0x000000009e300000|  0%| F|  |TAMS 0x000000009e200000, 0x000000009e200000| Untracked 
| 151|0x000000009e300000, 0x000000009e300000, 0x000000009e400000|  0%| F|  |TAMS 0x000000009e300000, 0x000000009e300000| Untracked 
| 152|0x000000009e400000, 0x000000009e400000, 0x000000009e500000|  0%| F|  |TAMS 0x000000009e400000, 0x000000009e400000| Untracked 
| 153|0x000000009e500000, 0x000000009e500000, 0x000000009e600000|  0%| F|  |TAMS 0x000000009e500000, 0x000000009e500000| Untracked 
| 154|0x000000009e600000, 0x000000009e600000, 0x000000009e700000|  0%| F|  |TAMS 0x000000009e600000, 0x000000009e600000| Untracked 
| 155|0x000000009e700000, 0x000000009e700000, 0x000000009e800000|  0%| F|  |TAMS 0x000000009e700000, 0x000000009e700000| Untracked 
| 156|0x000000009e800000, 0x000000009e800000, 0x000000009e900000|  0%| F|  |TAMS 0x000000009e800000, 0x000000009e800000| Untracked 
| 157|0x000000009e900000, 0x000000009e900000, 0x000000009ea00000|  0%| F|  |TAMS 0x000000009e900000, 0x000000009e900000| Untracked 
| 158|0x000000009ea00000, 0x000000009ea00000, 0x000000009eb00000|  0%| F|  |TAMS 0x000000009ea00000, 0x000000009ea00000| Untracked 
| 159|0x000000009eb00000, 0x000000009eb00000, 0x000000009ec00000|  0%| F|  |TAMS 0x000000009eb00000, 0x000000009eb00000| Untracked 
| 160|0x000000009ec00000, 0x000000009ec00000, 0x000000009ed00000|  0%| F|  |TAMS 0x000000009ec00000, 0x000000009ec00000| Untracked 
| 161|0x000000009ed00000, 0x000000009ed00000, 0x000000009ee00000|  0%| F|  |TAMS 0x000000009ed00000, 0x000000009ed00000| Untracked 
| 162|0x000000009ee00000, 0x000000009ee00000, 0x000000009ef00000|  0%| F|  |TAMS 0x000000009ee00000, 0x000000009ee00000| Untracked 
| 163|0x000000009ef00000, 0x000000009ef00000, 0x000000009f000000|  0%| F|  |TAMS 0x000000009ef00000, 0x000000009ef00000| Untracked 
| 164|0x000000009f000000, 0x000000009f000000, 0x000000009f100000|  0%| F|  |TAMS 0x000000009f000000, 0x000000009f000000| Untracked 
| 165|0x000000009f100000, 0x000000009f100000, 0x000000009f200000|  0%| F|  |TAMS 0x000000009f100000, 0x000000009f100000| Untracked 
| 166|0x000000009f200000, 0x000000009f200000, 0x000000009f300000|  0%| F|  |TAMS 0x000000009f200000, 0x000000009f200000| Untracked 
| 167|0x000000009f300000, 0x000000009f300000, 0x000000009f400000|  0%| F|  |TAMS 0x000000009f300000, 0x000000009f300000| Untracked 
| 168|0x000000009f400000, 0x000000009f400000, 0x000000009f500000|  0%| F|  |TAMS 0x000000009f400000, 0x000000009f400000| Untracked 
| 169|0x000000009f500000, 0x000000009f500000, 0x000000009f600000|  0%| F|  |TAMS 0x000000009f500000, 0x000000009f500000| Untracked 
| 170|0x000000009f600000, 0x000000009f600000, 0x000000009f700000|  0%| F|  |TAMS 0x000000009f600000, 0x000000009f600000| Untracked 
| 171|0x000000009f700000, 0x000000009f700000, 0x000000009f800000|  0%| F|  |TAMS 0x000000009f700000, 0x000000009f700000| Untracked 
| 172|0x000000009f800000, 0x000000009f800000, 0x000000009f900000|  0%| F|  |TAMS 0x000000009f800000, 0x000000009f800000| Untracked 
| 173|0x000000009f900000, 0x000000009f900000, 0x000000009fa00000|  0%| F|  |TAMS 0x000000009f900000, 0x000000009f900000| Untracked 
| 174|0x000000009fa00000, 0x000000009fa00000, 0x000000009fb00000|  0%| F|  |TAMS 0x000000009fa00000, 0x000000009fa00000| Untracked 
| 175|0x000000009fb00000, 0x000000009fb00000, 0x000000009fc00000|  0%| F|  |TAMS 0x000000009fb00000, 0x000000009fb00000| Untracked 
| 176|0x000000009fc00000, 0x000000009fc00000, 0x000000009fd00000|  0%| F|  |TAMS 0x000000009fc00000, 0x000000009fc00000| Untracked 
| 177|0x000000009fd00000, 0x000000009fd00000, 0x000000009fe00000|  0%| F|  |TAMS 0x000000009fd00000, 0x000000009fd00000| Untracked 
| 178|0x000000009fe00000, 0x000000009fe00000, 0x000000009ff00000|  0%| F|  |TAMS 0x000000009fe00000, 0x000000009fe00000| Untracked 
| 179|0x000000009ff00000, 0x000000009ff00000, 0x00000000a0000000|  0%| F|  |TAMS 0x000000009ff00000, 0x000000009ff00000| Untracked 
| 180|0x00000000a0000000, 0x00000000a0000000, 0x00000000a0100000|  0%| F|  |TAMS 0x00000000a0000000, 0x00000000a0000000| Untracked 
| 181|0x00000000a0100000, 0x00000000a0100000, 0x00000000a0200000|  0%| F|  |TAMS 0x00000000a0100000, 0x00000000a0100000| Untracked 
| 182|0x00000000a0200000, 0x00000000a0200000, 0x00000000a0300000|  0%| F|  |TAMS 0x00000000a0200000, 0x00000000a0200000| Untracked 
| 183|0x00000000a0300000, 0x00000000a0300000, 0x00000000a0400000|  0%| F|  |TAMS 0x00000000a0300000, 0x00000000a0300000| Untracked 
| 184|0x00000000a0400000, 0x00000000a0400000, 0x00000000a0500000|  0%| F|  |TAMS 0x00000000a0400000, 0x00000000a0400000| Untracked 
| 185|0x00000000a0500000, 0x00000000a0500000, 0x00000000a0600000|  0%| F|  |TAMS 0x00000000a0500000, 0x00000000a0500000| Untracked 
| 186|0x00000000a0600000, 0x00000000a0600000, 0x00000000a0700000|  0%| F|  |TAMS 0x00000000a0600000, 0x00000000a0600000| Untracked 
| 187|0x00000000a0700000, 0x00000000a0700000, 0x00000000a0800000|  0%| F|  |TAMS 0x00000000a0700000, 0x00000000a0700000| Untracked 
| 188|0x00000000a0800000, 0x00000000a0800000, 0x00000000a0900000|  0%| F|  |TAMS 0x00000000a0800000, 0x00000000a0800000| Untracked 
| 189|0x00000000a0900000, 0x00000000a0900000, 0x00000000a0a00000|  0%| F|  |TAMS 0x00000000a0900000, 0x00000000a0900000| Untracked 
| 190|0x00000000a0a00000, 0x00000000a0a00000, 0x00000000a0b00000|  0%| F|  |TAMS 0x00000000a0a00000, 0x00000000a0a00000| Untracked 
| 191|0x00000000a0b00000, 0x00000000a0b00000, 0x00000000a0c00000|  0%| F|  |TAMS 0x00000000a0b00000, 0x00000000a0b00000| Untracked 
| 192|0x00000000a0c00000, 0x00000000a0c00000, 0x00000000a0d00000|  0%| F|  |TAMS 0x00000000a0c00000, 0x00000000a0c00000| Untracked 
| 193|0x00000000a0d00000, 0x00000000a0d00000, 0x00000000a0e00000|  0%| F|  |TAMS 0x00000000a0d00000, 0x00000000a0d00000| Untracked 
| 194|0x00000000a0e00000, 0x00000000a0e00000, 0x00000000a0f00000|  0%| F|  |TAMS 0x00000000a0e00000, 0x00000000a0e00000| Untracked 
| 195|0x00000000a0f00000, 0x00000000a0f00000, 0x00000000a1000000|  0%| F|  |TAMS 0x00000000a0f00000, 0x00000000a0f00000| Untracked 
| 196|0x00000000a1000000, 0x00000000a1000000, 0x00000000a1100000|  0%| F|  |TAMS 0x00000000a1000000, 0x00000000a1000000| Untracked 
| 197|0x00000000a1100000, 0x00000000a1100000, 0x00000000a1200000|  0%| F|  |TAMS 0x00000000a1100000, 0x00000000a1100000| Untracked 
| 198|0x00000000a1200000, 0x00000000a1200000, 0x00000000a1300000|  0%| F|  |TAMS 0x00000000a1200000, 0x00000000a1200000| Untracked 
| 199|0x00000000a1300000, 0x00000000a1300000, 0x00000000a1400000|  0%| F|  |TAMS 0x00000000a1300000, 0x00000000a1300000| Untracked 
| 200|0x00000000a1400000, 0x00000000a1400000, 0x00000000a1500000|  0%| F|  |TAMS 0x00000000a1400000, 0x00000000a1400000| Untracked 
| 201|0x00000000a1500000, 0x00000000a1500000, 0x00000000a1600000|  0%| F|  |TAMS 0x00000000a1500000, 0x00000000a1500000| Untracked 
| 202|0x00000000a1600000, 0x00000000a1600000, 0x00000000a1700000|  0%| F|  |TAMS 0x00000000a1600000, 0x00000000a1600000| Untracked 
| 203|0x00000000a1700000, 0x00000000a1700000, 0x00000000a1800000|  0%| F|  |TAMS 0x00000000a1700000, 0x00000000a1700000| Untracked 
| 204|0x00000000a1800000, 0x00000000a1800000, 0x00000000a1900000|  0%| F|  |TAMS 0x00000000a1800000, 0x00000000a1800000| Untracked 
| 205|0x00000000a1900000, 0x00000000a1900000, 0x00000000a1a00000|  0%| F|  |TAMS 0x00000000a1900000, 0x00000000a1900000| Untracked 
| 206|0x00000000a1a00000, 0x00000000a1a00000, 0x00000000a1b00000|  0%| F|  |TAMS 0x00000000a1a00000, 0x00000000a1a00000| Untracked 
| 207|0x00000000a1b00000, 0x00000000a1b00000, 0x00000000a1c00000|  0%| F|  |TAMS 0x00000000a1b00000, 0x00000000a1b00000| Untracked 
| 208|0x00000000a1c00000, 0x00000000a1c00000, 0x00000000a1d00000|  0%| F|  |TAMS 0x00000000a1c00000, 0x00000000a1c00000| Untracked 
| 209|0x00000000a1d00000, 0x00000000a1d00000, 0x00000000a1e00000|  0%| F|  |TAMS 0x00000000a1d00000, 0x00000000a1d00000| Untracked 
| 210|0x00000000a1e00000, 0x00000000a1e00000, 0x00000000a1f00000|  0%| F|  |TAMS 0x00000000a1e00000, 0x00000000a1e00000| Untracked 
| 211|0x00000000a1f00000, 0x00000000a1f00000, 0x00000000a2000000|  0%| F|  |TAMS 0x00000000a1f00000, 0x00000000a1f00000| Untracked 
| 212|0x00000000a2000000, 0x00000000a2000000, 0x00000000a2100000|  0%| F|  |TAMS 0x00000000a2000000, 0x00000000a2000000| Untracked 
| 213|0x00000000a2100000, 0x00000000a2100000, 0x00000000a2200000|  0%| F|  |TAMS 0x00000000a2100000, 0x00000000a2100000| Untracked 
| 214|0x00000000a2200000, 0x00000000a2200000, 0x00000000a2300000|  0%| F|  |TAMS 0x00000000a2200000, 0x00000000a2200000| Untracked 
| 215|0x00000000a2300000, 0x00000000a2300000, 0x00000000a2400000|  0%| F|  |TAMS 0x00000000a2300000, 0x00000000a2300000| Untracked 
| 216|0x00000000a2400000, 0x00000000a2400000, 0x00000000a2500000|  0%| F|  |TAMS 0x00000000a2400000, 0x00000000a2400000| Untracked 
| 217|0x00000000a2500000, 0x00000000a2500000, 0x00000000a2600000|  0%| F|  |TAMS 0x00000000a2500000, 0x00000000a2500000| Untracked 
| 218|0x00000000a2600000, 0x00000000a2600000, 0x00000000a2700000|  0%| F|  |TAMS 0x00000000a2600000, 0x00000000a2600000| Untracked 
| 219|0x00000000a2700000, 0x00000000a2700000, 0x00000000a2800000|  0%| F|  |TAMS 0x00000000a2700000, 0x00000000a2700000| Untracked 
| 220|0x00000000a2800000, 0x00000000a2800000, 0x00000000a2900000|  0%| F|  |TAMS 0x00000000a2800000, 0x00000000a2800000| Untracked 
| 221|0x00000000a2900000, 0x00000000a2900000, 0x00000000a2a00000|  0%| F|  |TAMS 0x00000000a2900000, 0x00000000a2900000| Untracked 
| 222|0x00000000a2a00000, 0x00000000a2a00000, 0x00000000a2b00000|  0%| F|  |TAMS 0x00000000a2a00000, 0x00000000a2a00000| Untracked 
| 223|0x00000000a2b00000, 0x00000000a2b00000, 0x00000000a2c00000|  0%| F|  |TAMS 0x00000000a2b00000, 0x00000000a2b00000| Untracked 
| 224|0x00000000a2c00000, 0x00000000a2c00000, 0x00000000a2d00000|  0%| F|  |TAMS 0x00000000a2c00000, 0x00000000a2c00000| Untracked 
| 225|0x00000000a2d00000, 0x00000000a2d00000, 0x00000000a2e00000|  0%| F|  |TAMS 0x00000000a2d00000, 0x00000000a2d00000| Untracked 
| 226|0x00000000a2e00000, 0x00000000a2e00000, 0x00000000a2f00000|  0%| F|  |TAMS 0x00000000a2e00000, 0x00000000a2e00000| Untracked 
| 227|0x00000000a2f00000, 0x00000000a2f00000, 0x00000000a3000000|  0%| F|  |TAMS 0x00000000a2f00000, 0x00000000a2f00000| Untracked 
| 228|0x00000000a3000000, 0x00000000a3000000, 0x00000000a3100000|  0%| F|  |TAMS 0x00000000a3000000, 0x00000000a3000000| Untracked 
| 229|0x00000000a3100000, 0x00000000a3100000, 0x00000000a3200000|  0%| F|  |TAMS 0x00000000a3100000, 0x00000000a3100000| Untracked 
| 230|0x00000000a3200000, 0x00000000a3200000, 0x00000000a3300000|  0%| F|  |TAMS 0x00000000a3200000, 0x00000000a3200000| Untracked 
| 231|0x00000000a3300000, 0x00000000a3300000, 0x00000000a3400000|  0%| F|  |TAMS 0x00000000a3300000, 0x00000000a3300000| Untracked 
| 232|0x00000000a3400000, 0x00000000a3400000, 0x00000000a3500000|  0%| F|  |TAMS 0x00000000a3400000, 0x00000000a3400000| Untracked 
| 233|0x00000000a3500000, 0x00000000a3500000, 0x00000000a3600000|  0%| F|  |TAMS 0x00000000a3500000, 0x00000000a3500000| Untracked 
| 234|0x00000000a3600000, 0x00000000a3600000, 0x00000000a3700000|  0%| F|  |TAMS 0x00000000a3600000, 0x00000000a3600000| Untracked 
| 235|0x00000000a3700000, 0x00000000a3700000, 0x00000000a3800000|  0%| F|  |TAMS 0x00000000a3700000, 0x00000000a3700000| Untracked 
| 236|0x00000000a3800000, 0x00000000a3800000, 0x00000000a3900000|  0%| F|  |TAMS 0x00000000a3800000, 0x00000000a3800000| Untracked 
| 237|0x00000000a3900000, 0x00000000a3900000, 0x00000000a3a00000|  0%| F|  |TAMS 0x00000000a3900000, 0x00000000a3900000| Untracked 
| 238|0x00000000a3a00000, 0x00000000a3a00000, 0x00000000a3b00000|  0%| F|  |TAMS 0x00000000a3a00000, 0x00000000a3a00000| Untracked 
| 239|0x00000000a3b00000, 0x00000000a3b00000, 0x00000000a3c00000|  0%| F|  |TAMS 0x00000000a3b00000, 0x00000000a3b00000| Untracked 
| 240|0x00000000a3c00000, 0x00000000a3c00000, 0x00000000a3d00000|  0%| F|  |TAMS 0x00000000a3c00000, 0x00000000a3c00000| Untracked 
| 241|0x00000000a3d00000, 0x00000000a3d00000, 0x00000000a3e00000|  0%| F|  |TAMS 0x00000000a3d00000, 0x00000000a3d00000| Untracked 
| 242|0x00000000a3e00000, 0x00000000a3e00000, 0x00000000a3f00000|  0%| F|  |TAMS 0x00000000a3e00000, 0x00000000a3e00000| Untracked 
| 243|0x00000000a3f00000, 0x00000000a3f00000, 0x00000000a4000000|  0%| F|  |TAMS 0x00000000a3f00000, 0x00000000a3f00000| Untracked 
| 244|0x00000000a4000000, 0x00000000a4000000, 0x00000000a4100000|  0%| F|  |TAMS 0x00000000a4000000, 0x00000000a4000000| Untracked 
| 245|0x00000000a4100000, 0x00000000a4100000, 0x00000000a4200000|  0%| F|  |TAMS 0x00000000a4100000, 0x00000000a4100000| Untracked 
| 246|0x00000000a4200000, 0x00000000a4200000, 0x00000000a4300000|  0%| F|  |TAMS 0x00000000a4200000, 0x00000000a4200000| Untracked 
| 247|0x00000000a4300000, 0x00000000a4300000, 0x00000000a4400000|  0%| F|  |TAMS 0x00000000a4300000, 0x00000000a4300000| Untracked 
| 248|0x00000000a4400000, 0x00000000a4400000, 0x00000000a4500000|  0%| F|  |TAMS 0x00000000a4400000, 0x00000000a4400000| Untracked 
| 249|0x00000000a4500000, 0x00000000a4500000, 0x00000000a4600000|  0%| F|  |TAMS 0x00000000a4500000, 0x00000000a4500000| Untracked 
| 250|0x00000000a4600000, 0x00000000a4600000, 0x00000000a4700000|  0%| F|  |TAMS 0x00000000a4600000, 0x00000000a4600000| Untracked 
| 251|0x00000000a4700000, 0x00000000a4700000, 0x00000000a4800000|  0%| F|  |TAMS 0x00000000a4700000, 0x00000000a4700000| Untracked 
| 252|0x00000000a4800000, 0x00000000a4800000, 0x00000000a4900000|  0%| F|  |TAMS 0x00000000a4800000, 0x00000000a4800000| Untracked 
| 253|0x00000000a4900000, 0x00000000a4900000, 0x00000000a4a00000|  0%| F|  |TAMS 0x00000000a4900000, 0x00000000a4900000| Untracked 
| 254|0x00000000a4a00000, 0x00000000a4a00000, 0x00000000a4b00000|  0%| F|  |TAMS 0x00000000a4a00000, 0x00000000a4a00000| Untracked 
| 255|0x00000000a4b00000, 0x00000000a4b00000, 0x00000000a4c00000|  0%| F|  |TAMS 0x00000000a4b00000, 0x00000000a4b00000| Untracked 
| 256|0x00000000a4c00000, 0x00000000a4c00000, 0x00000000a4d00000|  0%| F|  |TAMS 0x00000000a4c00000, 0x00000000a4c00000| Untracked 
| 257|0x00000000a4d00000, 0x00000000a4d00000, 0x00000000a4e00000|  0%| F|  |TAMS 0x00000000a4d00000, 0x00000000a4d00000| Untracked 
| 258|0x00000000a4e00000, 0x00000000a4e00000, 0x00000000a4f00000|  0%| F|  |TAMS 0x00000000a4e00000, 0x00000000a4e00000| Untracked 
| 259|0x00000000a4f00000, 0x00000000a4f00000, 0x00000000a5000000|  0%| F|  |TAMS 0x00000000a4f00000, 0x00000000a4f00000| Untracked 
| 260|0x00000000a5000000, 0x00000000a5000000, 0x00000000a5100000|  0%| F|  |TAMS 0x00000000a5000000, 0x00000000a5000000| Untracked 
| 261|0x00000000a5100000, 0x00000000a5100000, 0x00000000a5200000|  0%| F|  |TAMS 0x00000000a5100000, 0x00000000a5100000| Untracked 
| 262|0x00000000a5200000, 0x00000000a5200000, 0x00000000a5300000|  0%| F|  |TAMS 0x00000000a5200000, 0x00000000a5200000| Untracked 
| 263|0x00000000a5300000, 0x00000000a5300000, 0x00000000a5400000|  0%| F|  |TAMS 0x00000000a5300000, 0x00000000a5300000| Untracked 
| 264|0x00000000a5400000, 0x00000000a5400000, 0x00000000a5500000|  0%| F|  |TAMS 0x00000000a5400000, 0x00000000a5400000| Untracked 
| 265|0x00000000a5500000, 0x00000000a5500000, 0x00000000a5600000|  0%| F|  |TAMS 0x00000000a5500000, 0x00000000a5500000| Untracked 
| 266|0x00000000a5600000, 0x00000000a5600000, 0x00000000a5700000|  0%| F|  |TAMS 0x00000000a5600000, 0x00000000a5600000| Untracked 
| 267|0x00000000a5700000, 0x00000000a5700000, 0x00000000a5800000|  0%| F|  |TAMS 0x00000000a5700000, 0x00000000a5700000| Untracked 
| 268|0x00000000a5800000, 0x00000000a5800000, 0x00000000a5900000|  0%| F|  |TAMS 0x00000000a5800000, 0x00000000a5800000| Untracked 
| 269|0x00000000a5900000, 0x00000000a5900000, 0x00000000a5a00000|  0%| F|  |TAMS 0x00000000a5900000, 0x00000000a5900000| Untracked 
| 270|0x00000000a5a00000, 0x00000000a5a00000, 0x00000000a5b00000|  0%| F|  |TAMS 0x00000000a5a00000, 0x00000000a5a00000| Untracked 
| 271|0x00000000a5b00000, 0x00000000a5b00000, 0x00000000a5c00000|  0%| F|  |TAMS 0x00000000a5b00000, 0x00000000a5b00000| Untracked 
| 272|0x00000000a5c00000, 0x00000000a5c00000, 0x00000000a5d00000|  0%| F|  |TAMS 0x00000000a5c00000, 0x00000000a5c00000| Untracked 
| 273|0x00000000a5d00000, 0x00000000a5d00000, 0x00000000a5e00000|  0%| F|  |TAMS 0x00000000a5d00000, 0x00000000a5d00000| Untracked 
| 274|0x00000000a5e00000, 0x00000000a5e00000, 0x00000000a5f00000|  0%| F|  |TAMS 0x00000000a5e00000, 0x00000000a5e00000| Untracked 
| 275|0x00000000a5f00000, 0x00000000a5f00000, 0x00000000a6000000|  0%| F|  |TAMS 0x00000000a5f00000, 0x00000000a5f00000| Untracked 
| 276|0x00000000a6000000, 0x00000000a6000000, 0x00000000a6100000|  0%| F|  |TAMS 0x00000000a6000000, 0x00000000a6000000| Untracked 
| 277|0x00000000a6100000, 0x00000000a6100000, 0x00000000a6200000|  0%| F|  |TAMS 0x00000000a6100000, 0x00000000a6100000| Untracked 
| 278|0x00000000a6200000, 0x00000000a6200000, 0x00000000a6300000|  0%| F|  |TAMS 0x00000000a6200000, 0x00000000a6200000| Untracked 
| 279|0x00000000a6300000, 0x00000000a6300000, 0x00000000a6400000|  0%| F|  |TAMS 0x00000000a6300000, 0x00000000a6300000| Untracked 
| 280|0x00000000a6400000, 0x00000000a6400000, 0x00000000a6500000|  0%| F|  |TAMS 0x00000000a6400000, 0x00000000a6400000| Untracked 
| 281|0x00000000a6500000, 0x00000000a6500000, 0x00000000a6600000|  0%| F|  |TAMS 0x00000000a6500000, 0x00000000a6500000| Untracked 
| 282|0x00000000a6600000, 0x00000000a6600000, 0x00000000a6700000|  0%| F|  |TAMS 0x00000000a6600000, 0x00000000a6600000| Untracked 
| 283|0x00000000a6700000, 0x00000000a6700000, 0x00000000a6800000|  0%| F|  |TAMS 0x00000000a6700000, 0x00000000a6700000| Untracked 
| 284|0x00000000a6800000, 0x00000000a6800000, 0x00000000a6900000|  0%| F|  |TAMS 0x00000000a6800000, 0x00000000a6800000| Untracked 
| 285|0x00000000a6900000, 0x00000000a6900000, 0x00000000a6a00000|  0%| F|  |TAMS 0x00000000a6900000, 0x00000000a6900000| Untracked 
| 286|0x00000000a6a00000, 0x00000000a6a00000, 0x00000000a6b00000|  0%| F|  |TAMS 0x00000000a6a00000, 0x00000000a6a00000| Untracked 
| 287|0x00000000a6b00000, 0x00000000a6b00000, 0x00000000a6c00000|  0%| F|  |TAMS 0x00000000a6b00000, 0x00000000a6b00000| Untracked 
| 288|0x00000000a6c00000, 0x00000000a6c00000, 0x00000000a6d00000|  0%| F|  |TAMS 0x00000000a6c00000, 0x00000000a6c00000| Untracked 
| 289|0x00000000a6d00000, 0x00000000a6d00000, 0x00000000a6e00000|  0%| F|  |TAMS 0x00000000a6d00000, 0x00000000a6d00000| Untracked 
| 290|0x00000000a6e00000, 0x00000000a6e00000, 0x00000000a6f00000|  0%| F|  |TAMS 0x00000000a6e00000, 0x00000000a6e00000| Untracked 
| 291|0x00000000a6f00000, 0x00000000a6f00000, 0x00000000a7000000|  0%| F|  |TAMS 0x00000000a6f00000, 0x00000000a6f00000| Untracked 
| 292|0x00000000a7000000, 0x00000000a7000000, 0x00000000a7100000|  0%| F|  |TAMS 0x00000000a7000000, 0x00000000a7000000| Untracked 
| 293|0x00000000a7100000, 0x00000000a717a430, 0x00000000a7200000| 47%| S|CS|TAMS 0x00000000a7100000, 0x00000000a7100000| Complete 
| 294|0x00000000a7200000, 0x00000000a7200000, 0x00000000a7300000|  0%| F|  |TAMS 0x00000000a7200000, 0x00000000a7200000| Untracked 
| 295|0x00000000a7300000, 0x00000000a7300800, 0x00000000a7400000|  0%| E|  |TAMS 0x00000000a7300000, 0x00000000a7300000| Complete 
| 296|0x00000000a7400000, 0x00000000a7500000, 0x00000000a7500000|100%| E|CS|TAMS 0x00000000a7400000, 0x00000000a7400000| Complete 
| 297|0x00000000a7500000, 0x00000000a7600000, 0x00000000a7600000|100%| E|CS|TAMS 0x00000000a7500000, 0x00000000a7500000| Complete 
|1714|0x00000000ffe00000, 0x00000000ffe75000, 0x00000000fff00000| 45%|OA|  |TAMS 0x00000000ffe75000, 0x00000000ffe75000| Untracked 
|1715|0x00000000fff00000, 0x00000000fff77000, 0x0000000100000000| 46%|CA|  |TAMS 0x00000000fff77000, 0x00000000fff77000| Untracked 

Card table byte_map: [0x00007fce8cc15000,0x00007fce8cf6f000] _byte_map_base: 0x00007fce8c76f000

Marking Bits (Prev, Next): (CMBitMap*) 0x00007fce88069bb0, (CMBitMap*) 0x00007fce88069bf0
 Prev Bits: [0x00007fce6fac8000, 0x00007fce71598000)
 Next Bits: [0x00007fce6dff8000, 0x00007fce6fac8000)

Polling page: 0x00007fce8fc74000

Metaspace:

Usage:
  Non-class:     22.38 MB used.
      Class:      3.05 MB used.
       Both:     25.43 MB used.

Virtual space:
  Non-class space:       64.00 MB reserved,      22.50 MB ( 35%) committed,  1 nodes.
      Class space:        1.00 GB reserved,       3.19 MB ( <1%) committed,  1 nodes.
             Both:        1.06 GB reserved,      25.69 MB (  2%) committed. 

Chunk freelists:
   Non-Class:  9.50 MB
       Class:  12.79 MB
        Both:  22.30 MB

MaxMetaspaceSize: unlimited
CompressedClassSpaceSize: 1.00 GB
Initial GC threshold: 21.00 MB
Current GC threshold: 39.81 MB
CDS: on
MetaspaceReclaimPolicy: balanced
 - commit_granule_bytes: 65536.
 - commit_granule_words: 8192.
 - virtual_space_node_default_size: 8388608.
 - enlarge_chunks_in_place: 1.
 - new_chunks_are_fully_committed: 0.
 - uncommit_free_chunks: 1.
 - use_allocation_guard: 0.
 - handle_deallocations: 1.


Internal statistics:

num_allocs_failed_limit: 3.
num_arena_births: 276.
num_arena_deaths: 0.
num_vsnodes_births: 2.
num_vsnodes_deaths: 0.
num_space_committed: 411.
num_space_uncommitted: 0.
num_chunks_returned_to_freelist: 3.
num_chunks_taken_from_freelist: 706.
num_chunk_merges: 3.
num_chunk_splits: 473.
num_chunks_enlarged: 338.
num_inconsistent_stats: 0.

CodeHeap 'non-profiled nmethods': size=119168Kb used=1957Kb max_used=1957Kb free=117210Kb
 bounds [0x00007fce79138000, 0x00007fce793a8000, 0x00007fce80598000]
CodeHeap 'profiled nmethods': size=119164Kb used=8940Kb max_used=8940Kb free=110223Kb
 bounds [0x00007fce71598000, 0x00007fce71e58000, 0x00007fce789f7000]
CodeHeap 'non-nmethods': size=7428Kb used=2135Kb max_used=3287Kb free=5292Kb
 bounds [0x00007fce789f7000, 0x00007fce78da7000, 0x00007fce79138000]
 total_blobs=4907 nmethods=3988 adapters=831
 compilation: enabled
              stopped_count=0, restarted_count=0
 full_count=0

Compilation events (20 events):
Event: 60.941 Thread 0x00007fcde801cc20 3980       3       javax.swing.JComponent::getMaximumSize (43 bytes)
Event: 60.941 Thread 0x00007fcde801cc20 nmethod 3980 0x00007fce71e4d690 code [0x00007fce71e4d860, 0x00007fce71e4dc40]
Event: 60.941 Thread 0x00007fcde801cc20 3984   !   3       java.awt.Container::preferredSize (88 bytes)
Event: 60.942 Thread 0x00007fce88138f60 nmethod 3981 0x00007fce71e4dd90 code [0x00007fce71e4e160, 0x00007fce71e4fad0]
Event: 60.942 Thread 0x00007fce88138f60 3982       3       java.awt.Container::getMinimumSize (5 bytes)
Event: 60.942 Thread 0x00007fcde801cc20 nmethod 3984 0x00007fce71e50510 code [0x00007fce71e50740, 0x00007fce71e510f0]
Event: 60.942 Thread 0x00007fcde801cc20 3983       1       java.awt.Component::getAlignmentY (4 bytes)
Event: 60.942 Thread 0x00007fcde801cc20 nmethod 3983 0x00007fce79320c10 code [0x00007fce79320dc0, 0x00007fce79320e90]
Event: 60.942 Thread 0x00007fce88138f60 nmethod 3982 0x00007fce71e51410 code [0x00007fce71e515c0, 0x00007fce71e51780]
Event: 61.591 Thread 0x00007fcde801cc20 3985       3       java.lang.ClassLoader::findNative (21 bytes)
Event: 61.591 Thread 0x00007fce88137a20 3988       4       java.util.Collections$3::hasMoreElements (10 bytes)
Event: 61.591 Thread 0x00007fce88138f60 3987       3       jdk.internal.loader.NativeLibraries::find (72 bytes)
Event: 61.591 Thread 0x00007fcde801cc20 nmethod 3985 0x00007fce71e51810 code [0x00007fce71e519e0, 0x00007fce71e51c10]
Event: 61.592 Thread 0x00007fce88138f60 nmethod 3987 0x00007fce71e51d10 code [0x00007fce71e51f40, 0x00007fce71e527d0]
Event: 61.592 Thread 0x00007fce88138f60 3990       3       java.util.logging.LogManager::checkPermission (16 bytes)
Event: 61.592 Thread 0x00007fcde801cc20 3986       1       java.util.concurrent.CopyOnWriteArrayList::getArray (5 bytes)
Event: 61.592 Thread 0x00007fcde801cc20 nmethod 3986 0x00007fce79320f10 code [0x00007fce793210a0, 0x00007fce79321170]
Event: 61.592 Thread 0x00007fce88138f60 nmethod 3990 0x00007fce71e52a90 code [0x00007fce71e52c60, 0x00007fce71e52f60]
Event: 61.592 Thread 0x00007fce88137a20 nmethod 3988 0x00007fce79321210 code [0x00007fce793213a0, 0x00007fce79321478]
Event: 61.592 Thread 0x00007fce88137a20 3989       4       java.util.Collections$3::nextElement (10 bytes)

GC Heap History (20 events):
Event: 18.377 GC heap before
{Heap before GC invocations=9 (full 0):
 garbage-first heap   total 94208K, used 50895K [0x0000000094c00000, 0x0000000100000000)
  region size 1024K, 2 young (2048K), 1 survivors (1024K)
 Metaspace       used 25893K, committed 26176K, reserved 1114112K
  class space    used 3116K, committed 3264K, reserved 1048576K
}
Event: 18.379 GC heap after
{Heap after GC invocations=10 (full 0):
 garbage-first heap   total 152576K, used 35516K [0x0000000094c00000, 0x0000000100000000)
  region size 1024K, 1 young (1024K), 1 survivors (1024K)
 Metaspace       used 25893K, committed 26176K, reserved 1114112K
  class space    used 3116K, committed 3264K, reserved 1048576K
}
Event: 18.482 GC heap before
{Heap before GC invocations=10 (full 0):
 garbage-first heap   total 152576K, used 67260K [0x0000000094c00000, 0x0000000100000000)
  region size 1024K, 3 young (3072K), 1 survivors (1024K)
 Metaspace       used 25910K, committed 26240K, reserved 1114112K
  class space    used 3116K, committed 3264K, reserved 1048576K
}
Event: 18.484 GC heap after
{Heap after GC invocations=11 (full 0):
 garbage-first heap   total 152576K, used 66230K [0x0000000094c00000, 0x0000000100000000)
  region size 1024K, 1 young (1024K), 1 survivors (1024K)
 Metaspace       used 25910K, committed 26240K, reserved 1114112K
  class space    used 3116K, committed 3264K, reserved 1048576K
}
Event: 18.528 GC heap before
{Heap before GC invocations=11 (full 0):
 garbage-first heap   total 152576K, used 73398K [0x0000000094c00000, 0x0000000100000000)
  region size 1024K, 2 young (2048K), 1 survivors (1024K)
 Metaspace       used 25911K, committed 26240K, reserved 1114112K
  class space    used 3116K, committed 3264K, reserved 1048576K
}
Event: 18.530 GC heap after
{Heap after GC invocations=12 (full 0):
 garbage-first heap   total 152576K, used 42673K [0x0000000094c00000, 0x0000000100000000)
  region size 1024K, 1 young (1024K), 1 survivors (1024K)
 Metaspace       used 25911K, committed 26240K, reserved 1114112K
  class space    used 3116K, committed 3264K, reserved 1048576K
}
Event: 18.585 GC heap before
{Heap before GC invocations=12 (full 0):
 garbage-first heap   total 152576K, used 66225K [0x0000000094c00000, 0x0000000100000000)
  region size 1024K, 2 young (2048K), 1 survivors (1024K)
 Metaspace       used 25911K, committed 26240K, reserved 1114112K
  class space    used 3116K, committed 3264K, reserved 1048576K
}
Event: 18.586 GC heap after
{Heap after GC invocations=13 (full 0):
 garbage-first heap   total 152576K, used 50872K [0x0000000094c00000, 0x0000000100000000)
  region size 1024K, 1 young (1024K), 1 survivors (1024K)
 Metaspace       used 25911K, committed 26240K, reserved 1114112K
  class space    used 3116K, committed 3264K, reserved 1048576K
}
Event: 18.842 GC heap before
{Heap before GC invocations=13 (full 0):
 garbage-first heap   total 152576K, used 66232K [0x0000000094c00000, 0x0000000100000000)
  region size 1024K, 2 young (2048K), 1 survivors (1024K)
 Metaspace       used 25913K, committed 26240K, reserved 1114112K
  class space    used 3116K, committed 3264K, reserved 1048576K
}
Event: 18.844 GC heap after
{Heap after GC invocations=14 (full 0):
 garbage-first heap   total 307200K, used 50868K [0x0000000094c00000, 0x0000000100000000)
  region size 1024K, 1 young (1024K), 1 survivors (1024K)
 Metaspace       used 25913K, committed 26240K, reserved 1114112K
  class space    used 3116K, committed 3264K, reserved 1048576K
}
Event: 19.152 GC heap before
{Heap before GC invocations=14 (full 0):
 garbage-first heap   total 307200K, used 136884K [0x0000000094c00000, 0x0000000100000000)
  region size 1024K, 4 young (4096K), 1 survivors (1024K)
 Metaspace       used 25921K, committed 26240K, reserved 1114112K
  class space    used 3116K, committed 3264K, reserved 1048576K
}
Event: 19.154 GC heap after
{Heap after GC invocations=15 (full 0):
 garbage-first heap   total 307200K, used 119476K [0x0000000094c00000, 0x0000000100000000)
  region size 1024K, 1 young (1024K), 1 survivors (1024K)
 Metaspace       used 25921K, committed 26240K, reserved 1114112K
  class space    used 3116K, committed 3264K, reserved 1048576K
}
Event: 19.209 GC heap before
{Heap before GC invocations=15 (full 0):
 garbage-first heap   total 307200K, used 134836K [0x0000000094c00000, 0x0000000100000000)
  region size 1024K, 2 young (2048K), 1 survivors (1024K)
 Metaspace       used 25929K, committed 26240K, reserved 1114112K
  class space    used 3117K, committed 3264K, reserved 1048576K
}
Event: 19.211 GC heap after
{Heap after GC invocations=16 (full 0):
 garbage-first heap   total 307200K, used 42680K [0x0000000094c00000, 0x0000000100000000)
  region size 1024K, 1 young (1024K), 1 survivors (1024K)
 Metaspace       used 25929K, committed 26240K, reserved 1114112K
  class space    used 3117K, committed 3264K, reserved 1048576K
}
Event: 60.178 GC heap before
{Heap before GC invocations=16 (full 0):
 garbage-first heap   total 307200K, used 137912K [0x0000000094c00000, 0x0000000100000000)
  region size 1024K, 5 young (5120K), 1 survivors (1024K)
 Metaspace       used 25981K, committed 26240K, reserved 1114112K
  class space    used 3118K, committed 3264K, reserved 1048576K
}
Event: 60.179 GC heap after
{Heap after GC invocations=17 (full 0):
 garbage-first heap   total 307200K, used 119498K [0x0000000094c00000, 0x0000000100000000)
  region size 1024K, 1 young (1024K), 1 survivors (1024K)
 Metaspace       used 25981K, committed 26240K, reserved 1114112K
  class space    used 3118K, committed 3264K, reserved 1048576K
}
Event: 60.224 GC heap before
{Heap before GC invocations=17 (full 0):
 garbage-first heap   total 307200K, used 134858K [0x0000000094c00000, 0x0000000100000000)
  region size 1024K, 2 young (2048K), 1 survivors (1024K)
 Metaspace       used 25989K, committed 26304K, reserved 1114112K
  class space    used 3118K, committed 3264K, reserved 1048576K
}
Event: 60.225 GC heap after
{Heap after GC invocations=18 (full 0):
 garbage-first heap   total 307200K, used 42690K [0x0000000094c00000, 0x0000000100000000)
  region size 1024K, 1 young (1024K), 1 survivors (1024K)
 Metaspace       used 25989K, committed 26304K, reserved 1114112K
  class space    used 3118K, committed 3264K, reserved 1048576K
}
Event: 60.658 GC heap before
{Heap before GC invocations=18 (full 0):
 garbage-first heap   total 307200K, used 136898K [0x0000000094c00000, 0x0000000100000000)
  region size 1024K, 4 young (4096K), 1 survivors (1024K)
 Metaspace       used 26014K, committed 26304K, reserved 1114112K
  class space    used 3118K, committed 3264K, reserved 1048576K
}
Event: 60.659 GC heap after
{Heap after GC invocations=19 (full 0):
 garbage-first heap   total 307200K, used 119500K [0x0000000094c00000, 0x0000000100000000)
  region size 1024K, 1 young (1024K), 1 survivors (1024K)
 Metaspace       used 26014K, committed 26304K, reserved 1114112K
  class space    used 3118K, committed 3264K, reserved 1048576K
}

Dll operation events (17 events):
Event: 0.001 Loaded shared library /usr/lib/jvm/java-17-openjdk-amd64/lib/libjava.so
Event: 0.013 Loaded shared library /usr/lib/jvm/java-17-openjdk-amd64/lib/libjsvml.so
Event: 0.194 Loaded shared library /usr/lib/jvm/java-17-openjdk-amd64/lib/libnio.so
Event: 0.197 Loaded shared library /usr/lib/jvm/java-17-openjdk-amd64/lib/libzip.so
Event: 0.239 Loaded shared library /usr/lib/jvm/java-17-openjdk-amd64/lib/libjimage.so
Event: 0.258 Loaded shared library /usr/lib/jvm/java-17-openjdk-amd64/lib/libawt.so
Event: 0.261 Loaded shared library /usr/lib/jvm/java-17-openjdk-amd64/lib/libawt_xawt.so
Event: 0.280 Loaded shared library /usr/lib/jvm/java-17-openjdk-amd64/lib/libfontmanager.so
Event: 0.401 Loaded shared library /usr/lib/jvm/java-17-openjdk-amd64/lib/libnet.so
Event: 0.943 Loaded shared library /usr/lib/jvm/java-17-openjdk-amd64/lib/libmlib_image.so
Event: 7.403 Loaded shared library /home/tloxley/.openjfx/cache/19+11/amd64/libprism_es2.so
Event: 10.331 Loaded shared library /home/tloxley/.openjfx/cache/19+11/amd64/libprism_sw.so
Event: 10.341 Loaded shared library /home/tloxley/.openjfx/cache/19+11/amd64/libglass.so
Event: 10.356 Loaded shared library /home/tloxley/.openjfx/cache/19+11/amd64/libglassgtk2.so
Event: 10.431 Loaded shared library /home/tloxley/.openjfx/cache/19+11/amd64/libjfxmedia.so
Event: 10.582 Loaded shared library /home/tloxley/.openjfx/cache/19+11/amd64/libjavafx_font.so
Event: 10.586 Loaded shared library /home/tloxley/.openjfx/cache/19+11/amd64/libjavafx_font_freetype.so

Deoptimization events (20 events):
Event: 10.668 Thread 0x00007fcdbc22bd90 DEOPT PACKING pc=0x00007fce79195358 sp=0x00007fcd702a9d40
Event: 10.668 Thread 0x00007fcdbc22bd90 DEOPT UNPACKING pc=0x00007fce78a4d699 sp=0x00007fcd702a9d00 mode 2
Event: 10.690 Thread 0x00007fcdb004d430 Uncommon trap: trap_request=0xffffffde fr.pc=0x00007fce792d9288 relative=0x0000000000000248
Event: 10.690 Thread 0x00007fcdb004d430 Uncommon trap: reason=class_check action=maybe_recompile pc=0x00007fce792d9288 method=java.util.concurrent.locks.AbstractQueuedSynchronizer.release(I)Z @ 2 c2
Event: 10.690 Thread 0x00007fcdb004d430 DEOPT PACKING pc=0x00007fce792d9288 sp=0x00007fce0e88f810
Event: 10.690 Thread 0x00007fcdb004d430 DEOPT UNPACKING pc=0x00007fce78a4d699 sp=0x00007fce0e88f7d8 mode 2
Event: 18.361 Thread 0x00007fce8843e290 DEOPT PACKING pc=0x00007fce71df4a44 sp=0x00007fce5cfc87c0
Event: 18.361 Thread 0x00007fce8843e290 DEOPT UNPACKING pc=0x00007fce78a4de2f sp=0x00007fce5cfc7cd0 mode 0
Event: 18.361 Thread 0x00007fce8843e290 Uncommon trap: trap_request=0xffffffe4 fr.pc=0x00007fce7930c17c relative=0x000000000000165c
Event: 18.361 Thread 0x00007fce8843e290 Uncommon trap: reason=range_check action=make_not_entrant pc=0x00007fce7930c17c method=java.awt.image.PackedColorModel.DecomposeMask(IILjava/lang/String;)V @ 8 c2
Event: 18.361 Thread 0x00007fce8843e290 DEOPT PACKING pc=0x00007fce7930c17c sp=0x00007fce5cfc87c0
Event: 18.361 Thread 0x00007fce8843e290 DEOPT UNPACKING pc=0x00007fce78a4d699 sp=0x00007fce5cfc8590 mode 2
Event: 61.592 Thread 0x00007fcdbc2008b0 Uncommon trap: trap_request=0xffffffde fr.pc=0x00007fce792d9288 relative=0x0000000000000248
Event: 61.592 Thread 0x00007fcdbc2008b0 Uncommon trap: reason=class_check action=maybe_recompile pc=0x00007fce792d9288 method=java.util.concurrent.locks.AbstractQueuedSynchronizer.release(I)Z @ 2 c2
Event: 61.592 Thread 0x00007fcdbc2008b0 DEOPT PACKING pc=0x00007fce792d9288 sp=0x00007fcd702aa5f0
Event: 61.592 Thread 0x00007fcdbc2008b0 DEOPT UNPACKING pc=0x00007fce78a4d699 sp=0x00007fcd702aa5b8 mode 2
Event: 61.592 Thread 0x00007fcdb004d430 DEOPT PACKING pc=0x00007fce71c8ae9c sp=0x00007fce0e88f6c0
Event: 61.592 Thread 0x00007fcdb004d430 DEOPT UNPACKING pc=0x00007fce78a4de2f sp=0x00007fce0e88ec08 mode 1
Event: 61.592 Thread 0x00007fcdbc2008b0 DEOPT PACKING pc=0x00007fce7179bbcc sp=0x00007fcd702aa940
Event: 61.592 Thread 0x00007fcdbc2008b0 DEOPT UNPACKING pc=0x00007fce78a4de2f sp=0x00007fcd702a9dc0 mode 1

Classes unloaded (0 events):
No events

Classes redefined (0 events):
No events

Internal exceptions (20 events):
Event: 2.298 Thread 0x00007fce8843e290 Exception <a 'java/lang/NoSuchMethodError'{0x000000009b7e1b40}: 'void java.lang.invoke.DirectMethodHandle$Holder.invokeSpecial(java.lang.Object, java.lang.Object, int)'> (0x000000009b7e1b40) 
thrown [src/hotspot/share/interpreter/linkResolver.cpp, line 758]
Event: 2.299 Thread 0x00007fce8843e290 Exception <a 'java/lang/NoSuchMethodError'{0x000000009b7e7ce0}: 'java.lang.Object java.lang.invoke.DirectMethodHandle$Holder.newInvokeSpecial(java.lang.Object, java.lang.Object, int)'> (0x000000009b7e7ce0) 
thrown [src/hotspot/share/interpreter/linkResolver.cpp, line 758]
Event: 3.795 Thread 0x00007fce8843e290 Exception <a 'java/lang/NoSuchMethodError'{0x000000009bc68328}: 'void java.lang.invoke.DirectMethodHandle$Holder.invokeStatic(java.lang.Object, java.lang.Object, java.lang.Object)'> (0x000000009bc68328) 
thrown [src/hotspot/share/interpreter/linkResolver.cpp, line 758]
Event: 3.807 Thread 0x00007fce8843e290 Exception <a 'java/lang/ClassNotFoundException'{0x000000009bb191f8}: com/sun/swing/internal/plaf/metal/resources/spi/metalProvider> (0x000000009bb191f8) 
thrown [src/hotspot/share/classfile/systemDictionary.cpp, line 256]
Event: 7.339 Thread 0x00007fcdbc228360 Exception <a 'java/lang/ClassNotFoundException'{0x000000009b6ede30}: sun/util/logging/resources/spi/loggingProvider> (0x000000009b6ede30) 
thrown [src/hotspot/share/classfile/systemDictionary.cpp, line 256]
Event: 10.334 Thread 0x00007fcdbc228360 Exception <a 'java/lang/NoSuchMethodError'{0x000000009b24f288}: 'int java.lang.invoke.DirectMethodHandle$Holder.invokeStaticInit(java.lang.Object, java.lang.Object, java.lang.Object)'> (0x000000009b24f288) 
thrown [src/hotspot/share/interpreter/linkResolver.cpp, line 758]
Event: 10.347 Thread 0x00007fcdbc228360 Exception <a 'java/lang/NoSuchMethodError'{0x000000009b2d5dd8}: 'java.lang.Object java.lang.invoke.DirectMethodHandle$Holder.invokeStatic(java.lang.Object, int, int)'> (0x000000009b2d5dd8) 
thrown [src/hotspot/share/interpreter/linkResolver.cpp, line 758]
Event: 10.365 Thread 0x00007fcdbc228360 Exception <a 'java/lang/NoSuchMethodError'{0x000000009b113160}: 'java.lang.Object java.lang.invoke.DirectMethodHandle$Holder.newInvokeSpecial(java.lang.Object, java.lang.Object, java.lang.Object, int)'> (0x000000009b113160) 
thrown [src/hotspot/share/interpreter/linkResolver.cpp, line 758]
Event: 10.366 Thread 0x00007fcdbc228360 Exception <a 'java/lang/NoSuchMethodError'{0x000000009b117298}: 'java.lang.Object java.lang.invoke.DirectMethodHandle$Holder.invokeSpecial(java.lang.Object, java.lang.Object, java.lang.Object, java.lang.Object, int)'> (0x000000009b117298) 
thrown [src/hotspot/share/interpreter/linkResolver.cpp, line 758]
Event: 10.366 Thread 0x00007fcdbc228360 Exception <a 'java/lang/NoSuchMethodError'{0x000000009b132090}: 'java.lang.Object java.lang.invoke.Invokers$Holder.linkToTargetMethod(java.lang.Object, java.lang.Object, int, java.lang.Object)'> (0x000000009b132090) 
thrown [src/hotspot/share/interpreter/linkResolver.cpp, line 758]
Event: 10.436 Thread 0x00007fcdb016c890 Implicit null exception at 0x00007fce79186c57 to 0x00007fce79187214
Event: 10.436 Thread 0x00007fcdb016c890 Implicit null exception at 0x00007fce79185fd7 to 0x00007fce79186588
Event: 10.439 Thread 0x00007fce8843e290 Implicit null exception at 0x00007fce792147f8 to 0x00007fce792149a4
Event: 10.457 Thread 0x00007fcdb016c890 Exception <a 'java/lang/NullPointerException'{0x000000009ab20c48}> (0x000000009ab20c48) 
thrown [src/hotspot/share/interpreter/linkResolver.cpp, line 1433]
Event: 10.494 Thread 0x00007fcdb016c890 Exception <a 'java/lang/NoSuchMethodError'{0x000000009aa0f9d8}: 'java.lang.Object java.lang.invoke.DirectMethodHandle$Holder.invokeInterface(java.lang.Object, java.lang.Object)'> (0x000000009aa0f9d8) 
thrown [src/hotspot/share/interpreter/linkResolver.cpp, line 758]
Event: 10.539 Thread 0x00007fcdb016c890 Exception <a 'java/lang/NoSuchMethodError'{0x000000009bcdb890}: 'java.lang.Object java.lang.invoke.DirectMethodHandle$Holder.invokeStaticInit(java.lang.Object, java.lang.Object, java.lang.Object, java.lang.Object)'> (0x000000009bcdb890) 
thrown [src/hotspot/share/interpreter/linkResolver.cpp, line 758]
Event: 10.567 Thread 0x00007fcdb016c890 Exception <a 'java/lang/NullPointerException'{0x000000009bc28f30}> (0x000000009bc28f30) 
thrown [src/hotspot/share/interpreter/linkResolver.cpp, line 1350]
Event: 10.665 Thread 0x00007fcdb016c890 Exception <a 'java/lang/NoSuchMethodError'{0x00000000989bab10}: 'java.lang.Object java.lang.invoke.DirectMethodHandle$Holder.newInvokeSpecial(java.lang.Object, java.lang.Object, int, int)'> (0x00000000989bab10) 
thrown [src/hotspot/share/interpreter/linkResolver.cpp, line 758]
Event: 10.667 Thread 0x00007fcdbc22bd90 Exception <a 'java/lang/NoSuchMethodError'{0x000000009880d578}: 'java.lang.Object java.lang.invoke.DirectMethodHandle$Holder.newInvokeSpecial(java.lang.Object, java.lang.Object, java.lang.Object, int, int, int, int, int)'> (0x000000009880d578) 
thrown [src/hotspot/share/interpreter/linkResolver.cpp, line 758]
Event: 10.680 Thread 0x00007fcdb004d430 Exception <a 'java/lang/NoSuchMethodError'{0x0000000098615ad0}: 'int java.lang.invoke.DirectMethodHandle$Holder.invokeStaticInit(java.lang.Object, java.lang.Object)'> (0x0000000098615ad0) 
thrown [src/hotspot/share/interpreter/linkResolver.cpp, line 758]

VM Operations (20 events):
Event: 24.213 Executing VM operation: Cleanup done
Event: 25.213 Executing VM operation: Cleanup
Event: 25.213 Executing VM operation: Cleanup done
Event: 26.213 Executing VM operation: Cleanup
Event: 26.213 Executing VM operation: Cleanup done
Event: 28.213 Executing VM operation: Cleanup
Event: 28.213 Executing VM operation: Cleanup done
Event: 58.220 Executing VM operation: Cleanup
Event: 58.220 Executing VM operation: Cleanup done
Event: 59.221 Executing VM operation: Cleanup
Event: 59.221 Executing VM operation: Cleanup done
Event: 60.078 Executing VM operation: HandshakeAllThreads
Event: 60.078 Executing VM operation: HandshakeAllThreads done
Event: 60.178 Executing VM operation: G1TryInitiateConcMark
Event: 60.179 Executing VM operation: G1TryInitiateConcMark done
Event: 60.224 Executing VM operation: G1TryInitiateConcMark
Event: 60.226 Executing VM operation: G1TryInitiateConcMark done
Event: 60.657 Executing VM operation: G1TryInitiateConcMark
Event: 60.659 Executing VM operation: G1TryInitiateConcMark done
Event: 61.594 Executing VM operation: Exit

Events (20 events):
Event: 15.680 Thread 0x00007fcdbc22bd90 Thread exited: 0x00007fcdbc22bd90
Event: 17.641 Thread 0x00007fcd50001ab0 Thread exited: 0x00007fcd50001ab0
Event: 20.468 Thread 0x00007fcde82eed30 Thread exited: 0x00007fcde82eed30
Event: 21.534 Thread 0x00007fcde81a9070 Thread exited: 0x00007fcde81a9070
Event: 60.940 Thread 0x00007fcde801cc20 Thread added: 0x00007fcde801cc20
Event: 60.940 Protecting memory [0x00007fce5dece000,0x00007fce5ded2000] with protection modes 0
Event: 61.591 Thread 0x00007fcdbc1ffdb0 Thread added: 0x00007fcdbc1ffdb0
Event: 61.591 Protecting memory [0x00007fcd702ac000,0x00007fcd702b0000] with protection modes 0
Event: 61.591 Thread 0x00007fcdbc200330 Thread added: 0x00007fcdbc200330
Event: 61.591 loading class sun/awt/X11/XSystemTrayPeer
Event: 61.591 Protecting memory [0x00007fcd700aa000,0x00007fcd700ae000] with protection modes 0
Event: 61.591 Thread 0x00007fcdbc2008b0 Thread added: 0x00007fcdbc2008b0
Event: 61.591 loading class java/awt/peer/SystemTrayPeer
Event: 61.591 loading class java/awt/peer/SystemTrayPeer done
Event: 61.591 Protecting memory [0x00007fcd701ab000,0x00007fcd701af000] with protection modes 0
Event: 61.591 loading class sun/awt/X11/XSystemTrayPeer done
Event: 61.592 Thread 0x00007fcdbc200330 Thread exited: 0x00007fcdbc200330
Event: 61.592 Thread 0x00007fcdb004d430 Thread exited: 0x00007fcdb004d430
Event: 61.592 Thread 0x00007fcdbc2008b0 Thread exited: 0x00007fcdbc2008b0
Event: 61.593 Thread 0x00007fcdbc1ffdb0 Thread exited: 0x00007fcdbc1ffdb0


Dynamic libraries:
94c00000-a7600000 rw-p 00000000 00:00 0 
a7600000-ffe00000 ---p 00000000 00:00 0 
ffe00000-ffe75000 rw-p 00c75000 08:20 30824                              /usr/lib/jvm/java-17-openjdk-amd64/lib/server/classes.jsa
ffe75000-fff00000 rw-p 00000000 00:00 0 
fff00000-fff77000 rw-p 00bfe000 08:20 30824                              /usr/lib/jvm/java-17-openjdk-amd64/lib/server/classes.jsa
fff77000-100000000 rw-p 00000000 00:00 0 
55ced462d000-55ced462e000 r--p 00000000 08:20 30751                      /usr/lib/jvm/java-17-openjdk-amd64/bin/java
55ced462e000-55ced462f000 r-xp 00001000 08:20 30751                      /usr/lib/jvm/java-17-openjdk-amd64/bin/java
55ced462f000-55ced4630000 r--p 00002000 08:20 30751                      /usr/lib/jvm/java-17-openjdk-amd64/bin/java
55ced4630000-55ced4631000 r--p 00002000 08:20 30751                      /usr/lib/jvm/java-17-openjdk-amd64/bin/java
55ced4631000-55ced4632000 rw-p 00003000 08:20 30751                      /usr/lib/jvm/java-17-openjdk-amd64/bin/java
55ced5c52000-55ced5c99000 rw-p 00000000 00:00 0                          [heap]
7fcd20000000-7fcd20021000 rw-p 00000000 00:00 0 
7fcd20021000-7fcd24000000 ---p 00000000 00:00 0 
7fcd28000000-7fcd28021000 rw-p 00000000 00:00 0 
7fcd28021000-7fcd2c000000 ---p 00000000 00:00 0 
7fcd2c000000-7fcd2c021000 rw-p 00000000 00:00 0 
7fcd2c021000-7fcd30000000 ---p 00000000 00:00 0 
7fcd30000000-7fcd30059000 rw-p 00000000 00:00 0 
7fcd30059000-7fcd34000000 ---p 00000000 00:00 0 
7fcd34000000-7fcd34021000 rw-p 00000000 00:00 0 
7fcd34021000-7fcd38000000 ---p 00000000 00:00 0 
7fcd38000000-7fcd38021000 rw-p 00000000 00:00 0 
7fcd38021000-7fcd3c000000 ---p 00000000 00:00 0 
7fcd3c000000-7fcd3c065000 rw-p 00000000 00:00 0 
7fcd3c065000-7fcd40000000 ---p 00000000 00:00 0 
7fcd40000000-7fcd40021000 rw-p 00000000 00:00 0 
7fcd40021000-7fcd44000000 ---p 00000000 00:00 0 
7fcd45c3d000-7fcd45c41000 ---p 00000000 00:00 0 
7fcd45c41000-7fcd45d3e000 rw-p 00000000 00:00 0 
7fcd45d3e000-7fcd45d3f000 ---p 00000000 00:00 0 
7fcd45d3f000-7fcd45d43000 ---p 00000000 00:00 0 
7fcd45d43000-7fcd4653f000 rw-p 00000000 00:00 0 
7fcd4653f000-7fcd46540000 r--p 00000000 08:20 12396                      /usr/lib/x86_64-linux-gnu/libicudata.so.66.1
7fcd46540000-7fcd46541000 r-xp 00001000 08:20 12396                      /usr/lib/x86_64-linux-gnu/libicudata.so.66.1
7fcd46541000-7fcd47ffe000 r--p 00002000 08:20 12396                      /usr/lib/x86_64-linux-gnu/libicudata.so.66.1
7fcd47ffe000-7fcd47fff000 r--p 01abe000 08:20 12396                      /usr/lib/x86_64-linux-gnu/libicudata.so.66.1
7fcd47fff000-7fcd48000000 rw-p 01abf000 08:20 12396                      /usr/lib/x86_64-linux-gnu/libicudata.so.66.1
7fcd48000000-7fcd48021000 rw-p 00000000 00:00 0 
7fcd48021000-7fcd4c000000 ---p 00000000 00:00 0 
7fcd4c0ad000-7fcd4c0b8000 r--s 00000000 08:20 77655                      /var/cache/fontconfig/84762c1c-2fc0-404b-a810-f3f548fdf510-le64.cache-7
7fcd4c0b8000-7fcd4c0c4000 r--s 00000000 08:20 77653                      /var/cache/fontconfig/bd92ad68-a20f-4c9e-91f1-d583f6003007-le64.cache-7
7fcd4c0c4000-7fcd4c0cb000 r--s 00000000 08:20 47611                      /var/cache/fontconfig/8bcc50f9-b529-4508-9adb-45d6dae4988f-le64.cache-7
7fcd4c0cb000-7fcd4c0d7000 r--s 00000000 08:20 53679                      /var/cache/fontconfig/20ac4933-8590-4694-bbc6-a7c2e58941a0-le64.cache-7
7fcd4c0d7000-7fcd4c0e5000 r--s 00000000 08:20 77647                      /var/cache/fontconfig/79ff78d0-08f1-47b2-9aff-ac06d0aceca6-le64.cache-7
7fcd4c0e5000-7fcd4c0e6000 ---p 00000000 00:00 0 
7fcd4c0e6000-7fcd4c1e6000 rw-p 00000000 00:00 0 
7fcd4c1e6000-7fcd4c1e7000 ---p 00000000 00:00 0 
7fcd4c1e7000-7fcd4c2e7000 rw-p 00000000 00:00 0 
7fcd4c2e7000-7fcd4c2e8000 ---p 00000000 00:00 0 
7fcd4c2e8000-7fcd4c3e8000 rw-p 00000000 00:00 0 
7fcd4c3e8000-7fcd4c3e9000 ---p 00000000 00:00 0 
7fcd4c3e9000-7fcd4c3ed000 ---p 00000000 00:00 0 
7fcd4c3ed000-7fcd4cbe9000 rw-p 00000000 00:00 0 
7fcd4cbe9000-7fcd4cbed000 ---p 00000000 00:00 0 
7fcd4cbed000-7fcd4ccea000 rw-p 00000000 00:00 0 
7fcd4ccea000-7fcd4cceb000 ---p 00000000 00:00 0 
7fcd4cceb000-7fcd4ccef000 ---p 00000000 00:00 0 
7fcd4ccef000-7fcd4d4eb000 rw-p 00000000 00:00 0 
7fcd4d4eb000-7fcd4d4ef000 r--p 00000000 08:20 45902                      /usr/lib/x86_64-linux-gnu/libk5crypto.so.3.1
7fcd4d4ef000-7fcd4d50b000 r-xp 00004000 08:20 45902                      /usr/lib/x86_64-linux-gnu/libk5crypto.so.3.1
7fcd4d50b000-7fcd4d518000 r--p 00020000 08:20 45902                      /usr/lib/x86_64-linux-gnu/libk5crypto.so.3.1
7fcd4d518000-7fcd4d519000 ---p 0002d000 08:20 45902                      /usr/lib/x86_64-linux-gnu/libk5crypto.so.3.1
7fcd4d519000-7fcd4d51a000 r--p 0002d000 08:20 45902                      /usr/lib/x86_64-linux-gnu/libk5crypto.so.3.1
7fcd4d51a000-7fcd4d51b000 rw-p 0002e000 08:20 45902                      /usr/lib/x86_64-linux-gnu/libk5crypto.so.3.1
7fcd4d51b000-7fcd4d51c000 rw-p 00000000 00:00 0 
7fcd4d51c000-7fcd4d53e000 r--p 00000000 08:20 45890                      /usr/lib/x86_64-linux-gnu/libkrb5.so.3.3
7fcd4d53e000-7fcd4d59f000 r-xp 00022000 08:20 45890                      /usr/lib/x86_64-linux-gnu/libkrb5.so.3.3
7fcd4d59f000-7fcd4d5e8000 r--p 00083000 08:20 45890                      /usr/lib/x86_64-linux-gnu/libkrb5.so.3.3
7fcd4d5e8000-7fcd4d5e9000 ---p 000cc000 08:20 45890                      /usr/lib/x86_64-linux-gnu/libkrb5.so.3.3
7fcd4d5e9000-7fcd4d5f7000 r--p 000cc000 08:20 45890                      /usr/lib/x86_64-linux-gnu/libkrb5.so.3.3
7fcd4d5f7000-7fcd4d5f9000 rw-p 000da000 08:20 45890                      /usr/lib/x86_64-linux-gnu/libkrb5.so.3.3
7fcd4d5f9000-7fcd4d602000 r--p 00000000 08:20 9457                       /usr/lib/x86_64-linux-gnu/libgomp.so.1.0.0
7fcd4d602000-7fcd4d62d000 r-xp 00009000 08:20 9457                       /usr/lib/x86_64-linux-gnu/libgomp.so.1.0.0
7fcd4d62d000-7fcd4d639000 r--p 00034000 08:20 9457                       /usr/lib/x86_64-linux-gnu/libgomp.so.1.0.0
7fcd4d639000-7fcd4d63a000 r--p 0003f000 08:20 9457                       /usr/lib/x86_64-linux-gnu/libgomp.so.1.0.0
7fcd4d63a000-7fcd4d63b000 rw-p 00040000 08:20 9457                       /usr/lib/x86_64-linux-gnu/libgomp.so.1.0.0
7fcd4d63b000-7fcd4d647000 r--p 00000000 08:20 12334                      /usr/lib/x86_64-linux-gnu/libgcrypt.so.20.2.5
7fcd4d647000-7fcd4d715000 r-xp 0000c000 08:20 12334                      /usr/lib/x86_64-linux-gnu/libgcrypt.so.20.2.5
7fcd4d715000-7fcd4d752000 r--p 000da000 08:20 12334                      /usr/lib/x86_64-linux-gnu/libgcrypt.so.20.2.5
7fcd4d752000-7fcd4d754000 r--p 00116000 08:20 12334                      /usr/lib/x86_64-linux-gnu/libgcrypt.so.20.2.5
7fcd4d754000-7fcd4d759000 rw-p 00118000 08:20 12334                      /usr/lib/x86_64-linux-gnu/libgcrypt.so.20.2.5
7fcd4d759000-7fcd4d763000 r--p 00000000 08:20 21984                      /usr/lib/x86_64-linux-gnu/libgmp.so.10.4.0
7fcd4d763000-7fcd4d7c3000 r-xp 0000a000 08:20 21984                      /usr/lib/x86_64-linux-gnu/libgmp.so.10.4.0
7fcd4d7c3000-7fcd4d7da000 r--p 0006a000 08:20 21984                      /usr/lib/x86_64-linux-gnu/libgmp.so.10.4.0
7fcd4d7da000-7fcd4d7db000 ---p 00081000 08:20 21984                      /usr/lib/x86_64-linux-gnu/libgmp.so.10.4.0
7fcd4d7db000-7fcd4d7dc000 r--p 00081000 08:20 21984                      /usr/lib/x86_64-linux-gnu/libgmp.so.10.4.0
7fcd4d7dc000-7fcd4d7dd000 rw-p 00082000 08:20 21984                      /usr/lib/x86_64-linux-gnu/libgmp.so.10.4.0
7fcd4d7dd000-7fcd4d7e7000 r--p 00000000 08:20 70672                      /usr/lib/x86_64-linux-gnu/libcodec2.so.0.9
7fcd4d7e7000-7fcd4d821000 r-xp 0000a000 08:20 70672                      /usr/lib/x86_64-linux-gnu/libcodec2.so.0.9
7fcd4d821000-7fcd4d832000 r--p 00044000 08:20 70672                      /usr/lib/x86_64-linux-gnu/libcodec2.so.0.9
7fcd4d832000-7fcd4d833000 ---p 00055000 08:20 70672                      /usr/lib/x86_64-linux-gnu/libcodec2.so.0.9
7fcd4d833000-7fcd4d834000 r--p 00055000 08:20 70672                      /usr/lib/x86_64-linux-gnu/libcodec2.so.0.9
7fcd4d834000-7fcd4e5ba000 rw-p 00056000 08:20 70672                      /usr/lib/x86_64-linux-gnu/libcodec2.so.0.9
7fcd4e5ba000-7fcd4e5c1000 rw-p 00000000 00:00 0 
7fcd4e5c1000-7fcd4e5c4000 r--p 00000000 08:20 12526                      /usr/lib/x86_64-linux-gnu/libnuma.so.1.0.0
7fcd4e5c4000-7fcd4e5c9000 r-xp 00003000 08:20 12526                      /usr/lib/x86_64-linux-gnu/libnuma.so.1.0.0
7fcd4e5c9000-7fcd4e5cb000 r--p 00008000 08:20 12526                      /usr/lib/x86_64-linux-gnu/libnuma.so.1.0.0
7fcd4e5cb000-7fcd4e5cc000 ---p 0000a000 08:20 12526                      /usr/lib/x86_64-linux-gnu/libnuma.so.1.0.0
7fcd4e5cc000-7fcd4e5cd000 r--p 0000a000 08:20 12526                      /usr/lib/x86_64-linux-gnu/libnuma.so.1.0.0
7fcd4e5cd000-7fcd4e5ce000 rw-p 0000b000 08:20 12526                      /usr/lib/x86_64-linux-gnu/libnuma.so.1.0.0
7fcd4e5d2000-7fcd4e5d4000 r--p 00000000 08:20 20485                      /usr/lib/x86_64-linux-gnu/libkeyutils.so.1.8
7fcd4e5d4000-7fcd4e5d6000 r-xp 00002000 08:20 20485                      /usr/lib/x86_64-linux-gnu/libkeyutils.so.1.8
7fcd4e5d6000-7fcd4e5d7000 r--p 00004000 08:20 20485                      /usr/lib/x86_64-linux-gnu/libkeyutils.so.1.8
7fcd4e5d7000-7fcd4e5d8000 r--p 00004000 08:20 20485                      /usr/lib/x86_64-linux-gnu/libkeyutils.so.1.8
7fcd4e5d8000-7fcd4e5d9000 rw-p 00005000 08:20 20485                      /usr/lib/x86_64-linux-gnu/libkeyutils.so.1.8
7fcd4e5d9000-7fcd4e5e4000 r--p 00000000 08:20 45886                      /usr/lib/x86_64-linux-gnu/libgssapi_krb5.so.2.2
7fcd4e5e4000-7fcd4e616000 r-xp 0000b000 08:20 45886                      /usr/lib/x86_64-linux-gnu/libgssapi_krb5.so.2.2
7fcd4e616000-7fcd4e622000 r--p 0003d000 08:20 45886                      /usr/lib/x86_64-linux-gnu/libgssapi_krb5.so.2.2
7fcd4e622000-7fcd4e624000 r--p 00048000 08:20 45886                      /usr/lib/x86_64-linux-gnu/libgssapi_krb5.so.2.2
7fcd4e624000-7fcd4e626000 rw-p 0004a000 08:20 45886                      /usr/lib/x86_64-linux-gnu/libgssapi_krb5.so.2.2
7fcd4e626000-7fcd4e62a000 r--p 00000000 08:20 12356                      /usr/lib/x86_64-linux-gnu/libgpg-error.so.0.28.0
7fcd4e62a000-7fcd4e63d000 r-xp 00004000 08:20 12356                      /usr/lib/x86_64-linux-gnu/libgpg-error.so.0.28.0
7fcd4e63d000-7fcd4e647000 r--p 00017000 08:20 12356                      /usr/lib/x86_64-linux-gnu/libgpg-error.so.0.28.0
7fcd4e647000-7fcd4e648000 r--p 00020000 08:20 12356                      /usr/lib/x86_64-linux-gnu/libgpg-error.so.0.28.0
7fcd4e648000-7fcd4e649000 rw-p 00021000 08:20 12356                      /usr/lib/x86_64-linux-gnu/libgpg-error.so.0.28.0
7fcd4e649000-7fcd4e650000 r--p 00000000 08:20 12392                      /usr/lib/x86_64-linux-gnu/libhogweed.so.5.0
7fcd4e650000-7fcd4e660000 r-xp 00007000 08:20 12392                      /usr/lib/x86_64-linux-gnu/libhogweed.so.5.0
7fcd4e660000-7fcd4e67e000 r--p 00017000 08:20 12392                      /usr/lib/x86_64-linux-gnu/libhogweed.so.5.0
7fcd4e67e000-7fcd4e67f000 r--p 00034000 08:20 12392                      /usr/lib/x86_64-linux-gnu/libhogweed.so.5.0
7fcd4e67f000-7fcd4e680000 rw-p 00035000 08:20 12392                      /usr/lib/x86_64-linux-gnu/libhogweed.so.5.0
7fcd4e680000-7fcd4e690000 r--p 00000000 08:20 12680                      /usr/lib/x86_64-linux-gnu/libunistring.so.2.1.0
7fcd4e690000-7fcd4e6c6000 r-xp 00010000 08:20 12680                      /usr/lib/x86_64-linux-gnu/libunistring.so.2.1.0
7fcd4e6c6000-7fcd4e7fd000 r--p 00046000 08:20 12680                      /usr/lib/x86_64-linux-gnu/libunistring.so.2.1.0
7fcd4e7fd000-7fcd4e7fe000 ---p 0017d000 08:20 12680                      /usr/lib/x86_64-linux-gnu/libunistring.so.2.1.0
7fcd4e7fe000-7fcd4e801000 r--p 0017d000 08:20 12680                      /usr/lib/x86_64-linux-gnu/libunistring.so.2.1.0
7fcd4e801000-7fcd4e802000 rw-p 00180000 08:20 12680                      /usr/lib/x86_64-linux-gnu/libunistring.so.2.1.0
7fcd4e802000-7fcd4e82d000 r--p 00000000 08:20 12530                      /usr/lib/x86_64-linux-gnu/libp11-kit.so.0.3.0
7fcd4e82d000-7fcd4e8c7000 r-xp 0002b000 08:20 12530                      /usr/lib/x86_64-linux-gnu/libp11-kit.so.0.3.0
7fcd4e8c7000-7fcd4e923000 r--p 000c5000 08:20 12530                      /usr/lib/x86_64-linux-gnu/libp11-kit.so.0.3.0
7fcd4e923000-7fcd4e92e000 r--p 00120000 08:20 12530                      /usr/lib/x86_64-linux-gnu/libp11-kit.so.0.3.0
7fcd4e92e000-7fcd4e938000 rw-p 0012b000 08:20 12530                      /usr/lib/x86_64-linux-gnu/libp11-kit.so.0.3.0
7fcd4e938000-7fcd4e99d000 r--p 00000000 08:20 12406                      /usr/lib/x86_64-linux-gnu/libicuuc.so.66.1
7fcd4e99d000-7fcd4ea82000 r-xp 00065000 08:20 12406                      /usr/lib/x86_64-linux-gnu/libicuuc.so.66.1
7fcd4ea82000-7fcd4eb08000 r--p 0014a000 08:20 12406                      /usr/lib/x86_64-linux-gnu/libicuuc.so.66.1
7fcd4eb08000-7fcd4eb09000 ---p 001d0000 08:20 12406                      /usr/lib/x86_64-linux-gnu/libicuuc.so.66.1
7fcd4eb09000-7fcd4eb1b000 r--p 001d0000 08:20 12406                      /usr/lib/x86_64-linux-gnu/libicuuc.so.66.1
7fcd4eb1b000-7fcd4eb1c000 rw-p 001e2000 08:20 12406                      /usr/lib/x86_64-linux-gnu/libicuuc.so.66.1
7fcd4eb1c000-7fcd4eb1e000 rw-p 00000000 00:00 0 
7fcd4eb1e000-7fcd4eb5e000 r--p 00000000 08:20 71337                      /usr/lib/x86_64-linux-gnu/libx265.so.179
7fcd4eb5e000-7fcd4f9f6000 r-xp 00040000 08:20 71337                      /usr/lib/x86_64-linux-gnu/libx265.so.179
7fcd4f9f6000-7fcd4fa76000 r--p 00ed8000 08:20 71337                      /usr/lib/x86_64-linux-gnu/libx265.so.179
7fcd4fa76000-7fcd4fa79000 r--p 00f57000 08:20 71337                      /usr/lib/x86_64-linux-gnu/libx265.so.179
7fcd4fa79000-7fcd4fa7c000 rw-p 00f5a000 08:20 71337                      /usr/lib/x86_64-linux-gnu/libx265.so.179
7fcd4fa7c000-7fcd4fa8c000 rw-p 00000000 00:00 0 
7fcd4fa8e000-7fcd4fa91000 r--p 00000000 08:20 26225                      /usr/lib/x86_64-linux-gnu/libkrb5support.so.0.1
7fcd4fa91000-7fcd4fa98000 r-xp 00003000 08:20 26225                      /usr/lib/x86_64-linux-gnu/libkrb5support.so.0.1
7fcd4fa98000-7fcd4fa9b000 r--p 0000a000 08:20 26225                      /usr/lib/x86_64-linux-gnu/libkrb5support.so.0.1
7fcd4fa9b000-7fcd4fa9c000 r--p 0000c000 08:20 26225                      /usr/lib/x86_64-linux-gnu/libkrb5support.so.0.1
7fcd4fa9c000-7fcd4fa9d000 rw-p 0000d000 08:20 26225                      /usr/lib/x86_64-linux-gnu/libkrb5support.so.0.1
7fcd4fa9d000-7fcd4faa6000 r--p 00000000 08:20 12492                      /usr/lib/x86_64-linux-gnu/libnettle.so.7.0
7fcd4faa6000-7fcd4fac4000 r-xp 00009000 08:20 12492                      /usr/lib/x86_64-linux-gnu/libnettle.so.7.0
7fcd4fac4000-7fcd4fad4000 r--p 00027000 08:20 12492                      /usr/lib/x86_64-linux-gnu/libnettle.so.7.0
7fcd4fad4000-7fcd4fad6000 r--p 00036000 08:20 12492                      /usr/lib/x86_64-linux-gnu/libnettle.so.7.0
7fcd4fad6000-7fcd4fad7000 rw-p 00038000 08:20 12492